#
# There is insufficient memory for the Java Runtime Environment to continue.
# Native memory allocation (mmap) failed to map 67108864 bytes for G1 virtual space
# Possible reasons:
#   The system is out of physical RAM or swap space
#   The process is running with CompressedOops enabled, and the Java Heap may be blocking the growth of the native heap
# Possible solutions:
#   Reduce memory load on the system
#   Increase physical memory or swap space
#   Check if swap backing store is full
#   Decrease Java heap size (-Xmx/-Xms)
#   Decrease number of Java threads
#   Decrease Java thread stack sizes (-Xss)
#   Set larger code cache with -XX:ReservedCodeCacheSize=
#   JVM is running with Unscaled Compressed Oops mode in which the Java heap is
#     placed in the first 4GB address space. The Java Heap base address is the
#     maximum limit for the native heap growth. Please use -XX:HeapBaseMinAddress
#     to set the Java Heap base and to place the Java Heap above 4GB virtual address.
# This output file may be truncated or incomplete.
#
#  Out of Memory Error (os_windows.cpp:3613), pid=21088, tid=14676
#
# JRE version:  (17.0.10+7) (build )
# Java VM: OpenJDK 64-Bit Server VM (17.0.10+7-LTS, mixed mode, sharing, tiered, compressed oops, compressed class ptrs, g1 gc, windows-amd64)
# No core dump will be written. Minidumps are not enabled by default on client versions of Windows
#

---------------  S U M M A R Y ------------

Command Line: -Xmx64m -Xms64m -Dorg.gradle.appname=gradlew org.gradle.wrapper.GradleWrapperMain app:installDebug -PreactNativeDevServerPort=8081

Host: Intel(R) Core(TM) i7-8550U CPU @ 1.80GHz, 8 cores, 11G,  Windows 11 , 64 bit Build 22621 (10.0.22621.3374)
Time: Wed May 22 19:02:19 2024 Pakistan Standard Time elapsed time: 0.016732 seconds (0d 0h 0m 0s)

---------------  T H R E A D  ---------------

Current thread (0x000001bd7c137080):  JavaThread "Unknown thread" [_thread_in_vm, id=14676, stack(0x00000010e7700000,0x00000010e7800000)]

Stack: [0x00000010e7700000,0x00000010e7800000]
Native frames: (J=compiled Java code, j=interpreted, Vv=VM code, C=native code)
V  [jvm.dll+0x67f829]
V  [jvm.dll+0x83750a]
V  [jvm.dll+0x838fce]
V  [jvm.dll+0x839633]
V  [jvm.dll+0x247cbf]
V  [jvm.dll+0x67c669]
V  [jvm.dll+0x6710da]
V  [jvm.dll+0x309b8b]
V  [jvm.dll+0x311036]
V  [jvm.dll+0x360d5e]
V  [jvm.dll+0x360f8f]
V  [jvm.dll+0x2e0798]
V  [jvm.dll+0x2e1704]
V  [jvm.dll+0x808d91]
V  [jvm.dll+0x36ec11]
V  [jvm.dll+0x7e7826]
V  [jvm.dll+0x3f245f]
V  [jvm.dll+0x3f4091]
C  [jli.dll+0x528f]
C  [ucrtbase.dll+0x29333]
C  [KERNEL32.DLL+0x1257d]
C  [ntdll.dll+0x5aa48]


---------------  P R O C E S S  ---------------

Threads class SMR info:
_java_thread_list=0x00007ffe59ea1ed8, length=0, elements={
}

Java Threads: ( => current thread )

Other Threads:
  0x000001bd7c1560a0 GCTaskThread "GC Thread#0" [stack: 0x00000010e7800000,0x00000010e7900000] [id=9212]
  0x000001bd7c157700 ConcurrentGCThread "G1 Main Marker" [stack: 0x00000010e7900000,0x00000010e7a00000] [id=6724]
  0x000001bd7c158030 ConcurrentGCThread "G1 Conc#0" [stack: 0x00000010e7a00000,0x00000010e7b00000] [id=17652]

[error occurred during error reporting (printing all threads), id 0xc0000005, EXCEPTION_ACCESS_VIOLATION (0xc0000005) at pc=0x00007ffe596611d7]

VM state: not at safepoint (not fully initialized)

VM Mutex/Monitor currently owned by a thread:  ([mutex/lock_event])
[0x000001bd7c132e60] Heap_lock - owner thread: 0x000001bd7c137080

Heap address: 0x00000000fc000000, size: 64 MB, Compressed Oops mode: 32-bit

CDS archive(s) mapped at: [0x0000000000000000-0x0000000000000000-0x0000000000000000), size 0, SharedBaseAddress: 0x0000000800000000, ArchiveRelocationMode: 1.
Narrow klass base: 0x0000000000000000, Narrow klass shift: 0, Narrow klass range: 0x0

GC Precious Log:
<Empty>

Heap:
 garbage-first heap   total 0K, used 0K [0x00000000fc000000, 0x0000000100000000)
  region size 1024K, 0 young (0K), 0 survivors (0K)

[error occurred during error reporting (printing heap information), id 0xc0000005, EXCEPTION_ACCESS_VIOLATION (0xc0000005) at pc=0x00007ffe59a49869]

GC Heap History (0 events):
No events

Dll operation events (1 events):
Event: 0.012 Loaded shared library C:\Program Files\Microsoft\jdk-17.0.10.7-hotspot\bin\java.dll

Deoptimization events (0 events):
No events

Classes unloaded (0 events):
No events

Classes redefined (0 events):
No events

Internal exceptions (0 events):
No events

VM Operations (0 events):
No events

Events (0 events):
No events


Dynamic libraries:
0x00007ff640a80000 - 0x00007ff640a8e000 	C:\Program Files\Microsoft\jdk-17.0.10.7-hotspot\bin\java.exe
0x00007ffeacbb0000 - 0x00007ffeacdc6000 	C:\WINDOWS\SYSTEM32\ntdll.dll
0x00007ffeaa940000 - 0x00007ffeaaa04000 	C:\WINDOWS\System32\KERNEL32.DLL
0x00007ffeaa020000 - 0x00007ffeaa3c7000 	C:\WINDOWS\System32\KERNELBASE.dll
0x00007ffea9f00000 - 0x00007ffeaa011000 	C:\WINDOWS\System32\ucrtbase.dll
0x00007ffea49a0000 - 0x00007ffea49bb000 	C:\Program Files\Microsoft\jdk-17.0.10.7-hotspot\bin\VCRUNTIME140.dll
0x00007ffea4b00000 - 0x00007ffea4b17000 	C:\Program Files\Microsoft\jdk-17.0.10.7-hotspot\bin\jli.dll
0x00007ffeaac70000 - 0x00007ffeaae1e000 	C:\WINDOWS\System32\USER32.dll
0x00007ffeaa3d0000 - 0x00007ffeaa3f6000 	C:\WINDOWS\System32\win32u.dll
0x00007ffe95bc0000 - 0x00007ffe95e53000 	C:\WINDOWS\WinSxS\amd64_microsoft.windows.common-controls_6595b64144ccf1df_6.0.22621.3235_none_270f74e173860f98\COMCTL32.dll
0x00007ffeaaa10000 - 0x00007ffeaaab7000 	C:\WINDOWS\System32\msvcrt.dll
0x00007ffeaaac0000 - 0x00007ffeaaae9000 	C:\WINDOWS\System32\GDI32.dll
0x00007ffeaa400000 - 0x00007ffeaa519000 	C:\WINDOWS\System32\gdi32full.dll
0x00007ffeaa520000 - 0x00007ffeaa5ba000 	C:\WINDOWS\System32\msvcp_win.dll
0x00007ffeab6c0000 - 0x00007ffeab6f1000 	C:\WINDOWS\System32\IMM32.DLL
0x00007ffea4e00000 - 0x00007ffea4e0c000 	C:\Program Files\Microsoft\jdk-17.0.10.7-hotspot\bin\vcruntime140_1.dll
0x00007ffe7fbb0000 - 0x00007ffe7fc3d000 	C:\Program Files\Microsoft\jdk-17.0.10.7-hotspot\bin\msvcp140.dll
0x00007ffe59370000 - 0x00007ffe59fd5000 	C:\Program Files\Microsoft\jdk-17.0.10.7-hotspot\bin\server\jvm.dll
0x00007ffeaabb0000 - 0x00007ffeaac62000 	C:\WINDOWS\System32\ADVAPI32.dll
0x00007ffeaaaf0000 - 0x00007ffeaab98000 	C:\WINDOWS\System32\sechost.dll
0x00007ffea9ed0000 - 0x00007ffea9ef8000 	C:\WINDOWS\System32\bcrypt.dll
0x00007ffeabdc0000 - 0x00007ffeabed5000 	C:\WINDOWS\System32\RPCRT4.dll
0x00007ffea9da0000 - 0x00007ffea9ded000 	C:\WINDOWS\SYSTEM32\POWRPROF.dll
0x00007ffe95610000 - 0x00007ffe95619000 	C:\WINDOWS\SYSTEM32\WSOCK32.dll
0x00007ffea3dc0000 - 0x00007ffea3df4000 	C:\WINDOWS\SYSTEM32\WINMM.dll
0x00007ffeaaea0000 - 0x00007ffeaaf11000 	C:\WINDOWS\System32\WS2_32.dll
0x00007ffe9e820000 - 0x00007ffe9e82a000 	C:\WINDOWS\SYSTEM32\VERSION.dll
0x00007ffea9cd0000 - 0x00007ffea9ce3000 	C:\WINDOWS\SYSTEM32\UMPDC.dll
0x00007ffea8f10000 - 0x00007ffea8f28000 	C:\WINDOWS\SYSTEM32\kernel.appcore.dll
0x00007ffea4840000 - 0x00007ffea484a000 	C:\Program Files\Microsoft\jdk-17.0.10.7-hotspot\bin\jimage.dll
0x00007ffe984c0000 - 0x00007ffe986f3000 	C:\WINDOWS\SYSTEM32\DBGHELP.DLL
0x00007ffeab230000 - 0x00007ffeab5b8000 	C:\WINDOWS\System32\combase.dll
0x00007ffeab140000 - 0x00007ffeab217000 	C:\WINDOWS\System32\OLEAUT32.dll
0x00007ffe944a0000 - 0x00007ffe944d2000 	C:\WINDOWS\SYSTEM32\dbgcore.DLL
0x00007ffeaa7f0000 - 0x00007ffeaa869000 	C:\WINDOWS\System32\bcryptPrimitives.dll
0x00007ffe98740000 - 0x00007ffe98765000 	C:\Program Files\Microsoft\jdk-17.0.10.7-hotspot\bin\java.dll

dbghelp: loaded successfully - version: 4.0.5 - missing functions: none
symbol engine: initialized successfully - sym options: 0x614 - pdb path: .;C:\Program Files\Microsoft\jdk-17.0.10.7-hotspot\bin;C:\WINDOWS\SYSTEM32;C:\WINDOWS\WinSxS\amd64_microsoft.windows.common-controls_6595b64144ccf1df_6.0.22621.3235_none_270f74e173860f98;C:\Program Files\Microsoft\jdk-17.0.10.7-hotspot\bin\server

VM Arguments:
jvm_args: -Xmx64m -Xms64m -Dorg.gradle.appname=gradlew 
java_command: org.gradle.wrapper.GradleWrapperMain app:installDebug -PreactNativeDevServerPort=8081
java_class_path (initial): M:\React Practice\School Management\SchoolManagement\android\\gradle\wrapper\gradle-wrapper.jar
Launcher Type: SUN_STANDARD

[Global flags]
     intx CICompilerCount                          = 4                                         {product} {ergonomic}
     uint ConcGCThreads                            = 2                                         {product} {ergonomic}
     uint G1ConcRefinementThreads                  = 8                                         {product} {ergonomic}
   size_t G1HeapRegionSize                         = 1048576                                   {product} {ergonomic}
    uintx GCDrainStackTargetSize                   = 64                                        {product} {ergonomic}
   size_t InitialHeapSize                          = 67108864                                  {product} {command line}
   size_t MarkStackSize                            = 4194304                                   {product} {ergonomic}
   size_t MaxHeapSize                              = 67108864                                  {product} {command line}
   size_t MinHeapDeltaBytes                        = 1048576                                   {product} {ergonomic}
   size_t MinHeapSize                              = 67108864                                  {product} {command line}
    uintx NonNMethodCodeHeapSize                   = 5839372                                {pd product} {ergonomic}
    uintx NonProfiledCodeHeapSize                  = 122909434                              {pd product} {ergonomic}
    uintx ProfiledCodeHeapSize                     = 122909434                              {pd product} {ergonomic}
    uintx ReservedCodeCacheSize                    = 251658240                              {pd product} {ergonomic}
     bool SegmentedCodeCache                       = true                                      {product} {ergonomic}
   size_t SoftMaxHeapSize                          = 67108864                               {manageable} {ergonomic}
     bool UseCompressedClassPointers               = true                           {product lp64_product} {ergonomic}
     bool UseCompressedOops                        = true                           {product lp64_product} {ergonomic}
     bool UseG1GC                                  = true                                      {product} {ergonomic}
     bool UseLargePagesIndividualAllocation        = false                                  {pd product} {ergonomic}

Logging:
Log output configuration:
 #0: stdout all=warning uptime,level,tags
 #1: stderr all=off uptime,level,tags

Environment Variables:
JAVA_HOME=C:\Program Files\Microsoft\jdk-17.0.10.7-hotspot\
CLASSPATH=M:\React Practice\School Management\SchoolManagement\android\\gradle\wrapper\gradle-wrapper.jar
PATH=M:\React Practice\School Management\SchoolManagement\node_modules\.bin;M:\React Practice\School Management\node_modules\.bin;M:\React Practice\node_modules\.bin;M:\node_modules\.bin;C:\Program Files\nodejs\node_modules\npm\node_modules\@npmcli\run-script\lib\node-gyp-bin;C:\Users\Muhammad Saad\bin;C:\Program Files\Git\mingw64\bin;C:\Program Files\Git\usr\local\bin;C:\Program Files\Git\usr\bin;C:\Program Files\Git\usr\bin;C:\Program Files\Git\mingw64\bin;C:\Program Files\Git\usr\bin;C:\Users\Muhammad Saad\bin;C:\Program Files\Microsoft\jdk-17.0.10.7-hotspot\bin;C:\Program Files\Common Files\Oracle\Java\javapath;C:\WINDOWS\system32;C:\WINDOWS;C:\WINDOWS\System32\Wbem;C:\WINDOWS\System32\WindowsPowerShell\v1.0;C:\WINDOWS\System32\OpenSSH;C:\Program Files\MongoDB\Server\6.0\bin;C:\Program Files\Java\jdk-20\bin;C:\Program Files\Common Files\Oracle\Java\javapath;C:\Program Files\Git\cmd;C:\Users\Muhammad Saad\AppData\Local\Packages\PythonSoftwareFoundation.Python.3.11_qbz5n2kfra8p0\LocalCache\local-packages\Python311\Scripts;C:\xampp\php;C:\ProgramData\ComposerSetup\bin;C:\ProgramData\chocolatey\bin;C:\Users\Muhammad Saad\AppData\Local\Android\Sdk\platform-tools;C:\Program Files\nodejs;C:\Program Files\MySQL\MySQL Shell 8.0\bin;C:\Users\Muhammad Saad\AppData\Local\Microsoft\WindowsApps;C:\Users\Muhammad Saad\AppData\Local\Programs\Microsoft VS Code\bin;C:\Program Files\apache-maven-3.9.2\bin;C:\Program Files\heroku\bin;C:\Users\Muhammad Saad\AppData\Roaming\Composer\vendor\bin;C:\Users\Muhammad Saad\AppData\Roaming\npm;C:\Program Files\Git\usr\bin\vendor_perl;C:\Program Files\Git\usr\bin\core_perl
USERNAME=Muhammad Saad
SHELL=C:\Program Files\Git\usr\bin\bash.exe
DISPLAY=needs-to-be-defined
LANG=en_US.UTF-8
TERM=xterm-256color
TMPDIR=C:\Users\MUHAMM~1\AppData\Local\Temp
OS=Windows_NT
PROCESSOR_IDENTIFIER=Intel64 Family 6 Model 142 Stepping 10, GenuineIntel
TMP=C:\Users\MUHAMM~1\AppData\Local\Temp
TEMP=C:\Users\MUHAMM~1\AppData\Local\Temp



Periodic native trim disabled


---------------  S Y S T E M  ---------------

OS:
 Windows 11 , 64 bit Build 22621 (10.0.22621.3374)
OS uptime: 13 days 18:34 hours
Hyper-V role detected

CPU: total 8 (initial active 8) (4 cores per cpu, 2 threads per core) family 6 model 142 stepping 10 microcode 0xe0, cx8, cmov, fxsr, ht, mmx, 3dnowpref, sse, sse2, sse3, ssse3, sse4.1, sse4.2, popcnt, lzcnt, tsc, tscinvbit, avx, avx2, aes, erms, clmul, bmi1, bmi2, adx, fma, vzeroupper, clflush, clflushopt, hv
Processor Information for all 8 processors :
  Max Mhz: 2001, Current Mhz: 2001, Mhz Limit: 2001

Memory: 4k page, system-wide physical 11969M (1432M free)
TotalPageFile size 15911M (AvailPageFile size 36M)
current process WorkingSet (physical memory assigned to process): 11M, peak: 11M
current process commit charge ("private bytes"): 59M, peak: 123M

vm_info: OpenJDK 64-Bit Server VM (17.0.10+7-LTS) for windows-amd64 JRE (17.0.10+7-LTS), built on Jan 10 2024 19:47:12 by "MicrosoftCorporation" with MS VC++ 16.10 / 16.11 (VS2019)

END.
