#
# There is insufficient memory for the Java Runtime Environment to continue.
# Native memory allocation (malloc) failed to allocate 2383232 bytes for Chunk::new
# Possible reasons:
#   The system is out of physical RAM or swap space
#   The process is running with CompressedOops enabled, and the Java Heap may be blocking the growth of the native heap
# Possible solutions:
#   Reduce memory load on the system
#   Increase physical memory or swap space
#   Check if swap backing store is full
#   Decrease Java heap size (-Xmx/-Xms)
#   Decrease number of Java threads
#   Decrease Java thread stack sizes (-Xss)
#   Set larger code cache with -XX:ReservedCodeCacheSize=
#   JVM is running with Unscaled Compressed Oops mode in which the Java heap is
#     placed in the first 4GB address space. The Java Heap base address is the
#     maximum limit for the native heap growth. Please use -XX:HeapBaseMinAddress
#     to set the Java Heap base and to place the Java Heap above 4GB virtual address.
# This output file may be truncated or incomplete.
#
#  Out of Memory Error (arena.cpp:191), pid=1388, tid=17964
#
# JRE version: OpenJDK Runtime Environment Microsoft-8902769 (17.0.10+7) (build 17.0.10+7-LTS)
# Java VM: OpenJDK 64-Bit Server VM Microsoft-8902769 (17.0.10+7-LTS, mixed mode, sharing, tiered, compressed oops, compressed class ptrs, g1 gc, windows-amd64)
# No core dump will be written. Minidumps are not enabled by default on client versions of Windows
#

---------------  S U M M A R Y ------------

Command Line: -XX:MaxMetaspaceSize=512m --add-opens=java.base/java.util=ALL-UNNAMED --add-opens=java.base/java.lang=ALL-UNNAMED --add-opens=java.base/java.lang.invoke=ALL-UNNAMED --add-opens=java.prefs/java.util.prefs=ALL-UNNAMED --add-opens=java.base/java.nio.charset=ALL-UNNAMED --add-opens=java.base/java.net=ALL-UNNAMED --add-opens=java.base/java.util.concurrent.atomic=ALL-UNNAMED -Xmx2048m -Dfile.encoding=windows-1252 -Duser.country=US -Duser.language=en -Duser.variant -javaagent:C:\Users\Muhammad Saad\.gradle\wrapper\dists\gradle-8.6-all\3mbtmo166bl6vumsh5k2lkq5h\gradle-8.6\lib\agents\gradle-instrumentation-agent-8.6.jar org.gradle.launcher.daemon.bootstrap.GradleDaemon 8.6

Host: Intel(R) Core(TM) i7-8550U CPU @ 1.80GHz, 8 cores, 11G,  Windows 11 , 64 bit Build 22621 (10.0.22621.3374)
Time: Wed May 22 19:04:50 2024 Pakistan Standard Time elapsed time: 45.856667 seconds (0d 0h 0m 45s)

---------------  T H R E A D  ---------------

Current thread (0x0000018fba9f54b0):  JavaThread "C2 CompilerThread1" daemon [_thread_in_native, id=17964, stack(0x0000002339f00000,0x000000233a000000)]


Current CompileTask:
C2:  45856 10083   !   4       java.io.ObjectOutputStream::writeObject0 (620 bytes)

Stack: [0x0000002339f00000,0x000000233a000000]
Native frames: (J=compiled Java code, j=interpreted, Vv=VM code, C=native code)
V  [jvm.dll+0x67f829]
V  [jvm.dll+0x83750a]
V  [jvm.dll+0x838fce]
V  [jvm.dll+0x839633]
V  [jvm.dll+0x247cbf]
V  [jvm.dll+0xac524]
V  [jvm.dll+0xacb6c]
V  [jvm.dll+0x368cf7]
V  [jvm.dll+0x33311a]
V  [jvm.dll+0x3325ba]
V  [jvm.dll+0x21a401]
V  [jvm.dll+0x219821]
V  [jvm.dll+0x1a5176]
V  [jvm.dll+0x22957e]
V  [jvm.dll+0x22774c]
V  [jvm.dll+0x7ec5d7]
V  [jvm.dll+0x7e69da]
V  [jvm.dll+0x67e715]
C  [ucrtbase.dll+0x29333]
C  [KERNEL32.DLL+0x1257d]
C  [ntdll.dll+0x5aa48]


---------------  P R O C E S S  ---------------

Threads class SMR info:
_java_thread_list=0x0000018fad7d6150, length=49, elements={
0x0000018fe81570a0, 0x0000018ff9577ae0, 0x0000018ff9578960, 0x0000018ff958d1f0,
0x0000018ff958edc0, 0x0000018ff9591790, 0x0000018ff9592150, 0x0000018ff9594f00,
0x0000018ff95959b0, 0x0000018ff95983c0, 0x0000018ff97dc9a0, 0x0000018ff98b1b40,
0x0000018faa0ca2f0, 0x0000018fff2c1940, 0x0000018ffe148480, 0x0000018faa41cd40,
0x0000018faafc9870, 0x0000018faa2c20a0, 0x0000018faa2c1b90, 0x0000018faa2c2ac0,
0x0000018fab97ac90, 0x0000018fab975680, 0x0000018fab979340, 0x0000018fab97a780,
0x0000018fab974240, 0x0000018fab9774e0, 0x0000018fab978410, 0x0000018fab978920,
0x0000018fab978e30, 0x0000018fab0e1c40, 0x0000018fab0e0d10, 0x0000018fab0e3aa0,
0x0000018fab0df3c0, 0x0000018fab0e44c0, 0x0000018fab0e1730, 0x0000018fab0e5900,
0x0000018fab0e4ee0, 0x0000018fab0de9a0, 0x0000018fab0df8d0, 0x0000018fab0dfde0,
0x0000018fab0e02f0, 0x0000018fab0e53f0, 0x0000018fab0de490, 0x0000018fab0e0800,
0x0000018fab0deeb0, 0x0000018fab0e3590, 0x0000018faa2c25b0, 0x0000018fba9f54b0,
0x0000018fba9f4a10
}

Java Threads: ( => current thread )
  0x0000018fe81570a0 JavaThread "main" [_thread_blocked, id=6992, stack(0x0000002337400000,0x0000002337500000)]
  0x0000018ff9577ae0 JavaThread "Reference Handler" daemon [_thread_blocked, id=12636, stack(0x0000002337b00000,0x0000002337c00000)]
  0x0000018ff9578960 JavaThread "Finalizer" daemon [_thread_blocked, id=5840, stack(0x0000002337c00000,0x0000002337d00000)]
  0x0000018ff958d1f0 JavaThread "Signal Dispatcher" daemon [_thread_blocked, id=13104, stack(0x0000002337d00000,0x0000002337e00000)]
  0x0000018ff958edc0 JavaThread "Attach Listener" daemon [_thread_blocked, id=12528, stack(0x0000002337e00000,0x0000002337f00000)]
  0x0000018ff9591790 JavaThread "Service Thread" daemon [_thread_blocked, id=22860, stack(0x0000002337f00000,0x0000002338000000)]
  0x0000018ff9592150 JavaThread "Monitor Deflation Thread" daemon [_thread_blocked, id=4892, stack(0x0000002338000000,0x0000002338100000)]
  0x0000018ff9594f00 JavaThread "C2 CompilerThread0" daemon [_thread_in_native, id=21100, stack(0x0000002338100000,0x0000002338200000)]
  0x0000018ff95959b0 JavaThread "C1 CompilerThread0" daemon [_thread_blocked, id=6968, stack(0x0000002338200000,0x0000002338300000)]
  0x0000018ff95983c0 JavaThread "Sweeper thread" daemon [_thread_blocked, id=1356, stack(0x0000002338300000,0x0000002338400000)]
  0x0000018ff97dc9a0 JavaThread "Common-Cleaner" daemon [_thread_blocked, id=21860, stack(0x0000002338400000,0x0000002338500000)]
  0x0000018ff98b1b40 JavaThread "Notification Thread" daemon [_thread_blocked, id=21516, stack(0x0000002338600000,0x0000002338700000)]
  0x0000018faa0ca2f0 JavaThread "Daemon health stats" [_thread_blocked, id=3540, stack(0x0000002338d00000,0x0000002338e00000)]
  0x0000018fff2c1940 JavaThread "Incoming local TCP Connector on port 62933" [_thread_in_native, id=9568, stack(0x0000002338e00000,0x0000002338f00000)]
  0x0000018ffe148480 JavaThread "Daemon periodic checks" [_thread_blocked, id=19476, stack(0x0000002338f00000,0x0000002339000000)]
  0x0000018faa41cd40 JavaThread "Daemon" [_thread_blocked, id=23480, stack(0x0000002339000000,0x0000002339100000)]
  0x0000018faafc9870 JavaThread "Daemon worker" [_thread_in_native, id=7844, stack(0x0000002339300000,0x0000002339400000)]
  0x0000018faa2c20a0 JavaThread "Cache worker for journal cache (C:\Users\Muhammad Saad\.gradle\caches\journal-1)" [_thread_blocked, id=21984, stack(0x0000002339700000,0x0000002339800000)]
  0x0000018faa2c1b90 JavaThread "File lock request listener" [_thread_in_native, id=7476, stack(0x0000002339800000,0x0000002339900000)]
  0x0000018faa2c2ac0 JavaThread "Cache worker for file hash cache (C:\Users\Muhammad Saad\.gradle\caches\8.6\fileHashes)" [_thread_blocked, id=6688, stack(0x0000002339900000,0x0000002339a00000)]
  0x0000018fab97ac90 JavaThread "File watcher server" daemon [_thread_in_native, id=5608, stack(0x0000002339d00000,0x0000002339e00000)]
  0x0000018fab975680 JavaThread "File watcher consumer" daemon [_thread_blocked, id=12952, stack(0x0000002339e00000,0x0000002339f00000)]
  0x0000018fab979340 JavaThread "Cache worker for file content cache (C:\Users\Muhammad Saad\.gradle\caches\8.6\fileContent)" [_thread_blocked, id=12968, stack(0x000000233a400000,0x000000233a500000)]
  0x0000018fab97a780 JavaThread "jar transforms" [_thread_blocked, id=15920, stack(0x000000233a500000,0x000000233a600000)]
  0x0000018fab974240 JavaThread "jar transforms Thread 2" [_thread_blocked, id=16260, stack(0x000000233a600000,0x000000233a700000)]
  0x0000018fab9774e0 JavaThread "jar transforms Thread 3" [_thread_blocked, id=19040, stack(0x000000233a700000,0x000000233a800000)]
  0x0000018fab978410 JavaThread "jar transforms Thread 4" [_thread_blocked, id=23048, stack(0x000000233a800000,0x000000233a900000)]
  0x0000018fab978920 JavaThread "Exec process" [_thread_blocked, id=1948, stack(0x000000233a900000,0x000000233aa00000)]
  0x0000018fab978e30 JavaThread "Exec process Thread 2" [_thread_blocked, id=5464, stack(0x000000233aa00000,0x000000233ab00000)]
  0x0000018fab0e1c40 JavaThread "Exec process Thread 3" [_thread_blocked, id=20864, stack(0x000000233ab00000,0x000000233ac00000)]
  0x0000018fab0e0d10 JavaThread "jar transforms Thread 5" [_thread_blocked, id=15288, stack(0x000000233ac00000,0x000000233ad00000)]
  0x0000018fab0e3aa0 JavaThread "jar transforms Thread 6" [_thread_blocked, id=17980, stack(0x000000233ad00000,0x000000233ae00000)]
  0x0000018fab0df3c0 JavaThread "jar transforms Thread 7" [_thread_blocked, id=12332, stack(0x000000233b000000,0x000000233b100000)]
  0x0000018fab0e44c0 JavaThread "jar transforms Thread 8" [_thread_blocked, id=12084, stack(0x000000233b100000,0x000000233b200000)]
  0x0000018fab0e1730 JavaThread "Handler for socket connection from /127.0.0.1:62933 to /127.0.0.1:62944" [_thread_in_native, id=12412, stack(0x0000002339100000,0x0000002339200000)]
  0x0000018fab0e5900 JavaThread "Cancel handler" [_thread_blocked, id=16692, stack(0x0000002339200000,0x0000002339300000)]
  0x0000018fab0e4ee0 JavaThread "Asynchronous log dispatcher for DefaultDaemonConnection: socket connection from /127.0.0.1:62933 to /127.0.0.1:62944" [_thread_blocked, id=12296, stack(0x0000002339400000,0x0000002339500000)]
  0x0000018fab0de9a0 JavaThread "Stdin handler" [_thread_blocked, id=18140, stack(0x0000002339500000,0x0000002339600000)]
  0x0000018fab0df8d0 JavaThread "Daemon client event forwarder" [_thread_blocked, id=6104, stack(0x0000002339600000,0x0000002339700000)]
  0x0000018fab0dfde0 JavaThread "Cache worker for checksums cache (M:\React Practice\School Management\SchoolManagement\android\.gradle\8.6\checksums)" [_thread_blocked, id=8548, stack(0x000000233a100000,0x000000233a200000)]
  0x0000018fab0e02f0 JavaThread "Cache worker for file hash cache (M:\React Practice\School Management\SchoolManagement\android\.gradle\8.6\fileHashes)" [_thread_blocked, id=6252, stack(0x000000233a200000,0x000000233a300000)]
  0x0000018fab0e53f0 JavaThread "Cache worker for cache directory md-supplier (C:\Users\Muhammad Saad\.gradle\caches\8.6\md-supplier)" [_thread_blocked, id=13992, stack(0x000000233a300000,0x000000233a400000)]
  0x0000018fab0de490 JavaThread "Cache worker for cache directory md-rule (C:\Users\Muhammad Saad\.gradle\caches\8.6\md-rule)" [_thread_blocked, id=20396, stack(0x000000233af00000,0x000000233b000000)]
  0x0000018fab0e0800 JavaThread "Unconstrained build operations" [_thread_blocked, id=13716, stack(0x000000233b200000,0x000000233b300000)]
  0x0000018fab0deeb0 JavaThread "Unconstrained build operations Thread 2" [_thread_blocked, id=18544, stack(0x000000233b300000,0x000000233b400000)]
  0x0000018fab0e3590 JavaThread "Cache worker for Build Output Cleanup Cache (M:\React Practice\School Management\SchoolManagement\node_modules\@react-native\gradle-plugin\.gradle\buildOutputCleanup)" [_thread_blocked, id=18236, stack(0x000000233b500000,0x000000233b600000)]
  0x0000018faa2c25b0 JavaThread "Kotlin DSL Writer" [_thread_blocked, id=13740, stack(0x000000233b600000,0x000000233b700000)]
=>0x0000018fba9f54b0 JavaThread "C2 CompilerThread1" daemon [_thread_in_native, id=17964, stack(0x0000002339f00000,0x000000233a000000)]
  0x0000018fba9f4a10 JavaThread "C2 CompilerThread2" daemon [_thread_in_native, id=18736, stack(0x000000233b400000,0x000000233b500000)]

Other Threads:
  0x0000018ff956eab0 VMThread "VM Thread" [stack: 0x0000002337a00000,0x0000002337b00000] [id=14660]
  0x0000018fe8157f20 WatcherThread [stack: 0x0000002338700000,0x0000002338800000] [id=17528]
  0x0000018fe81b16b0 GCTaskThread "GC Thread#0" [stack: 0x0000002337500000,0x0000002337600000] [id=13024]
  0x0000018ffef27f50 GCTaskThread "GC Thread#1" [stack: 0x0000002338900000,0x0000002338a00000] [id=5408]
  0x0000018ffea8d180 GCTaskThread "GC Thread#2" [stack: 0x0000002338a00000,0x0000002338b00000] [id=8632]
  0x0000018ffea8dbe0 GCTaskThread "GC Thread#3" [stack: 0x0000002338b00000,0x0000002338c00000] [id=9084]
  0x0000018ffe132080 GCTaskThread "GC Thread#4" [stack: 0x0000002338c00000,0x0000002338d00000] [id=6228]
  0x0000018fabe0b440 GCTaskThread "GC Thread#5" [stack: 0x0000002339a00000,0x0000002339b00000] [id=20676]
  0x0000018fab6f1bb0 GCTaskThread "GC Thread#6" [stack: 0x0000002339b00000,0x0000002339c00000] [id=13140]
  0x0000018ffef8cc50 GCTaskThread "GC Thread#7" [stack: 0x0000002339c00000,0x0000002339d00000] [id=7212]
  0x0000018fe81c2600 ConcurrentGCThread "G1 Main Marker" [stack: 0x0000002337600000,0x0000002337700000] [id=13404]
  0x0000018fe81c3020 ConcurrentGCThread "G1 Conc#0" [stack: 0x0000002337700000,0x0000002337800000] [id=20064]
  0x0000018faaf44ec0 ConcurrentGCThread "G1 Conc#1" [stack: 0x000000233a000000,0x000000233a100000] [id=18444]
  0x0000018ff94305b0 ConcurrentGCThread "G1 Refine#0" [stack: 0x0000002337800000,0x0000002337900000] [id=5128]
  0x0000018face3eb90 ConcurrentGCThread "G1 Refine#1" [stack: 0x000000233b700000,0x000000233b800000] [id=6148]
  0x0000018face3f750 ConcurrentGCThread "G1 Refine#2" [stack: 0x000000233b800000,0x000000233b900000] [id=11048]
  0x0000018face3dce0 ConcurrentGCThread "G1 Refine#3" [stack: 0x000000233b900000,0x000000233ba00000] [id=18508]
  0x0000018face417a0 ConcurrentGCThread "G1 Refine#4" [stack: 0x000000233ba00000,0x000000233bb00000] [id=6260]
  0x0000018face3ee80 ConcurrentGCThread "G1 Refine#5" [stack: 0x000000233bb00000,0x000000233bc00000] [id=4408]
  0x0000018ff9430fe0 ConcurrentGCThread "G1 Service" [stack: 0x0000002337900000,0x0000002337a00000] [id=10656]

Threads with active compile tasks:
C2 CompilerThread0    45894 10095   !   4       org.gradle.internal.service.DefaultServiceRegistry$ManagedObjectServiceProvider::getInstance (47 bytes)
C2 CompilerThread1    45894 10083   !   4       java.io.ObjectOutputStream::writeObject0 (620 bytes)
C2 CompilerThread2    45894 10094       4       org.gradle.internal.service.DefaultServiceRegistry$SingletonService::get (5 bytes)

VM state: not at safepoint (normal execution)

VM Mutex/Monitor currently owned by a thread: None

Heap address: 0x0000000080000000, size: 2048 MB, Compressed Oops mode: 32-bit

CDS archive(s) mapped at: [0x0000018f8f000000-0x0000018f8fbb0000-0x0000018f8fbb0000), size 12255232, SharedBaseAddress: 0x0000018f8f000000, ArchiveRelocationMode: 1.
Compressed class space mapped at: 0x0000018f90000000-0x0000018faa000000, reserved size: 436207616
Narrow klass base: 0x0000018f8f000000, Narrow klass shift: 0, Narrow klass range: 0x100000000

GC Precious Log:
 CPUs: 8 total, 8 available
 Memory: 11969M
 Large Page Support: Disabled
 NUMA Support: Disabled
 Compressed Oops: Enabled (32-bit)
 Heap Region Size: 1M
 Heap Min Capacity: 8M
 Heap Initial Capacity: 188M
 Heap Max Capacity: 2G
 Pre-touch: Disabled
 Parallel Workers: 8
 Concurrent Workers: 2
 Concurrent Refinement Workers: 8
 Periodic GC: Disabled

Heap:
 garbage-first heap   total 238592K, used 151162K [0x0000000080000000, 0x0000000100000000)
  region size 1024K, 78 young (79872K), 12 survivors (12288K)
 Metaspace       used 122968K, committed 123648K, reserved 557056K
  class space    used 15854K, committed 16128K, reserved 425984K

Heap Regions: E=young(eden), S=young(survivor), O=old, HS=humongous(starts), HC=humongous(continues), CS=collection set, F=free, OA=open archive, CA=closed archive, TAMS=top-at-mark-start (previous, next)
|   0|0x0000000080000000, 0x0000000080100000, 0x0000000080100000|100%|HS|  |TAMS 0x0000000080100000, 0x0000000080000000| Complete 
|   1|0x0000000080100000, 0x0000000080200000, 0x0000000080200000|100%|HC|  |TAMS 0x0000000080200000, 0x0000000080100000| Complete 
|   2|0x0000000080200000, 0x0000000080300000, 0x0000000080300000|100%|HC|  |TAMS 0x0000000080300000, 0x0000000080200000| Complete 
|   3|0x0000000080300000, 0x0000000080400000, 0x0000000080400000|100%|HC|  |TAMS 0x0000000080400000, 0x0000000080300000| Complete 
|   4|0x0000000080400000, 0x0000000080500000, 0x0000000080500000|100%| O|  |TAMS 0x0000000080500000, 0x0000000080400000| Untracked 
|   5|0x0000000080500000, 0x0000000080600000, 0x0000000080600000|100%| O|  |TAMS 0x0000000080600000, 0x0000000080500000| Untracked 
|   6|0x0000000080600000, 0x0000000080700000, 0x0000000080700000|100%| O|  |TAMS 0x0000000080700000, 0x0000000080600000| Untracked 
|   7|0x0000000080700000, 0x0000000080800000, 0x0000000080800000|100%| O|  |TAMS 0x0000000080800000, 0x0000000080700000| Untracked 
|   8|0x0000000080800000, 0x0000000080900000, 0x0000000080900000|100%| O|  |TAMS 0x0000000080900000, 0x0000000080800000| Untracked 
|   9|0x0000000080900000, 0x0000000080a00000, 0x0000000080a00000|100%| O|  |TAMS 0x0000000080a00000, 0x0000000080900000| Untracked 
|  10|0x0000000080a00000, 0x0000000080b00000, 0x0000000080b00000|100%| O|  |TAMS 0x0000000080b00000, 0x0000000080a00000| Untracked 
|  11|0x0000000080b00000, 0x0000000080c00000, 0x0000000080c00000|100%| O|  |TAMS 0x0000000080c00000, 0x0000000080b00000| Untracked 
|  12|0x0000000080c00000, 0x0000000080d00000, 0x0000000080d00000|100%| O|  |TAMS 0x0000000080d00000, 0x0000000080c00000| Untracked 
|  13|0x0000000080d00000, 0x0000000080e00000, 0x0000000080e00000|100%| O|  |TAMS 0x0000000080e00000, 0x0000000080d00000| Untracked 
|  14|0x0000000080e00000, 0x0000000080f00000, 0x0000000080f00000|100%| O|  |TAMS 0x0000000080f00000, 0x0000000080e00000| Untracked 
|  15|0x0000000080f00000, 0x0000000081000000, 0x0000000081000000|100%| O|  |TAMS 0x0000000081000000, 0x0000000080f00000| Untracked 
|  16|0x0000000081000000, 0x0000000081100000, 0x0000000081100000|100%| O|  |TAMS 0x0000000081100000, 0x0000000081000000| Untracked 
|  17|0x0000000081100000, 0x0000000081200000, 0x0000000081200000|100%| O|  |TAMS 0x0000000081200000, 0x0000000081100000| Untracked 
|  18|0x0000000081200000, 0x0000000081300000, 0x0000000081300000|100%| O|  |TAMS 0x0000000081300000, 0x0000000081200000| Untracked 
|  19|0x0000000081300000, 0x0000000081400000, 0x0000000081400000|100%| O|  |TAMS 0x0000000081400000, 0x0000000081300000| Untracked 
|  20|0x0000000081400000, 0x0000000081500000, 0x0000000081500000|100%| O|  |TAMS 0x0000000081500000, 0x0000000081400000| Untracked 
|  21|0x0000000081500000, 0x0000000081600000, 0x0000000081600000|100%| O|  |TAMS 0x0000000081600000, 0x0000000081500000| Untracked 
|  22|0x0000000081600000, 0x0000000081700000, 0x0000000081700000|100%| O|  |TAMS 0x0000000081700000, 0x0000000081600000| Untracked 
|  23|0x0000000081700000, 0x0000000081800000, 0x0000000081800000|100%|HS|  |TAMS 0x0000000081700000, 0x0000000081700000| Complete 
|  24|0x0000000081800000, 0x0000000081900000, 0x0000000081900000|100%| O|  |TAMS 0x0000000081900000, 0x0000000081800000| Untracked 
|  25|0x0000000081900000, 0x0000000081a00000, 0x0000000081a00000|100%| O|  |TAMS 0x0000000081a00000, 0x0000000081900000| Untracked 
|  26|0x0000000081a00000, 0x0000000081b00000, 0x0000000081b00000|100%| O|  |TAMS 0x0000000081a00000, 0x0000000081a00000| Untracked 
|  27|0x0000000081b00000, 0x0000000081c00000, 0x0000000081c00000|100%| O|  |TAMS 0x0000000081c00000, 0x0000000081b00000| Untracked 
|  28|0x0000000081c00000, 0x0000000081d00000, 0x0000000081d00000|100%| O|  |TAMS 0x0000000081d00000, 0x0000000081c00000| Untracked 
|  29|0x0000000081d00000, 0x0000000081e00000, 0x0000000081e00000|100%| O|  |TAMS 0x0000000081e00000, 0x0000000081d00000| Untracked 
|  30|0x0000000081e00000, 0x0000000081f00000, 0x0000000081f00000|100%| O|  |TAMS 0x0000000081f00000, 0x0000000081e00000| Untracked 
|  31|0x0000000081f00000, 0x0000000082000000, 0x0000000082000000|100%| O|  |TAMS 0x0000000082000000, 0x0000000081f00000| Untracked 
|  32|0x0000000082000000, 0x0000000082100000, 0x0000000082100000|100%| O|  |TAMS 0x0000000082100000, 0x0000000082000000| Untracked 
|  33|0x0000000082100000, 0x0000000082200000, 0x0000000082200000|100%| O|  |TAMS 0x0000000082200000, 0x0000000082100000| Untracked 
|  34|0x0000000082200000, 0x0000000082300000, 0x0000000082300000|100%| O|  |TAMS 0x0000000082300000, 0x0000000082200000| Untracked 
|  35|0x0000000082300000, 0x0000000082400000, 0x0000000082400000|100%| O|  |TAMS 0x0000000082400000, 0x0000000082300000| Untracked 
|  36|0x0000000082400000, 0x0000000082500000, 0x0000000082500000|100%| O|  |TAMS 0x0000000082500000, 0x0000000082400000| Untracked 
|  37|0x0000000082500000, 0x0000000082600000, 0x0000000082600000|100%| O|  |TAMS 0x0000000082600000, 0x0000000082500000| Untracked 
|  38|0x0000000082600000, 0x0000000082700000, 0x0000000082700000|100%| O|  |TAMS 0x0000000082700000, 0x0000000082600000| Untracked 
|  39|0x0000000082700000, 0x0000000082800000, 0x0000000082800000|100%| O|  |TAMS 0x0000000082800000, 0x0000000082700000| Untracked 
|  40|0x0000000082800000, 0x0000000082900000, 0x0000000082900000|100%| O|  |TAMS 0x0000000082900000, 0x0000000082800000| Untracked 
|  41|0x0000000082900000, 0x0000000082a00000, 0x0000000082a00000|100%| O|  |TAMS 0x0000000082a00000, 0x0000000082900000| Untracked 
|  42|0x0000000082a00000, 0x0000000082b00000, 0x0000000082b00000|100%| O|  |TAMS 0x0000000082b00000, 0x0000000082a00000| Untracked 
|  43|0x0000000082b00000, 0x0000000082c00000, 0x0000000082c00000|100%| O|  |TAMS 0x0000000082c00000, 0x0000000082b00000| Untracked 
|  44|0x0000000082c00000, 0x0000000082d00000, 0x0000000082d00000|100%| O|  |TAMS 0x0000000082d00000, 0x0000000082c00000| Untracked 
|  45|0x0000000082d00000, 0x0000000082e00000, 0x0000000082e00000|100%| O|  |TAMS 0x0000000082e00000, 0x0000000082d00000| Untracked 
|  46|0x0000000082e00000, 0x0000000082f00000, 0x0000000082f00000|100%| O|  |TAMS 0x0000000082eb3e00, 0x0000000082e00000| Untracked 
|  47|0x0000000082f00000, 0x0000000083000000, 0x0000000083000000|100%| O|  |TAMS 0x0000000082f00000, 0x0000000082f00000| Untracked 
|  48|0x0000000083000000, 0x0000000083100000, 0x0000000083100000|100%| O|  |TAMS 0x0000000083000000, 0x0000000083000000| Untracked 
|  49|0x0000000083100000, 0x0000000083200000, 0x0000000083200000|100%| O|  |TAMS 0x0000000083100000, 0x0000000083100000| Untracked 
|  50|0x0000000083200000, 0x0000000083300000, 0x0000000083300000|100%| O|  |TAMS 0x0000000083200000, 0x0000000083200000| Untracked 
|  51|0x0000000083300000, 0x0000000083400000, 0x0000000083400000|100%| O|  |TAMS 0x0000000083300000, 0x0000000083300000| Untracked 
|  52|0x0000000083400000, 0x0000000083500000, 0x0000000083500000|100%| O|  |TAMS 0x0000000083400000, 0x0000000083400000| Untracked 
|  53|0x0000000083500000, 0x0000000083600000, 0x0000000083600000|100%| O|  |TAMS 0x0000000083500000, 0x0000000083500000| Untracked 
|  54|0x0000000083600000, 0x0000000083700000, 0x0000000083700000|100%| O|  |TAMS 0x0000000083600000, 0x0000000083600000| Untracked 
|  55|0x0000000083700000, 0x0000000083800000, 0x0000000083800000|100%| O|  |TAMS 0x0000000083700000, 0x0000000083700000| Untracked 
|  56|0x0000000083800000, 0x0000000083900000, 0x0000000083900000|100%| O|  |TAMS 0x0000000083800000, 0x0000000083800000| Untracked 
|  57|0x0000000083900000, 0x0000000083a00000, 0x0000000083a00000|100%| O|  |TAMS 0x0000000083900000, 0x0000000083900000| Untracked 
|  58|0x0000000083a00000, 0x0000000083b00000, 0x0000000083b00000|100%| O|  |TAMS 0x0000000083a00000, 0x0000000083a00000| Untracked 
|  59|0x0000000083b00000, 0x0000000083c00000, 0x0000000083c00000|100%| O|  |TAMS 0x0000000083b00000, 0x0000000083b00000| Untracked 
|  60|0x0000000083c00000, 0x0000000083d00000, 0x0000000083d00000|100%| O|  |TAMS 0x0000000083c00000, 0x0000000083c00000| Untracked 
|  61|0x0000000083d00000, 0x0000000083e00000, 0x0000000083e00000|100%| O|  |TAMS 0x0000000083d00000, 0x0000000083d00000| Untracked 
|  62|0x0000000083e00000, 0x0000000083f00000, 0x0000000083f00000|100%| O|  |TAMS 0x0000000083e00000, 0x0000000083e00000| Untracked 
|  63|0x0000000083f00000, 0x0000000084000000, 0x0000000084000000|100%| O|  |TAMS 0x0000000083f00000, 0x0000000083f00000| Untracked 
|  64|0x0000000084000000, 0x0000000084100000, 0x0000000084100000|100%| O|  |TAMS 0x0000000084000000, 0x0000000084000000| Untracked 
|  65|0x0000000084100000, 0x0000000084200000, 0x0000000084200000|100%|HS|  |TAMS 0x0000000084100000, 0x0000000084100000| Complete 
|  66|0x0000000084200000, 0x0000000084300000, 0x0000000084300000|100%|HC|  |TAMS 0x0000000084200000, 0x0000000084200000| Complete 
|  67|0x0000000084300000, 0x0000000084400000, 0x0000000084400000|100%|HC|  |TAMS 0x0000000084300000, 0x0000000084300000| Complete 
|  68|0x0000000084400000, 0x0000000084500000, 0x0000000084500000|100%|HC|  |TAMS 0x0000000084400000, 0x0000000084400000| Complete 
|  69|0x0000000084500000, 0x0000000084600000, 0x0000000084600000|100%|HC|  |TAMS 0x0000000084500000, 0x0000000084500000| Complete 
|  70|0x0000000084600000, 0x0000000084700000, 0x0000000084700000|100%|HC|  |TAMS 0x0000000084600000, 0x0000000084600000| Complete 
|  71|0x0000000084700000, 0x000000008475be00, 0x0000000084800000| 35%| O|  |TAMS 0x0000000084700000, 0x0000000084700000| Untracked 
|  72|0x0000000084800000, 0x0000000084800000, 0x0000000084900000|  0%| F|  |TAMS 0x0000000084800000, 0x0000000084800000| Untracked 
|  73|0x0000000084900000, 0x0000000084900000, 0x0000000084a00000|  0%| F|  |TAMS 0x0000000084900000, 0x0000000084900000| Untracked 
|  74|0x0000000084a00000, 0x0000000084a00000, 0x0000000084b00000|  0%| F|  |TAMS 0x0000000084a00000, 0x0000000084a00000| Untracked 
|  75|0x0000000084b00000, 0x0000000084b00000, 0x0000000084c00000|  0%| F|  |TAMS 0x0000000084b00000, 0x0000000084b00000| Untracked 
|  76|0x0000000084c00000, 0x0000000084c00000, 0x0000000084d00000|  0%| F|  |TAMS 0x0000000084c00000, 0x0000000084c00000| Untracked 
|  77|0x0000000084d00000, 0x0000000084d00000, 0x0000000084e00000|  0%| F|  |TAMS 0x0000000084d00000, 0x0000000084d00000| Untracked 
|  78|0x0000000084e00000, 0x0000000084e00000, 0x0000000084f00000|  0%| F|  |TAMS 0x0000000084e00000, 0x0000000084e00000| Untracked 
|  79|0x0000000084f00000, 0x0000000084f00000, 0x0000000085000000|  0%| F|  |TAMS 0x0000000084f00000, 0x0000000084f00000| Untracked 
|  80|0x0000000085000000, 0x0000000085000000, 0x0000000085100000|  0%| F|  |TAMS 0x0000000085000000, 0x0000000085000000| Untracked 
|  81|0x0000000085100000, 0x0000000085100000, 0x0000000085200000|  0%| F|  |TAMS 0x0000000085100000, 0x0000000085100000| Untracked 
|  82|0x0000000085200000, 0x0000000085200000, 0x0000000085300000|  0%| F|  |TAMS 0x0000000085200000, 0x0000000085200000| Untracked 
|  83|0x0000000085300000, 0x0000000085300000, 0x0000000085400000|  0%| F|  |TAMS 0x0000000085300000, 0x0000000085300000| Untracked 
|  84|0x0000000085400000, 0x0000000085400000, 0x0000000085500000|  0%| F|  |TAMS 0x0000000085400000, 0x0000000085400000| Untracked 
|  85|0x0000000085500000, 0x0000000085500000, 0x0000000085600000|  0%| F|  |TAMS 0x0000000085500000, 0x0000000085500000| Untracked 
|  86|0x0000000085600000, 0x0000000085600000, 0x0000000085700000|  0%| F|  |TAMS 0x0000000085600000, 0x0000000085600000| Untracked 
|  87|0x0000000085700000, 0x0000000085700000, 0x0000000085800000|  0%| F|  |TAMS 0x0000000085700000, 0x0000000085700000| Untracked 
|  88|0x0000000085800000, 0x0000000085800000, 0x0000000085900000|  0%| F|  |TAMS 0x0000000085800000, 0x0000000085800000| Untracked 
|  89|0x0000000085900000, 0x0000000085900000, 0x0000000085a00000|  0%| F|  |TAMS 0x0000000085900000, 0x0000000085900000| Untracked 
|  90|0x0000000085a00000, 0x0000000085a00000, 0x0000000085b00000|  0%| F|  |TAMS 0x0000000085a00000, 0x0000000085a00000| Untracked 
|  91|0x0000000085b00000, 0x0000000085b00000, 0x0000000085c00000|  0%| F|  |TAMS 0x0000000085b00000, 0x0000000085b00000| Untracked 
|  92|0x0000000085c00000, 0x0000000085c00000, 0x0000000085d00000|  0%| F|  |TAMS 0x0000000085c00000, 0x0000000085c00000| Untracked 
|  93|0x0000000085d00000, 0x0000000085d00000, 0x0000000085e00000|  0%| F|  |TAMS 0x0000000085d00000, 0x0000000085d00000| Untracked 
|  94|0x0000000085e00000, 0x0000000085e00000, 0x0000000085f00000|  0%| F|  |TAMS 0x0000000085e00000, 0x0000000085e00000| Untracked 
|  95|0x0000000085f00000, 0x0000000085f00000, 0x0000000086000000|  0%| F|  |TAMS 0x0000000085f00000, 0x0000000085f00000| Untracked 
|  96|0x0000000086000000, 0x0000000086000000, 0x0000000086100000|  0%| F|  |TAMS 0x0000000086000000, 0x0000000086000000| Untracked 
|  97|0x0000000086100000, 0x0000000086100000, 0x0000000086200000|  0%| F|  |TAMS 0x0000000086100000, 0x0000000086100000| Untracked 
|  98|0x0000000086200000, 0x0000000086200000, 0x0000000086300000|  0%| F|  |TAMS 0x0000000086200000, 0x0000000086200000| Untracked 
|  99|0x0000000086300000, 0x0000000086300000, 0x0000000086400000|  0%| F|  |TAMS 0x0000000086300000, 0x0000000086300000| Untracked 
| 100|0x0000000086400000, 0x0000000086400000, 0x0000000086500000|  0%| F|  |TAMS 0x0000000086400000, 0x0000000086400000| Untracked 
| 101|0x0000000086500000, 0x0000000086500000, 0x0000000086600000|  0%| F|  |TAMS 0x0000000086500000, 0x0000000086500000| Untracked 
| 102|0x0000000086600000, 0x0000000086600000, 0x0000000086700000|  0%| F|  |TAMS 0x0000000086600000, 0x0000000086600000| Untracked 
| 103|0x0000000086700000, 0x0000000086700000, 0x0000000086800000|  0%| F|  |TAMS 0x0000000086700000, 0x0000000086700000| Untracked 
| 104|0x0000000086800000, 0x0000000086800000, 0x0000000086900000|  0%| F|  |TAMS 0x0000000086800000, 0x0000000086800000| Untracked 
| 105|0x0000000086900000, 0x0000000086942b78, 0x0000000086a00000| 26%| S|CS|TAMS 0x0000000086900000, 0x0000000086900000| Complete 
| 106|0x0000000086a00000, 0x0000000086b00000, 0x0000000086b00000|100%| S|CS|TAMS 0x0000000086a00000, 0x0000000086a00000| Complete 
| 107|0x0000000086b00000, 0x0000000086b00000, 0x0000000086c00000|  0%| F|  |TAMS 0x0000000086b00000, 0x0000000086b00000| Untracked 
| 108|0x0000000086c00000, 0x0000000086c00000, 0x0000000086d00000|  0%| F|  |TAMS 0x0000000086c00000, 0x0000000086c00000| Untracked 
| 109|0x0000000086d00000, 0x0000000086d00000, 0x0000000086e00000|  0%| F|  |TAMS 0x0000000086d00000, 0x0000000086d00000| Untracked 
| 110|0x0000000086e00000, 0x0000000086e00000, 0x0000000086f00000|  0%| F|  |TAMS 0x0000000086e00000, 0x0000000086e00000| Untracked 
| 111|0x0000000086f00000, 0x0000000086f00000, 0x0000000087000000|  0%| F|  |TAMS 0x0000000086f00000, 0x0000000086f00000| Untracked 
| 112|0x0000000087000000, 0x0000000087000000, 0x0000000087100000|  0%| F|  |TAMS 0x0000000087000000, 0x0000000087000000| Untracked 
| 113|0x0000000087100000, 0x0000000087100000, 0x0000000087200000|  0%| F|  |TAMS 0x0000000087100000, 0x0000000087100000| Untracked 
| 114|0x0000000087200000, 0x0000000087200000, 0x0000000087300000|  0%| F|  |TAMS 0x0000000087200000, 0x0000000087200000| Untracked 
| 115|0x0000000087300000, 0x0000000087300000, 0x0000000087400000|  0%| F|  |TAMS 0x0000000087300000, 0x0000000087300000| Untracked 
| 116|0x0000000087400000, 0x0000000087500000, 0x0000000087500000|100%| S|CS|TAMS 0x0000000087400000, 0x0000000087400000| Complete 
| 117|0x0000000087500000, 0x0000000087600000, 0x0000000087600000|100%| S|CS|TAMS 0x0000000087500000, 0x0000000087500000| Complete 
| 118|0x0000000087600000, 0x0000000087700000, 0x0000000087700000|100%| S|CS|TAMS 0x0000000087600000, 0x0000000087600000| Complete 
| 119|0x0000000087700000, 0x0000000087800000, 0x0000000087800000|100%| S|CS|TAMS 0x0000000087700000, 0x0000000087700000| Complete 
| 120|0x0000000087800000, 0x0000000087900000, 0x0000000087900000|100%| S|CS|TAMS 0x0000000087800000, 0x0000000087800000| Complete 
| 121|0x0000000087900000, 0x0000000087a00000, 0x0000000087a00000|100%| S|CS|TAMS 0x0000000087900000, 0x0000000087900000| Complete 
| 122|0x0000000087a00000, 0x0000000087b00000, 0x0000000087b00000|100%| S|CS|TAMS 0x0000000087a00000, 0x0000000087a00000| Complete 
| 123|0x0000000087b00000, 0x0000000087c00000, 0x0000000087c00000|100%| S|CS|TAMS 0x0000000087b00000, 0x0000000087b00000| Complete 
| 124|0x0000000087c00000, 0x0000000087d00000, 0x0000000087d00000|100%| S|CS|TAMS 0x0000000087c00000, 0x0000000087c00000| Complete 
| 125|0x0000000087d00000, 0x0000000087d00000, 0x0000000087e00000|  0%| F|  |TAMS 0x0000000087d00000, 0x0000000087d00000| Untracked 
| 126|0x0000000087e00000, 0x0000000087e00000, 0x0000000087f00000|  0%| F|  |TAMS 0x0000000087e00000, 0x0000000087e00000| Untracked 
| 127|0x0000000087f00000, 0x0000000087f00000, 0x0000000088000000|  0%| F|  |TAMS 0x0000000087f00000, 0x0000000087f00000| Untracked 
| 128|0x0000000088000000, 0x0000000088000000, 0x0000000088100000|  0%| F|  |TAMS 0x0000000088000000, 0x0000000088000000| Untracked 
| 129|0x0000000088100000, 0x0000000088200000, 0x0000000088200000|100%| S|CS|TAMS 0x0000000088100000, 0x0000000088100000| Complete 
| 130|0x0000000088200000, 0x0000000088200000, 0x0000000088300000|  0%| F|  |TAMS 0x0000000088200000, 0x0000000088200000| Untracked 
| 131|0x0000000088300000, 0x0000000088300000, 0x0000000088400000|  0%| F|  |TAMS 0x0000000088300000, 0x0000000088300000| Untracked 
| 132|0x0000000088400000, 0x0000000088400000, 0x0000000088500000|  0%| F|  |TAMS 0x0000000088400000, 0x0000000088400000| Untracked 
| 133|0x0000000088500000, 0x0000000088500000, 0x0000000088600000|  0%| F|  |TAMS 0x0000000088500000, 0x0000000088500000| Untracked 
| 134|0x0000000088600000, 0x0000000088600000, 0x0000000088700000|  0%| F|  |TAMS 0x0000000088600000, 0x0000000088600000| Untracked 
| 135|0x0000000088700000, 0x0000000088700000, 0x0000000088800000|  0%| F|  |TAMS 0x0000000088700000, 0x0000000088700000| Untracked 
| 136|0x0000000088800000, 0x0000000088800000, 0x0000000088900000|  0%| F|  |TAMS 0x0000000088800000, 0x0000000088800000| Untracked 
| 137|0x0000000088900000, 0x0000000088900000, 0x0000000088a00000|  0%| F|  |TAMS 0x0000000088900000, 0x0000000088900000| Untracked 
| 138|0x0000000088a00000, 0x0000000088a00000, 0x0000000088b00000|  0%| F|  |TAMS 0x0000000088a00000, 0x0000000088a00000| Untracked 
| 139|0x0000000088b00000, 0x0000000088b00000, 0x0000000088c00000|  0%| F|  |TAMS 0x0000000088b00000, 0x0000000088b00000| Untracked 
| 140|0x0000000088c00000, 0x0000000088c00000, 0x0000000088d00000|  0%| F|  |TAMS 0x0000000088c00000, 0x0000000088c00000| Untracked 
| 141|0x0000000088d00000, 0x0000000088d00000, 0x0000000088e00000|  0%| F|  |TAMS 0x0000000088d00000, 0x0000000088d00000| Untracked 
| 142|0x0000000088e00000, 0x0000000088e00000, 0x0000000088f00000|  0%| F|  |TAMS 0x0000000088e00000, 0x0000000088e00000| Untracked 
| 143|0x0000000088f00000, 0x0000000088f00000, 0x0000000089000000|  0%| F|  |TAMS 0x0000000088f00000, 0x0000000088f00000| Untracked 
| 144|0x0000000089000000, 0x0000000089000000, 0x0000000089100000|  0%| F|  |TAMS 0x0000000089000000, 0x0000000089000000| Untracked 
| 145|0x0000000089100000, 0x0000000089100000, 0x0000000089200000|  0%| F|  |TAMS 0x0000000089100000, 0x0000000089100000| Untracked 
| 146|0x0000000089200000, 0x0000000089200000, 0x0000000089300000|  0%| F|  |TAMS 0x0000000089200000, 0x0000000089200000| Untracked 
| 147|0x0000000089300000, 0x0000000089300000, 0x0000000089400000|  0%| F|  |TAMS 0x0000000089300000, 0x0000000089300000| Untracked 
| 148|0x0000000089400000, 0x0000000089400000, 0x0000000089500000|  0%| F|  |TAMS 0x0000000089400000, 0x0000000089400000| Untracked 
| 149|0x0000000089500000, 0x0000000089500000, 0x0000000089600000|  0%| F|  |TAMS 0x0000000089500000, 0x0000000089500000| Untracked 
| 150|0x0000000089600000, 0x0000000089600000, 0x0000000089700000|  0%| F|  |TAMS 0x0000000089600000, 0x0000000089600000| Untracked 
| 151|0x0000000089700000, 0x0000000089700000, 0x0000000089800000|  0%| F|  |TAMS 0x0000000089700000, 0x0000000089700000| Untracked 
| 152|0x0000000089800000, 0x0000000089800000, 0x0000000089900000|  0%| F|  |TAMS 0x0000000089800000, 0x0000000089800000| Untracked 
| 153|0x0000000089900000, 0x0000000089900000, 0x0000000089a00000|  0%| F|  |TAMS 0x0000000089900000, 0x0000000089900000| Untracked 
| 154|0x0000000089a00000, 0x0000000089a00000, 0x0000000089b00000|  0%| F|  |TAMS 0x0000000089a00000, 0x0000000089a00000| Untracked 
| 155|0x0000000089b00000, 0x0000000089b00000, 0x0000000089c00000|  0%| F|  |TAMS 0x0000000089b00000, 0x0000000089b00000| Untracked 
| 156|0x0000000089c00000, 0x0000000089c00000, 0x0000000089d00000|  0%| F|  |TAMS 0x0000000089c00000, 0x0000000089c00000| Untracked 
| 157|0x0000000089d00000, 0x0000000089d00000, 0x0000000089e00000|  0%| F|  |TAMS 0x0000000089d00000, 0x0000000089d00000| Untracked 
| 158|0x0000000089e00000, 0x0000000089e00000, 0x0000000089f00000|  0%| F|  |TAMS 0x0000000089e00000, 0x0000000089e00000| Untracked 
| 159|0x0000000089f00000, 0x0000000089f00000, 0x000000008a000000|  0%| F|  |TAMS 0x0000000089f00000, 0x0000000089f00000| Untracked 
| 160|0x000000008a000000, 0x000000008a000000, 0x000000008a100000|  0%| F|  |TAMS 0x000000008a000000, 0x000000008a000000| Untracked 
| 161|0x000000008a100000, 0x000000008a100000, 0x000000008a200000|  0%| F|  |TAMS 0x000000008a100000, 0x000000008a100000| Untracked 
| 162|0x000000008a200000, 0x000000008a200000, 0x000000008a300000|  0%| F|  |TAMS 0x000000008a200000, 0x000000008a200000| Untracked 
| 163|0x000000008a300000, 0x000000008a300000, 0x000000008a400000|  0%| F|  |TAMS 0x000000008a300000, 0x000000008a300000| Untracked 
| 164|0x000000008a400000, 0x000000008a400000, 0x000000008a500000|  0%| F|  |TAMS 0x000000008a400000, 0x000000008a400000| Untracked 
| 165|0x000000008a500000, 0x000000008a500000, 0x000000008a600000|  0%| F|  |TAMS 0x000000008a500000, 0x000000008a500000| Untracked 
| 166|0x000000008a600000, 0x000000008a600000, 0x000000008a700000|  0%| F|  |TAMS 0x000000008a600000, 0x000000008a600000| Untracked 
| 167|0x000000008a700000, 0x000000008a79acb8, 0x000000008a800000| 60%| E|  |TAMS 0x000000008a700000, 0x000000008a700000| Complete 
| 168|0x000000008a800000, 0x000000008a900000, 0x000000008a900000|100%| E|CS|TAMS 0x000000008a800000, 0x000000008a800000| Complete 
| 169|0x000000008a900000, 0x000000008aa00000, 0x000000008aa00000|100%| E|CS|TAMS 0x000000008a900000, 0x000000008a900000| Complete 
| 170|0x000000008aa00000, 0x000000008ab00000, 0x000000008ab00000|100%| E|CS|TAMS 0x000000008aa00000, 0x000000008aa00000| Complete 
| 171|0x000000008ab00000, 0x000000008ac00000, 0x000000008ac00000|100%| E|CS|TAMS 0x000000008ab00000, 0x000000008ab00000| Complete 
| 172|0x000000008ac00000, 0x000000008ad00000, 0x000000008ad00000|100%| E|CS|TAMS 0x000000008ac00000, 0x000000008ac00000| Complete 
| 173|0x000000008ad00000, 0x000000008ae00000, 0x000000008ae00000|100%| E|CS|TAMS 0x000000008ad00000, 0x000000008ad00000| Complete 
| 174|0x000000008ae00000, 0x000000008af00000, 0x000000008af00000|100%| E|CS|TAMS 0x000000008ae00000, 0x000000008ae00000| Complete 
| 175|0x000000008af00000, 0x000000008b000000, 0x000000008b000000|100%| E|CS|TAMS 0x000000008af00000, 0x000000008af00000| Complete 
| 176|0x000000008b000000, 0x000000008b100000, 0x000000008b100000|100%| E|CS|TAMS 0x000000008b000000, 0x000000008b000000| Complete 
| 177|0x000000008b100000, 0x000000008b200000, 0x000000008b200000|100%| E|CS|TAMS 0x000000008b100000, 0x000000008b100000| Complete 
| 178|0x000000008b200000, 0x000000008b300000, 0x000000008b300000|100%| E|CS|TAMS 0x000000008b200000, 0x000000008b200000| Complete 
| 179|0x000000008b300000, 0x000000008b400000, 0x000000008b400000|100%| E|CS|TAMS 0x000000008b300000, 0x000000008b300000| Complete 
| 180|0x000000008b400000, 0x000000008b500000, 0x000000008b500000|100%| E|CS|TAMS 0x000000008b400000, 0x000000008b400000| Complete 
| 181|0x000000008b500000, 0x000000008b600000, 0x000000008b600000|100%| E|CS|TAMS 0x000000008b500000, 0x000000008b500000| Complete 
| 182|0x000000008b600000, 0x000000008b700000, 0x000000008b700000|100%| E|CS|TAMS 0x000000008b600000, 0x000000008b600000| Complete 
| 183|0x000000008b700000, 0x000000008b800000, 0x000000008b800000|100%| E|CS|TAMS 0x000000008b700000, 0x000000008b700000| Complete 
| 184|0x000000008b800000, 0x000000008b900000, 0x000000008b900000|100%| E|CS|TAMS 0x000000008b800000, 0x000000008b800000| Complete 
| 185|0x000000008b900000, 0x000000008ba00000, 0x000000008ba00000|100%| E|CS|TAMS 0x000000008b900000, 0x000000008b900000| Complete 
| 186|0x000000008ba00000, 0x000000008bb00000, 0x000000008bb00000|100%| E|CS|TAMS 0x000000008ba00000, 0x000000008ba00000| Complete 
| 187|0x000000008bb00000, 0x000000008bc00000, 0x000000008bc00000|100%| E|CS|TAMS 0x000000008bb00000, 0x000000008bb00000| Complete 
| 188|0x000000008bc00000, 0x000000008bd00000, 0x000000008bd00000|100%| E|CS|TAMS 0x000000008bc00000, 0x000000008bc00000| Complete 
| 189|0x000000008bd00000, 0x000000008be00000, 0x000000008be00000|100%| E|CS|TAMS 0x000000008bd00000, 0x000000008bd00000| Complete 
| 190|0x000000008be00000, 0x000000008bf00000, 0x000000008bf00000|100%| E|CS|TAMS 0x000000008be00000, 0x000000008be00000| Complete 
| 191|0x000000008bf00000, 0x000000008c000000, 0x000000008c000000|100%| E|CS|TAMS 0x000000008bf00000, 0x000000008bf00000| Complete 
| 192|0x000000008c000000, 0x000000008c100000, 0x000000008c100000|100%| E|CS|TAMS 0x000000008c000000, 0x000000008c000000| Complete 
| 193|0x000000008c100000, 0x000000008c200000, 0x000000008c200000|100%| E|CS|TAMS 0x000000008c100000, 0x000000008c100000| Complete 
| 194|0x000000008c200000, 0x000000008c300000, 0x000000008c300000|100%| E|CS|TAMS 0x000000008c200000, 0x000000008c200000| Complete 
| 195|0x000000008c300000, 0x000000008c400000, 0x000000008c400000|100%| E|CS|TAMS 0x000000008c300000, 0x000000008c300000| Complete 
| 196|0x000000008c400000, 0x000000008c500000, 0x000000008c500000|100%| E|CS|TAMS 0x000000008c400000, 0x000000008c400000| Complete 
| 197|0x000000008c500000, 0x000000008c600000, 0x000000008c600000|100%| E|CS|TAMS 0x000000008c500000, 0x000000008c500000| Complete 
| 198|0x000000008c600000, 0x000000008c700000, 0x000000008c700000|100%| E|CS|TAMS 0x000000008c600000, 0x000000008c600000| Complete 
| 199|0x000000008c700000, 0x000000008c800000, 0x000000008c800000|100%| E|CS|TAMS 0x000000008c700000, 0x000000008c700000| Complete 
| 200|0x000000008c800000, 0x000000008c900000, 0x000000008c900000|100%| E|CS|TAMS 0x000000008c800000, 0x000000008c800000| Complete 
| 201|0x000000008c900000, 0x000000008ca00000, 0x000000008ca00000|100%| E|CS|TAMS 0x000000008c900000, 0x000000008c900000| Complete 
| 202|0x000000008ca00000, 0x000000008cb00000, 0x000000008cb00000|100%| E|CS|TAMS 0x000000008ca00000, 0x000000008ca00000| Complete 
| 203|0x000000008cb00000, 0x000000008cc00000, 0x000000008cc00000|100%| E|CS|TAMS 0x000000008cb00000, 0x000000008cb00000| Complete 
| 204|0x000000008cc00000, 0x000000008cd00000, 0x000000008cd00000|100%| E|CS|TAMS 0x000000008cc00000, 0x000000008cc00000| Complete 
| 205|0x000000008cd00000, 0x000000008ce00000, 0x000000008ce00000|100%| E|CS|TAMS 0x000000008cd00000, 0x000000008cd00000| Complete 
| 206|0x000000008ce00000, 0x000000008cf00000, 0x000000008cf00000|100%| E|CS|TAMS 0x000000008ce00000, 0x000000008ce00000| Complete 
| 207|0x000000008cf00000, 0x000000008d000000, 0x000000008d000000|100%| E|CS|TAMS 0x000000008cf00000, 0x000000008cf00000| Complete 
| 208|0x000000008d000000, 0x000000008d100000, 0x000000008d100000|100%| E|CS|TAMS 0x000000008d000000, 0x000000008d000000| Complete 
| 209|0x000000008d100000, 0x000000008d200000, 0x000000008d200000|100%| E|CS|TAMS 0x000000008d100000, 0x000000008d100000| Complete 
| 210|0x000000008d200000, 0x000000008d300000, 0x000000008d300000|100%| E|CS|TAMS 0x000000008d200000, 0x000000008d200000| Complete 
| 211|0x000000008d300000, 0x000000008d400000, 0x000000008d400000|100%| E|CS|TAMS 0x000000008d300000, 0x000000008d300000| Complete 
| 212|0x000000008d400000, 0x000000008d500000, 0x000000008d500000|100%| E|CS|TAMS 0x000000008d400000, 0x000000008d400000| Complete 
| 213|0x000000008d500000, 0x000000008d600000, 0x000000008d600000|100%| E|CS|TAMS 0x000000008d500000, 0x000000008d500000| Complete 
| 214|0x000000008d600000, 0x000000008d700000, 0x000000008d700000|100%| E|CS|TAMS 0x000000008d600000, 0x000000008d600000| Complete 
| 215|0x000000008d700000, 0x000000008d800000, 0x000000008d800000|100%| E|CS|TAMS 0x000000008d700000, 0x000000008d700000| Complete 
| 216|0x000000008d800000, 0x000000008d900000, 0x000000008d900000|100%| E|CS|TAMS 0x000000008d800000, 0x000000008d800000| Complete 
| 217|0x000000008d900000, 0x000000008da00000, 0x000000008da00000|100%| E|CS|TAMS 0x000000008d900000, 0x000000008d900000| Complete 
| 218|0x000000008da00000, 0x000000008db00000, 0x000000008db00000|100%| E|CS|TAMS 0x000000008da00000, 0x000000008da00000| Complete 
| 219|0x000000008db00000, 0x000000008dc00000, 0x000000008dc00000|100%| E|CS|TAMS 0x000000008db00000, 0x000000008db00000| Complete 
| 220|0x000000008dc00000, 0x000000008dd00000, 0x000000008dd00000|100%| E|CS|TAMS 0x000000008dc00000, 0x000000008dc00000| Complete 
| 221|0x000000008dd00000, 0x000000008de00000, 0x000000008de00000|100%| E|CS|TAMS 0x000000008dd00000, 0x000000008dd00000| Complete 
| 222|0x000000008de00000, 0x000000008df00000, 0x000000008df00000|100%| E|CS|TAMS 0x000000008de00000, 0x000000008de00000| Complete 
| 223|0x000000008df00000, 0x000000008e000000, 0x000000008e000000|100%| E|CS|TAMS 0x000000008df00000, 0x000000008df00000| Complete 
| 224|0x000000008e000000, 0x000000008e100000, 0x000000008e100000|100%| E|CS|TAMS 0x000000008e000000, 0x000000008e000000| Complete 
| 225|0x000000008e100000, 0x000000008e200000, 0x000000008e200000|100%| E|CS|TAMS 0x000000008e100000, 0x000000008e100000| Complete 
| 226|0x000000008e200000, 0x000000008e300000, 0x000000008e300000|100%| E|CS|TAMS 0x000000008e200000, 0x000000008e200000| Complete 
| 227|0x000000008e300000, 0x000000008e400000, 0x000000008e400000|100%| E|CS|TAMS 0x000000008e300000, 0x000000008e300000| Complete 
| 228|0x000000008e400000, 0x000000008e500000, 0x000000008e500000|100%| E|CS|TAMS 0x000000008e400000, 0x000000008e400000| Complete 
| 229|0x000000008e500000, 0x000000008e600000, 0x000000008e600000|100%| E|CS|TAMS 0x000000008e500000, 0x000000008e500000| Complete 
| 230|0x000000008e600000, 0x000000008e700000, 0x000000008e700000|100%| E|CS|TAMS 0x000000008e600000, 0x000000008e600000| Complete 
| 231|0x000000008e700000, 0x000000008e800000, 0x000000008e800000|100%| E|CS|TAMS 0x000000008e700000, 0x000000008e700000| Complete 
| 232|0x000000008e800000, 0x000000008e900000, 0x000000008e900000|100%| E|CS|TAMS 0x000000008e800000, 0x000000008e800000| Complete 

Card table byte_map: [0x0000018ff22a0000,0x0000018ff26a0000] _byte_map_base: 0x0000018ff1ea0000

Marking Bits (Prev, Next): (CMBitMap*) 0x0000018fe81b1cd0, (CMBitMap*) 0x0000018fe81b1d10
 Prev Bits: [0x0000018ff2aa0000, 0x0000018ff4aa0000)
 Next Bits: [0x0000018ff4aa0000, 0x0000018ff6aa0000)

Polling page: 0x0000018fe8200000

Metaspace:

Usage:
  Non-class:    104.60 MB used.
      Class:     15.48 MB used.
       Both:    120.09 MB used.

Virtual space:
  Non-class space:      128.00 MB reserved,     105.00 MB ( 82%) committed,  2 nodes.
      Class space:      416.00 MB reserved,      15.75 MB (  4%) committed,  1 nodes.
             Both:      544.00 MB reserved,     120.75 MB ( 22%) committed. 

Chunk freelists:
   Non-Class:  6.14 MB
       Class:  200.00 KB
        Both:  6.34 MB

MaxMetaspaceSize: 512.00 MB
CompressedClassSpaceSize: 416.00 MB
Initial GC threshold: 21.00 MB
Current GC threshold: 135.31 MB
CDS: on
MetaspaceReclaimPolicy: balanced
 - commit_granule_bytes: 65536.
 - commit_granule_words: 8192.
 - virtual_space_node_default_size: 8388608.
 - enlarge_chunks_in_place: 1.
 - new_chunks_are_fully_committed: 0.
 - uncommit_free_chunks: 1.
 - use_allocation_guard: 0.
 - handle_deallocations: 1.


Internal statistics:

num_allocs_failed_limit: 6.
num_arena_births: 920.
num_arena_deaths: 0.
num_vsnodes_births: 3.
num_vsnodes_deaths: 0.
num_space_committed: 1930.
num_space_uncommitted: 0.
num_chunks_returned_to_freelist: 6.
num_chunks_taken_from_freelist: 5231.
num_chunk_merges: 6.
num_chunk_splits: 4056.
num_chunks_enlarged: 3285.
num_inconsistent_stats: 0.

CodeHeap 'non-profiled nmethods': size=120000Kb used=5036Kb max_used=5036Kb free=114963Kb
 bounds [0x0000018f87ad0000, 0x0000018f87fc0000, 0x0000018f8f000000]
CodeHeap 'profiled nmethods': size=120000Kb used=17311Kb max_used=17311Kb free=102688Kb
 bounds [0x0000018f80000000, 0x0000018f810f0000, 0x0000018f87530000]
CodeHeap 'non-nmethods': size=5760Kb used=2565Kb max_used=2615Kb free=3194Kb
 bounds [0x0000018f87530000, 0x0000018f877d0000, 0x0000018f87ad0000]
 total_blobs=9656 nmethods=8522 adapters=1045
 compilation: enabled
              stopped_count=0, restarted_count=0
 full_count=0

Compilation events (20 events):
Event: 45.733 Thread 0x0000018fba9f4a10 nmethod 10044 0x0000018f87dd1190 code [0x0000018f87dd1300, 0x0000018f87dd1398]
Event: 45.733 Thread 0x0000018fba9f4a10 10094       4       org.gradle.internal.service.DefaultServiceRegistry$SingletonService::get (5 bytes)
Event: 45.741 Thread 0x0000018ff9594f00 nmethod 10114 0x0000018f87dd0890 code [0x0000018f87dd0a40, 0x0000018f87dd0eb8]
Event: 45.741 Thread 0x0000018ff9594f00 10095   !   4       org.gradle.internal.service.DefaultServiceRegistry$ManagedObjectServiceProvider::getInstance (47 bytes)
Event: 45.767 Thread 0x0000018ff95959b0 10123       3       sun.security.x509.Extension::<init> (20 bytes)
Event: 45.768 Thread 0x0000018ff95959b0 nmethod 10123 0x0000018f810e6b10 code [0x0000018f810e6ca0, 0x0000018f810e6e58]
Event: 45.769 Thread 0x0000018ff95959b0 10124       3       java.security.cert.TrustAnchor::getNameConstraints (22 bytes)
Event: 45.769 Thread 0x0000018ff95959b0 nmethod 10124 0x0000018f810e6f10 code [0x0000018f810e70c0, 0x0000018f810e73e8]
Event: 45.769 Thread 0x0000018ff95959b0 10125       3       java.util.HexFormat::toHighHexDigit (13 bytes)
Event: 45.769 Thread 0x0000018ff95959b0 nmethod 10125 0x0000018f810e7510 code [0x0000018f810e76a0, 0x0000018f810e77f8]
Event: 45.769 Thread 0x0000018ff95959b0 10126       3       java.util.HexFormat::toLowHexDigit (11 bytes)
Event: 45.769 Thread 0x0000018ff95959b0 nmethod 10126 0x0000018f810e7910 code [0x0000018f810e7aa0, 0x0000018f810e7bf8]
Event: 45.770 Thread 0x0000018ff95959b0 10127       3       java.math.MutableBigInteger::unsignedLongCompare (20 bytes)
Event: 45.770 Thread 0x0000018ff95959b0 nmethod 10127 0x0000018f810e7d10 code [0x0000018f810e7ea0, 0x0000018f810e8018]
Event: 45.772 Thread 0x0000018ff95959b0 10129       3       java.math.BigInteger::shiftLeftImplWorker (43 bytes)
Event: 45.772 Thread 0x0000018ff95959b0 nmethod 10129 0x0000018f810e8090 code [0x0000018f810e8240, 0x0000018f810e8478]
Event: 45.808 Thread 0x0000018ff95959b0 10133       3       java.math.MutableBigInteger::clear (37 bytes)
Event: 45.809 Thread 0x0000018ff95959b0 nmethod 10133 0x0000018f810e8610 code [0x0000018f810e87a0, 0x0000018f810e8978]
Event: 45.811 Thread 0x0000018ff95959b0 10137       3       java.util.StringTokenizer::skipDelimiters (116 bytes)
Event: 45.814 Thread 0x0000018ff95959b0 nmethod 10137 0x0000018f810e8a90 code [0x0000018f810e8d40, 0x0000018f810e9ac8]

GC Heap History (20 events):
Event: 37.924 GC heap before
{Heap before GC invocations=26 (full 0):
 garbage-first heap   total 86016K, used 48904K [0x0000000080000000, 0x0000000100000000)
  region size 1024K, 4 young (4096K), 2 survivors (2048K)
 Metaspace       used 73088K, committed 73728K, reserved 491520K
  class space    used 10285K, committed 10560K, reserved 425984K
}
Event: 37.927 GC heap after
{Heap after GC invocations=27 (full 0):
 garbage-first heap   total 86016K, used 46605K [0x0000000080000000, 0x0000000100000000)
  region size 1024K, 1 young (1024K), 1 survivors (1024K)
 Metaspace       used 73088K, committed 73728K, reserved 491520K
  class space    used 10285K, committed 10560K, reserved 425984K
}
Event: 38.313 GC heap before
{Heap before GC invocations=27 (full 0):
 garbage-first heap   total 86016K, used 71181K [0x0000000080000000, 0x0000000100000000)
  region size 1024K, 26 young (26624K), 1 survivors (1024K)
 Metaspace       used 76504K, committed 77184K, reserved 557056K
  class space    used 10728K, committed 11008K, reserved 425984K
}
Event: 38.316 GC heap after
{Heap after GC invocations=28 (full 0):
 garbage-first heap   total 86016K, used 47160K [0x0000000080000000, 0x0000000100000000)
  region size 1024K, 2 young (2048K), 2 survivors (2048K)
 Metaspace       used 76504K, committed 77184K, reserved 557056K
  class space    used 10728K, committed 11008K, reserved 425984K
}
Event: 38.720 GC heap before
{Heap before GC invocations=29 (full 0):
 garbage-first heap   total 87040K, used 70712K [0x0000000080000000, 0x0000000100000000)
  region size 1024K, 26 young (26624K), 2 survivors (2048K)
 Metaspace       used 79657K, committed 80384K, reserved 557056K
  class space    used 11127K, committed 11456K, reserved 425984K
}
Event: 38.723 GC heap after
{Heap after GC invocations=30 (full 0):
 garbage-first heap   total 87040K, used 47718K [0x0000000080000000, 0x0000000100000000)
  region size 1024K, 2 young (2048K), 2 survivors (2048K)
 Metaspace       used 79657K, committed 80384K, reserved 557056K
  class space    used 11127K, committed 11456K, reserved 425984K
}
Event: 38.755 GC heap before
{Heap before GC invocations=30 (full 0):
 garbage-first heap   total 87040K, used 49766K [0x0000000080000000, 0x0000000100000000)
  region size 1024K, 4 young (4096K), 2 survivors (2048K)
 Metaspace       used 79978K, committed 80640K, reserved 557056K
  class space    used 11173K, committed 11456K, reserved 425984K
}
Event: 38.758 GC heap after
{Heap after GC invocations=31 (full 0):
 garbage-first heap   total 87040K, used 47408K [0x0000000080000000, 0x0000000100000000)
  region size 1024K, 1 young (1024K), 1 survivors (1024K)
 Metaspace       used 79978K, committed 80640K, reserved 557056K
  class space    used 11173K, committed 11456K, reserved 425984K
}
Event: 39.137 GC heap before
{Heap before GC invocations=31 (full 0):
 garbage-first heap   total 87040K, used 81200K [0x0000000080000000, 0x0000000100000000)
  region size 1024K, 27 young (27648K), 1 survivors (1024K)
 Metaspace       used 82400K, committed 83136K, reserved 557056K
  class space    used 11452K, committed 11776K, reserved 425984K
}
Event: 39.141 GC heap after
{Heap after GC invocations=32 (full 0):
 garbage-first heap   total 87040K, used 58368K [0x0000000080000000, 0x0000000100000000)
  region size 1024K, 4 young (4096K), 4 survivors (4096K)
 Metaspace       used 82400K, committed 83136K, reserved 557056K
  class space    used 11452K, committed 11776K, reserved 425984K
}
Event: 39.282 GC heap before
{Heap before GC invocations=33 (full 0):
 garbage-first heap   total 114688K, used 72704K [0x0000000080000000, 0x0000000100000000)
  region size 1024K, 18 young (18432K), 4 survivors (4096K)
 Metaspace       used 82508K, committed 83264K, reserved 557056K
  class space    used 11456K, committed 11776K, reserved 425984K
}
Event: 39.299 GC heap after
{Heap after GC invocations=34 (full 0):
 garbage-first heap   total 114688K, used 64660K [0x0000000080000000, 0x0000000100000000)
  region size 1024K, 3 young (3072K), 3 survivors (3072K)
 Metaspace       used 82508K, committed 83264K, reserved 557056K
  class space    used 11456K, committed 11776K, reserved 425984K
}
Event: 39.318 GC heap before
{Heap before GC invocations=34 (full 0):
 garbage-first heap   total 114688K, used 65684K [0x0000000080000000, 0x0000000100000000)
  region size 1024K, 5 young (5120K), 3 survivors (3072K)
 Metaspace       used 82510K, committed 83264K, reserved 557056K
  class space    used 11457K, committed 11776K, reserved 425984K
}
Event: 39.326 GC heap after
{Heap after GC invocations=35 (full 0):
 garbage-first heap   total 238592K, used 65791K [0x0000000080000000, 0x0000000100000000)
  region size 1024K, 1 young (1024K), 1 survivors (1024K)
 Metaspace       used 82510K, committed 83264K, reserved 557056K
  class space    used 11457K, committed 11776K, reserved 425984K
}
Event: 40.999 GC heap before
{Heap before GC invocations=35 (full 0):
 garbage-first heap   total 238592K, used 182527K [0x0000000080000000, 0x0000000100000000)
  region size 1024K, 108 young (110592K), 1 survivors (1024K)
 Metaspace       used 93898K, committed 94592K, reserved 557056K
  class space    used 12632K, committed 12928K, reserved 425984K
}
Event: 41.007 GC heap after
{Heap after GC invocations=36 (full 0):
 garbage-first heap   total 238592K, used 73235K [0x0000000080000000, 0x0000000100000000)
  region size 1024K, 9 young (9216K), 9 survivors (9216K)
 Metaspace       used 93898K, committed 94592K, reserved 557056K
  class space    used 12632K, committed 12928K, reserved 425984K
}
Event: 42.342 GC heap before
{Heap before GC invocations=36 (full 0):
 garbage-first heap   total 238592K, used 180755K [0x0000000080000000, 0x0000000100000000)
  region size 1024K, 113 young (115712K), 9 survivors (9216K)
 Metaspace       used 102612K, committed 103296K, reserved 557056K
  class space    used 13688K, committed 14016K, reserved 425984K
}
Event: 42.356 GC heap after
{Heap after GC invocations=37 (full 0):
 garbage-first heap   total 238592K, used 79143K [0x0000000080000000, 0x0000000100000000)
  region size 1024K, 13 young (13312K), 13 survivors (13312K)
 Metaspace       used 102612K, committed 103296K, reserved 557056K
  class space    used 13688K, committed 14016K, reserved 425984K
}
Event: 44.229 GC heap before
{Heap before GC invocations=37 (full 0):
 garbage-first heap   total 238592K, used 184615K [0x0000000080000000, 0x0000000100000000)
  region size 1024K, 116 young (118784K), 13 survivors (13312K)
 Metaspace       used 113356K, committed 113984K, reserved 557056K
  class space    used 14875K, committed 15168K, reserved 425984K
}
Event: 44.241 GC heap after
{Heap after GC invocations=38 (full 0):
 garbage-first heap   total 238592K, used 84602K [0x0000000080000000, 0x0000000100000000)
  region size 1024K, 12 young (12288K), 12 survivors (12288K)
 Metaspace       used 113356K, committed 113984K, reserved 557056K
  class space    used 14875K, committed 15168K, reserved 425984K
}

Dll operation events (15 events):
Event: 0.007 Loaded shared library C:\Program Files\Microsoft\jdk-17.0.10.7-hotspot\bin\java.dll
Event: 0.025 Loaded shared library C:\Program Files\Microsoft\jdk-17.0.10.7-hotspot\bin\jsvml.dll
Event: 0.065 Loaded shared library C:\Program Files\Microsoft\jdk-17.0.10.7-hotspot\bin\zip.dll
Event: 0.067 Loaded shared library C:\Program Files\Microsoft\jdk-17.0.10.7-hotspot\bin\instrument.dll
Event: 0.071 Loaded shared library C:\Program Files\Microsoft\jdk-17.0.10.7-hotspot\bin\net.dll
Event: 0.072 Loaded shared library C:\Program Files\Microsoft\jdk-17.0.10.7-hotspot\bin\nio.dll
Event: 0.075 Loaded shared library C:\Program Files\Microsoft\jdk-17.0.10.7-hotspot\bin\zip.dll
Event: 0.253 Loaded shared library C:\Program Files\Microsoft\jdk-17.0.10.7-hotspot\bin\jimage.dll
Event: 0.322 Loaded shared library C:\Program Files\Microsoft\jdk-17.0.10.7-hotspot\bin\verify.dll
Event: 0.486 Loaded shared library C:\Users\Muhammad Saad\.gradle\native\c067742578af261105cb4f569cf0c3c89f3d7b1fecec35dd04571415982c5e48\windows-amd64\native-platform.dll
Event: 0.507 Loaded shared library C:\Users\Muhammad Saad\.gradle\native\38dada09dfb8b06ba9b0570ebf7e218e3eb74d4ef43ca46872605cf95ebc2f47\windows-amd64\native-platform-file-events.dll
Event: 1.431 Loaded shared library C:\Program Files\Microsoft\jdk-17.0.10.7-hotspot\bin\management.dll
Event: 1.434 Loaded shared library C:\Program Files\Microsoft\jdk-17.0.10.7-hotspot\bin\management_ext.dll
Event: 1.632 Loaded shared library C:\Program Files\Microsoft\jdk-17.0.10.7-hotspot\bin\extnet.dll
Event: 1.880 Loaded shared library C:\Program Files\Microsoft\jdk-17.0.10.7-hotspot\bin\sunmscapi.dll

Deoptimization events (20 events):
Event: 45.626 Thread 0x0000018faafc9870 DEOPT PACKING pc=0x0000018f87c42578 sp=0x00000023393f85c0
Event: 45.626 Thread 0x0000018faafc9870 DEOPT UNPACKING pc=0x0000018f875869a3 sp=0x00000023393f8568 mode 2
Event: 45.657 Thread 0x0000018faafc9870 DEOPT PACKING pc=0x0000018f808fa9d9 sp=0x00000023393f4610
Event: 45.657 Thread 0x0000018faafc9870 DEOPT UNPACKING pc=0x0000018f87587143 sp=0x00000023393f3b08 mode 0
Event: 45.716 Thread 0x0000018faafc9870 Uncommon trap: trap_request=0xffffff66 fr.pc=0x0000018f87d26a6c relative=0x00000000000002cc
Event: 45.716 Thread 0x0000018faafc9870 Uncommon trap: reason=speculate_class_check action=maybe_recompile pc=0x0000018f87d26a6c method=sun.security.util.math.intpoly.IntegerPolynomial.multByInt([JJ)V @ 26 c2
Event: 45.716 Thread 0x0000018faafc9870 DEOPT PACKING pc=0x0000018f87d26a6c sp=0x00000023393f3c30
Event: 45.716 Thread 0x0000018faafc9870 DEOPT UNPACKING pc=0x0000018f875869a3 sp=0x00000023393f3b70 mode 2
Event: 45.716 Thread 0x0000018faafc9870 Uncommon trap: trap_request=0xffffff66 fr.pc=0x0000018f87d26a6c relative=0x00000000000002cc
Event: 45.716 Thread 0x0000018faafc9870 Uncommon trap: reason=speculate_class_check action=maybe_recompile pc=0x0000018f87d26a6c method=sun.security.util.math.intpoly.IntegerPolynomial.multByInt([JJ)V @ 26 c2
Event: 45.716 Thread 0x0000018faafc9870 DEOPT PACKING pc=0x0000018f87d26a6c sp=0x00000023393f3c30
Event: 45.716 Thread 0x0000018faafc9870 DEOPT UNPACKING pc=0x0000018f875869a3 sp=0x00000023393f3b70 mode 2
Event: 45.716 Thread 0x0000018faafc9870 Uncommon trap: trap_request=0xffffff66 fr.pc=0x0000018f87d26a6c relative=0x00000000000002cc
Event: 45.716 Thread 0x0000018faafc9870 Uncommon trap: reason=speculate_class_check action=maybe_recompile pc=0x0000018f87d26a6c method=sun.security.util.math.intpoly.IntegerPolynomial.multByInt([JJ)V @ 26 c2
Event: 45.716 Thread 0x0000018faafc9870 DEOPT PACKING pc=0x0000018f87d26a6c sp=0x00000023393f3c30
Event: 45.716 Thread 0x0000018faafc9870 DEOPT UNPACKING pc=0x0000018f875869a3 sp=0x00000023393f3b70 mode 2
Event: 45.716 Thread 0x0000018faafc9870 Uncommon trap: trap_request=0xffffff66 fr.pc=0x0000018f87d26a6c relative=0x00000000000002cc
Event: 45.716 Thread 0x0000018faafc9870 Uncommon trap: reason=speculate_class_check action=maybe_recompile pc=0x0000018f87d26a6c method=sun.security.util.math.intpoly.IntegerPolynomial.multByInt([JJ)V @ 26 c2
Event: 45.716 Thread 0x0000018faafc9870 DEOPT PACKING pc=0x0000018f87d26a6c sp=0x00000023393f3c30
Event: 45.716 Thread 0x0000018faafc9870 DEOPT UNPACKING pc=0x0000018f875869a3 sp=0x00000023393f3b70 mode 2

Classes unloaded (0 events):
No events

Classes redefined (0 events):
No events

Internal exceptions (20 events):
Event: 38.221 Thread 0x0000018faafc9870 Exception <a 'java/lang/NoSuchMethodError'{0x0000000083f6f860}: 'int java.lang.invoke.DelegatingMethodHandle$Holder.reinvoke_L(java.lang.Object, java.lang.Object, java.lang.Object, long, int, int)'> (0x0000000083f6f860) 
thrown [s\src\hotspot\share\interpreter\linkResolver.cpp, line 759]
Event: 38.222 Thread 0x0000018faafc9870 Exception <a 'java/lang/NoSuchMethodError'{0x0000000083f7feb8}: 'int java.lang.invoke.DelegatingMethodHandle$Holder.reinvoke_L(java.lang.Object, java.lang.Object, java.lang.Object, long, long, long)'> (0x0000000083f7feb8) 
thrown [s\src\hotspot\share\interpreter\linkResolver.cpp, line 759]
Event: 38.223 Thread 0x0000018faafc9870 Exception <a 'java/lang/NoSuchMethodError'{0x0000000083f8fc28}: 'int java.lang.invoke.DelegatingMethodHandle$Holder.reinvoke_L(java.lang.Object, java.lang.Object, java.lang.Object, long, int)'> (0x0000000083f8fc28) 
thrown [s\src\hotspot\share\interpreter\linkResolver.cpp, line 759]
Event: 38.902 Thread 0x0000018faafc9870 Exception <a 'java/lang/NoSuchMethodError'{0x0000000084affbb0}: 'java.lang.Object java.lang.invoke.Invokers$Holder.invokeExact_MT(java.lang.Object, java.lang.Object, long, java.lang.Object)'> (0x0000000084affbb0) 
thrown [s\src\hotspot\share\interpreter\linkResolver.cpp, line 759]
Event: 38.938 Thread 0x0000018faafc9870 Exception <a 'java/lang/NoSuchMethodError'{0x000000008477b9e8}: 'java.lang.Object java.lang.invoke.Invokers$Holder.invoke_MT(java.lang.Object, java.lang.Object, java.lang.Object)'> (0x000000008477b9e8) 
thrown [s\src\hotspot\share\interpreter\linkResolver.cpp, line 759]
Event: 42.867 Thread 0x0000018faafc9870 Implicit null exception at 0x0000018f87c7a960 to 0x0000018f87c7b10c
Event: 42.867 Thread 0x0000018faafc9870 Implicit null exception at 0x0000018f87f9058f to 0x0000018f87f905cc
Event: 43.530 Thread 0x0000018faafc9870 Exception <a 'java/lang/NoSuchMethodError'{0x000000008a4c9c38}: 'java.lang.Object java.lang.invoke.DirectMethodHandle$Holder.newInvokeSpecial(java.lang.Object, java.lang.Object, java.lang.Object, int, int, java.lang.Object, java.lang.Object)'> (0x000000008a4c9c38) 
thrown [s\src\hotspot\share\interpreter\linkResolver.cpp, line 759]
Event: 45.462 Thread 0x0000018fab974240 Exception <a 'sun/nio/fs/WindowsException'{0x000000008afe54d0}> (0x000000008afe54d0) 
thrown [s\src\hotspot\share\prims\jni.cpp, line 516]
Event: 45.462 Thread 0x0000018fab974240 Exception <a 'sun/nio/fs/WindowsException'{0x000000008afe5b78}> (0x000000008afe5b78) 
thrown [s\src\hotspot\share\prims\jni.cpp, line 516]
Event: 45.540 Thread 0x0000018fab974240 Exception <a 'sun/nio/fs/WindowsException'{0x000000008ac27268}> (0x000000008ac27268) 
thrown [s\src\hotspot\share\prims\jni.cpp, line 516]
Event: 45.541 Thread 0x0000018fab974240 Exception <a 'sun/nio/fs/WindowsException'{0x000000008ac27400}> (0x000000008ac27400) 
thrown [s\src\hotspot\share\prims\jni.cpp, line 516]
Event: 45.587 Thread 0x0000018faafc9870 Exception <a 'java/lang/NoSuchMethodError'{0x000000008ab8ccb8}: static Lorg/gradle/api/internal/catalog/DefaultVersionCatalog;.<clinit>()V> (0x000000008ab8ccb8) 
thrown [s\src\hotspot\share\prims\jni.cpp, line 1107]
Event: 45.595 Thread 0x0000018faafc9870 Exception <a 'java/lang/NoSuchMethodError'{0x000000008abded28}: static [Ljava/lang/Object;.<clinit>()V> (0x000000008abded28) 
thrown [s\src\hotspot\share\prims\jni.cpp, line 1107]
Event: 45.598 Thread 0x0000018faafc9870 Exception <a 'java/lang/NoSuchMethodError'{0x000000008aa07a40}: static Lorg/gradle/api/internal/catalog/DependencyModel;.<clinit>()V> (0x000000008aa07a40) 
thrown [s\src\hotspot\share\prims\jni.cpp, line 1107]
Event: 45.599 Thread 0x0000018faafc9870 Exception <a 'java/lang/NoSuchMethodError'{0x000000008aa0b5b8}: static Lorg/gradle/api/internal/catalog/AbstractContextAwareModel;.<clinit>()V> (0x000000008aa0b5b8) 
thrown [s\src\hotspot\share\prims\jni.cpp, line 1107]
Event: 45.600 Thread 0x0000018faafc9870 Exception <a 'java/lang/NoSuchMethodError'{0x000000008aa24f08}: static Lorg/gradle/api/internal/artifacts/dependencies/AbstractVersionConstraint;.<clinit>()V> (0x000000008aa24f08) 
thrown [s\src\hotspot\share\prims\jni.cpp, line 1107]
Event: 45.611 Thread 0x0000018faafc9870 Exception <a 'java/lang/NoSuchMethodError'{0x000000008aadd940}: static Lorg/gradle/api/internal/catalog/PluginModel;.<clinit>()V> (0x000000008aadd940) 
thrown [s\src\hotspot\share\prims\jni.cpp, line 1107]
Event: 45.612 Thread 0x0000018faafc9870 Exception <a 'java/lang/NoSuchMethodError'{0x000000008aaf46d8}: static Lorg/gradle/api/internal/catalog/VersionModel;.<clinit>()V> (0x000000008aaf46d8) 
thrown [s\src\hotspot\share\prims\jni.cpp, line 1107]
Event: 45.615 Thread 0x0000018faafc9870 Exception <a 'java/lang/NoSuchMethodError'{0x000000008a90ca78}: 'void java.lang.invoke.DirectMethodHandle$Holder.invokeSpecial(java.lang.Object, java.lang.Object, java.lang.Object, int)'> (0x000000008a90ca78) 
thrown [s\src\hotspot\share\interpreter\linkResolver.cpp, line 759]

VM Operations (20 events):
Event: 44.150 Executing VM operation: HandshakeAllThreads
Event: 44.150 Executing VM operation: HandshakeAllThreads done
Event: 44.150 Executing VM operation: Cleanup
Event: 44.150 Executing VM operation: Cleanup done
Event: 44.151 Executing VM operation: HandshakeAllThreads
Event: 44.151 Executing VM operation: HandshakeAllThreads done
Event: 44.229 Executing VM operation: G1CollectForAllocation
Event: 44.241 Executing VM operation: G1CollectForAllocation done
Event: 44.544 Executing VM operation: HandshakeAllThreads
Event: 44.544 Executing VM operation: HandshakeAllThreads done
Event: 45.181 Executing VM operation: HandshakeAllThreads
Event: 45.181 Executing VM operation: HandshakeAllThreads done
Event: 45.512 Executing VM operation: HandshakeAllThreads
Event: 45.512 Executing VM operation: HandshakeAllThreads done
Event: 45.512 Executing VM operation: Cleanup
Event: 45.512 Executing VM operation: Cleanup done
Event: 45.591 Executing VM operation: HandshakeAllThreads
Event: 45.591 Executing VM operation: HandshakeAllThreads done
Event: 45.814 Executing VM operation: HandshakeAllThreads
Event: 45.814 Executing VM operation: HandshakeAllThreads done

Events (20 events):
Event: 45.619 loading class java/io/ObjectInputStream$FieldValues
Event: 45.619 loading class java/io/ObjectInputStream$GetField
Event: 45.619 loading class java/io/ObjectInputStream$GetField done
Event: 45.619 loading class java/io/ObjectInputStream$FieldValues done
Event: 45.631 Thread 0x0000018fba9f54b0 Thread added: 0x0000018fba9f54b0
Event: 45.719 Thread 0x0000018fba9f4a10 Thread added: 0x0000018fba9f4a10
Event: 45.766 loading class sun/security/ssl/SSLKeyExchange$SSLKeyExECDHERSAOrPSS
Event: 45.767 loading class sun/security/ssl/SSLKeyExchange$SSLKeyExECDHERSAOrPSS done
Event: 45.808 loading class sun/security/rsa/MGF1
Event: 45.808 loading class sun/security/rsa/MGF1 done
Event: 45.811 loading class sun/security/ssl/SSLCipher$T12CC20P1305WriteCipherGenerator$CC20P1305WriteCipher
Event: 45.811 loading class sun/security/ssl/SSLCipher$T12CC20P1305WriteCipherGenerator$CC20P1305WriteCipher done
Event: 45.812 loading class com/sun/crypto/provider/ChaCha20Cipher$EngineAEADEnc
Event: 45.812 loading class com/sun/crypto/provider/ChaCha20Cipher$ChaChaEngine
Event: 45.812 loading class com/sun/crypto/provider/ChaCha20Cipher$ChaChaEngine done
Event: 45.812 loading class com/sun/crypto/provider/ChaCha20Cipher$EngineAEADEnc done
Event: 45.812 loading class com/sun/crypto/provider/Poly1305
Event: 45.812 loading class com/sun/crypto/provider/Poly1305 done
Event: 45.812 loading class sun/security/util/math/intpoly/IntegerPolynomial1305
Event: 45.813 loading class sun/security/util/math/intpoly/IntegerPolynomial1305 done


Dynamic libraries:
0x00007ff640a80000 - 0x00007ff640a8e000 	C:\Program Files\Microsoft\jdk-17.0.10.7-hotspot\bin\java.exe
0x00007ffeacbb0000 - 0x00007ffeacdc6000 	C:\WINDOWS\SYSTEM32\ntdll.dll
0x00007ffeaa940000 - 0x00007ffeaaa04000 	C:\WINDOWS\System32\KERNEL32.DLL
0x00007ffeaa020000 - 0x00007ffeaa3c7000 	C:\WINDOWS\System32\KERNELBASE.dll
0x00007ffea9f00000 - 0x00007ffeaa011000 	C:\WINDOWS\System32\ucrtbase.dll
0x00007ffea4b00000 - 0x00007ffea4b17000 	C:\Program Files\Microsoft\jdk-17.0.10.7-hotspot\bin\jli.dll
0x00007ffea49a0000 - 0x00007ffea49bb000 	C:\Program Files\Microsoft\jdk-17.0.10.7-hotspot\bin\VCRUNTIME140.dll
0x00007ffeaac70000 - 0x00007ffeaae1e000 	C:\WINDOWS\System32\USER32.dll
0x00007ffe95bc0000 - 0x00007ffe95e53000 	C:\WINDOWS\WinSxS\amd64_microsoft.windows.common-controls_6595b64144ccf1df_6.0.22621.3235_none_270f74e173860f98\COMCTL32.dll
0x00007ffeaa3d0000 - 0x00007ffeaa3f6000 	C:\WINDOWS\System32\win32u.dll
0x00007ffeaaa10000 - 0x00007ffeaaab7000 	C:\WINDOWS\System32\msvcrt.dll
0x00007ffeaaac0000 - 0x00007ffeaaae9000 	C:\WINDOWS\System32\GDI32.dll
0x00007ffeaa400000 - 0x00007ffeaa519000 	C:\WINDOWS\System32\gdi32full.dll
0x00007ffeaa520000 - 0x00007ffeaa5ba000 	C:\WINDOWS\System32\msvcp_win.dll
0x00007ffeab6c0000 - 0x00007ffeab6f1000 	C:\WINDOWS\System32\IMM32.DLL
0x00007ffea4e00000 - 0x00007ffea4e0c000 	C:\Program Files\Microsoft\jdk-17.0.10.7-hotspot\bin\vcruntime140_1.dll
0x00007ffe7fbb0000 - 0x00007ffe7fc3d000 	C:\Program Files\Microsoft\jdk-17.0.10.7-hotspot\bin\msvcp140.dll
0x00007ffe59370000 - 0x00007ffe59fd5000 	C:\Program Files\Microsoft\jdk-17.0.10.7-hotspot\bin\server\jvm.dll
0x00007ffeaabb0000 - 0x00007ffeaac62000 	C:\WINDOWS\System32\ADVAPI32.dll
0x00007ffeaaaf0000 - 0x00007ffeaab98000 	C:\WINDOWS\System32\sechost.dll
0x00007ffea9ed0000 - 0x00007ffea9ef8000 	C:\WINDOWS\System32\bcrypt.dll
0x00007ffeabdc0000 - 0x00007ffeabed5000 	C:\WINDOWS\System32\RPCRT4.dll
0x00007ffe95610000 - 0x00007ffe95619000 	C:\WINDOWS\SYSTEM32\WSOCK32.dll
0x00007ffea9da0000 - 0x00007ffea9ded000 	C:\WINDOWS\SYSTEM32\POWRPROF.dll
0x00007ffeaaea0000 - 0x00007ffeaaf11000 	C:\WINDOWS\System32\WS2_32.dll
0x00007ffea3dc0000 - 0x00007ffea3df4000 	C:\WINDOWS\SYSTEM32\WINMM.dll
0x00007ffe9e820000 - 0x00007ffe9e82a000 	C:\WINDOWS\SYSTEM32\VERSION.dll
0x00007ffea9cd0000 - 0x00007ffea9ce3000 	C:\WINDOWS\SYSTEM32\UMPDC.dll
0x00007ffea8f10000 - 0x00007ffea8f28000 	C:\WINDOWS\SYSTEM32\kernel.appcore.dll
0x00007ffea4840000 - 0x00007ffea484a000 	C:\Program Files\Microsoft\jdk-17.0.10.7-hotspot\bin\jimage.dll
0x00007ffe984c0000 - 0x00007ffe986f3000 	C:\WINDOWS\SYSTEM32\DBGHELP.DLL
0x00007ffeab230000 - 0x00007ffeab5b8000 	C:\WINDOWS\System32\combase.dll
0x00007ffeab140000 - 0x00007ffeab217000 	C:\WINDOWS\System32\OLEAUT32.dll
0x00007ffe944a0000 - 0x00007ffe944d2000 	C:\WINDOWS\SYSTEM32\dbgcore.DLL
0x00007ffeaa7f0000 - 0x00007ffeaa869000 	C:\WINDOWS\System32\bcryptPrimitives.dll
0x00007ffe9a950000 - 0x00007ffe9a95e000 	C:\Program Files\Microsoft\jdk-17.0.10.7-hotspot\bin\instrument.dll
0x00007ffe98740000 - 0x00007ffe98765000 	C:\Program Files\Microsoft\jdk-17.0.10.7-hotspot\bin\java.dll
0x00007ffe775f0000 - 0x00007ffe776c7000 	C:\Program Files\Microsoft\jdk-17.0.10.7-hotspot\bin\jsvml.dll
0x00007ffeac310000 - 0x00007ffeacb6c000 	C:\WINDOWS\System32\SHELL32.dll
0x00007ffea7e20000 - 0x00007ffea8719000 	C:\WINDOWS\SYSTEM32\windows.storage.dll
0x00007ffea7ce0000 - 0x00007ffea7e1e000 	C:\WINDOWS\SYSTEM32\wintypes.dll
0x00007ffeabf10000 - 0x00007ffeac003000 	C:\WINDOWS\System32\SHCORE.dll
0x00007ffeaa8e0000 - 0x00007ffeaa93e000 	C:\WINDOWS\System32\shlwapi.dll
0x00007ffea9e00000 - 0x00007ffea9e21000 	C:\WINDOWS\SYSTEM32\profapi.dll
0x00007ffe96270000 - 0x00007ffe96288000 	C:\Program Files\Microsoft\jdk-17.0.10.7-hotspot\bin\zip.dll
0x00007ffea4000000 - 0x00007ffea4019000 	C:\Program Files\Microsoft\jdk-17.0.10.7-hotspot\bin\net.dll
0x00007ffea3aa0000 - 0x00007ffea3bd6000 	C:\WINDOWS\SYSTEM32\WINHTTP.dll
0x00007ffea9380000 - 0x00007ffea93e9000 	C:\WINDOWS\system32\mswsock.dll
0x00007ffe991d0000 - 0x00007ffe991e6000 	C:\Program Files\Microsoft\jdk-17.0.10.7-hotspot\bin\nio.dll
0x00007ffe9a9f0000 - 0x00007ffe9aa00000 	C:\Program Files\Microsoft\jdk-17.0.10.7-hotspot\bin\verify.dll
0x00007ffe8bdc0000 - 0x00007ffe8bde7000 	C:\Users\Muhammad Saad\.gradle\native\c067742578af261105cb4f569cf0c3c89f3d7b1fecec35dd04571415982c5e48\windows-amd64\native-platform.dll
0x00007ffe700c0000 - 0x00007ffe70204000 	C:\Users\Muhammad Saad\.gradle\native\38dada09dfb8b06ba9b0570ebf7e218e3eb74d4ef43ca46872605cf95ebc2f47\windows-amd64\native-platform-file-events.dll
0x00007ffe98730000 - 0x00007ffe98739000 	C:\Program Files\Microsoft\jdk-17.0.10.7-hotspot\bin\management.dll
0x00007ffe98700000 - 0x00007ffe9870b000 	C:\Program Files\Microsoft\jdk-17.0.10.7-hotspot\bin\management_ext.dll
0x00007ffeaaba0000 - 0x00007ffeaaba8000 	C:\WINDOWS\System32\PSAPI.DLL
0x00007ffea95e0000 - 0x00007ffea95fb000 	C:\WINDOWS\SYSTEM32\CRYPTSP.dll
0x00007ffea8e70000 - 0x00007ffea8ea5000 	C:\WINDOWS\system32\rsaenh.dll
0x00007ffea9480000 - 0x00007ffea94a8000 	C:\WINDOWS\SYSTEM32\USERENV.dll
0x00007ffea9600000 - 0x00007ffea960c000 	C:\WINDOWS\SYSTEM32\CRYPTBASE.dll
0x00007ffea89c0000 - 0x00007ffea89ed000 	C:\WINDOWS\SYSTEM32\IPHLPAPI.DLL
0x00007ffeab220000 - 0x00007ffeab229000 	C:\WINDOWS\System32\NSI.dll
0x00007ffea3da0000 - 0x00007ffea3db9000 	C:\WINDOWS\SYSTEM32\dhcpcsvc6.DLL
0x00007ffea3d20000 - 0x00007ffea3d3f000 	C:\WINDOWS\SYSTEM32\dhcpcsvc.DLL
0x00007ffea89f0000 - 0x00007ffea8ae9000 	C:\WINDOWS\SYSTEM32\DNSAPI.dll
0x00007ffe97be0000 - 0x00007ffe97be9000 	C:\Program Files\Microsoft\jdk-17.0.10.7-hotspot\bin\extnet.dll
0x00007ffe97e70000 - 0x00007ffe97e7e000 	C:\Program Files\Microsoft\jdk-17.0.10.7-hotspot\bin\sunmscapi.dll
0x00007ffeaa5c0000 - 0x00007ffeaa727000 	C:\WINDOWS\System32\CRYPT32.dll
0x00007ffea97a0000 - 0x00007ffea97ce000 	C:\WINDOWS\SYSTEM32\ncrypt.dll
0x00007ffea9760000 - 0x00007ffea9797000 	C:\WINDOWS\SYSTEM32\NTASN1.dll
0x00007ffe97d60000 - 0x00007ffe97d68000 	C:\WINDOWS\system32\wshunix.dll
0x00007ffe9edf0000 - 0x00007ffe9edfa000 	C:\Windows\System32\rasadhlp.dll
0x00007ffea2040000 - 0x00007ffea20c3000 	C:\WINDOWS\System32\fwpuclnt.dll
0x00007ffea8f30000 - 0x00007ffea8f64000 	C:\WINDOWS\SYSTEM32\ntmarta.dll

dbghelp: loaded successfully - version: 4.0.5 - missing functions: none
symbol engine: initialized successfully - sym options: 0x614 - pdb path: .;C:\Program Files\Microsoft\jdk-17.0.10.7-hotspot\bin;C:\WINDOWS\SYSTEM32;C:\WINDOWS\WinSxS\amd64_microsoft.windows.common-controls_6595b64144ccf1df_6.0.22621.3235_none_270f74e173860f98;C:\Program Files\Microsoft\jdk-17.0.10.7-hotspot\bin\server;C:\Users\Muhammad Saad\.gradle\native\c067742578af261105cb4f569cf0c3c89f3d7b1fecec35dd04571415982c5e48\windows-amd64;C:\Users\Muhammad Saad\.gradle\native\38dada09dfb8b06ba9b0570ebf7e218e3eb74d4ef43ca46872605cf95ebc2f47\windows-amd64

VM Arguments:
jvm_args: -XX:MaxMetaspaceSize=512m --add-opens=java.base/java.util=ALL-UNNAMED --add-opens=java.base/java.lang=ALL-UNNAMED --add-opens=java.base/java.lang.invoke=ALL-UNNAMED --add-opens=java.prefs/java.util.prefs=ALL-UNNAMED --add-opens=java.base/java.nio.charset=ALL-UNNAMED --add-opens=java.base/java.net=ALL-UNNAMED --add-opens=java.base/java.util.concurrent.atomic=ALL-UNNAMED -Xmx2048m -Dfile.encoding=windows-1252 -Duser.country=US -Duser.language=en -Duser.variant -javaagent:C:\Users\Muhammad Saad\.gradle\wrapper\dists\gradle-8.6-all\3mbtmo166bl6vumsh5k2lkq5h\gradle-8.6\lib\agents\gradle-instrumentation-agent-8.6.jar 
java_command: org.gradle.launcher.daemon.bootstrap.GradleDaemon 8.6
java_class_path (initial): C:\Users\Muhammad Saad\.gradle\wrapper\dists\gradle-8.6-all\3mbtmo166bl6vumsh5k2lkq5h\gradle-8.6\lib\gradle-launcher-8.6.jar
Launcher Type: SUN_STANDARD

[Global flags]
     intx CICompilerCount                          = 4                                         {product} {ergonomic}
   size_t CompressedClassSpaceSize                 = 436207616                                 {product} {ergonomic}
     uint ConcGCThreads                            = 2                                         {product} {ergonomic}
     uint G1ConcRefinementThreads                  = 8                                         {product} {ergonomic}
   size_t G1HeapRegionSize                         = 1048576                                   {product} {ergonomic}
    uintx GCDrainStackTargetSize                   = 64                                        {product} {ergonomic}
   size_t InitialHeapSize                          = 197132288                                 {product} {ergonomic}
   size_t MarkStackSize                            = 4194304                                   {product} {ergonomic}
   size_t MaxHeapSize                              = 2147483648                                {product} {command line}
   size_t MaxMetaspaceSize                         = 536870912                                 {product} {command line}
   size_t MaxNewSize                               = 1287651328                                {product} {ergonomic}
   size_t MinHeapDeltaBytes                        = 1048576                                   {product} {ergonomic}
   size_t MinHeapSize                              = 8388608                                   {product} {ergonomic}
    uintx NonNMethodCodeHeapSize                   = 5839372                                {pd product} {ergonomic}
    uintx NonProfiledCodeHeapSize                  = 122909434                              {pd product} {ergonomic}
    uintx ProfiledCodeHeapSize                     = 122909434                              {pd product} {ergonomic}
    uintx ReservedCodeCacheSize                    = 251658240                              {pd product} {ergonomic}
     bool SegmentedCodeCache                       = true                                      {product} {ergonomic}
   size_t SoftMaxHeapSize                          = 2147483648                             {manageable} {ergonomic}
     bool UseCompressedClassPointers               = true                           {product lp64_product} {ergonomic}
     bool UseCompressedOops                        = true                           {product lp64_product} {ergonomic}
     bool UseG1GC                                  = true                                      {product} {ergonomic}
     bool UseLargePagesIndividualAllocation        = false                                  {pd product} {ergonomic}

Logging:
Log output configuration:
 #0: stdout all=warning uptime,level,tags
 #1: stderr all=off uptime,level,tags

Environment Variables:
JAVA_HOME=C:\Program Files\Microsoft\jdk-17.0.10.7-hotspot\
CLASSPATH=M:\React Practice\School Management\SchoolManagement\android\\gradle\wrapper\gradle-wrapper.jar
PATH=M:\React Practice\School Management\SchoolManagement\node_modules\.bin;M:\React Practice\School Management\SchoolManagement\node_modules\.bin;M:\React Practice\School Management\node_modules\.bin;M:\React Practice\node_modules\.bin;M:\node_modules\.bin;C:\Program Files\nodejs\node_modules\npm\node_modules\@npmcli\run-script\lib\node-gyp-bin;M:\React Practice\School Management\SchoolManagement\node_modules\.bin;M:\React Practice\School Management\node_modules\.bin;M:\React Practice\node_modules\.bin;M:\node_modules\.bin;C:\Program Files\nodejs\node_modules\npm\node_modules\@npmcli\run-script\lib\node-gyp-bin;C:\Users\Muhammad Saad\bin;C:\Program Files\Git\mingw64\bin;C:\Program Files\Git\usr\local\bin;C:\Program Files\Git\usr\bin;C:\Program Files\Git\usr\bin;C:\Program Files\Git\mingw64\bin;C:\Program Files\Git\usr\bin;C:\Users\Muhammad Saad\bin;C:\Program Files\Microsoft\jdk-17.0.10.7-hotspot\bin;C:\Program Files\Common Files\Oracle\Java\javapath;C:\WINDOWS\system32;C:\WINDOWS;C:\WINDOWS\System32\Wbem;C:\WINDOWS\System32\WindowsPowerShell\v1.0;C:\WINDOWS\System32\OpenSSH;C:\Program Files\MongoDB\Server\6.0\bin;C:\Program Files\Java\jdk-20\bin;C:\Program Files\Common Files\Oracle\Java\javapath;C:\Program Files\Git\cmd;C:\Users\Muhammad Saad\AppData\Local\Packages\PythonSoftwareFoundation.Python.3.11_qbz5n2kfra8p0\LocalCache\local-packages\Python311\Scripts;C:\xampp\php;C:\ProgramData\ComposerSetup\bin;C:\ProgramData\chocolatey\bin;C:\Users\Muhammad Saad\AppData\Local\Android\Sdk\platform-tools;C:\Program Files\nodejs;C:\Program Files\MySQL\MySQL Shell 8.0\bin;C:\Users\Muhammad Saad\AppData\Local\Microsoft\WindowsApps;C:\Users\Muhammad Saad\AppData\Local\Programs\Microsoft VS Code\bin;C:\Program Files\apache-maven-3.9.2\bin;C:\Program Files\heroku\bin;C:\Users\Muhammad Saad\AppData\Roaming\Composer\vendor\bin;C:\Users\Muhammad Saad\AppData\Roaming\npm;C:\Program Files\Git\usr\bin\vendor_perl;C:\Program Files\Git\usr\bin\core_perl
USERNAME=Muhammad Saad
SHELL=C:\Program Files\Git\usr\bin\bash.exe
DISPLAY=needs-to-be-defined
LANG=en_US.UTF-8
TERM=xterm-256color
TMPDIR=C:\Users\MUHAMM~1\AppData\Local\Temp
OS=Windows_NT
PROCESSOR_IDENTIFIER=Intel64 Family 6 Model 142 Stepping 10, GenuineIntel
TMP=C:\Users\MUHAMM~1\AppData\Local\Temp
TEMP=C:\Users\MUHAMM~1\AppData\Local\Temp



Periodic native trim disabled


---------------  S Y S T E M  ---------------

OS:
 Windows 11 , 64 bit Build 22621 (10.0.22621.3374)
OS uptime: 13 days 18:37 hours
Hyper-V role detected

CPU: total 8 (initial active 8) (4 cores per cpu, 2 threads per core) family 6 model 142 stepping 10 microcode 0xe0, cx8, cmov, fxsr, ht, mmx, 3dnowpref, sse, sse2, sse3, ssse3, sse4.1, sse4.2, popcnt, lzcnt, tsc, tscinvbit, avx, avx2, aes, erms, clmul, bmi1, bmi2, adx, fma, vzeroupper, clflush, clflushopt, hv
Processor Information for all 8 processors :
  Max Mhz: 2001, Current Mhz: 2001, Mhz Limit: 2001

Memory: 4k page, system-wide physical 11969M (1345M free)
TotalPageFile size 15911M (AvailPageFile size 6M)
current process WorkingSet (physical memory assigned to process): 512M, peak: 512M
current process commit charge ("private bytes"): 570M, peak: 572M

vm_info: OpenJDK 64-Bit Server VM (17.0.10+7-LTS) for windows-amd64 JRE (17.0.10+7-LTS), built on Jan 10 2024 19:47:12 by "MicrosoftCorporation" with MS VC++ 16.10 / 16.11 (VS2019)

END.
