#
# There is insufficient memory for the Java Runtime Environment to continue.
# Native memory allocation (malloc) failed to allocate 238448 bytes for Chunk::new
# Possible reasons:
#   The system is out of physical RAM or swap space
#   The process is running with CompressedOops enabled, and the Java Heap may be blocking the growth of the native heap
# Possible solutions:
#   Reduce memory load on the system
#   Increase physical memory or swap space
#   Check if swap backing store is full
#   Decrease Java heap size (-Xmx/-Xms)
#   Decrease number of Java threads
#   Decrease Java thread stack sizes (-Xss)
#   Set larger code cache with -XX:ReservedCodeCacheSize=
#   JVM is running with Unscaled Compressed Oops mode in which the Java heap is
#     placed in the first 4GB address space. The Java Heap base address is the
#     maximum limit for the native heap growth. Please use -XX:HeapBaseMinAddress
#     to set the Java Heap base and to place the Java Heap above 4GB virtual address.
# This output file may be truncated or incomplete.
#
#  Out of Memory Error (arena.cpp:191), pid=8796, tid=1716
#
# JRE version: OpenJDK Runtime Environment Microsoft-8902769 (17.0.10+7) (build 17.0.10+7-LTS)
# Java VM: OpenJDK 64-Bit Server VM Microsoft-8902769 (17.0.10+7-LTS, mixed mode, sharing, tiered, compressed oops, compressed class ptrs, g1 gc, windows-amd64)
# No core dump will be written. Minidumps are not enabled by default on client versions of Windows
#

---------------  S U M M A R Y ------------

Command Line: -XX:MaxMetaspaceSize=512m --add-opens=java.base/java.util=ALL-UNNAMED --add-opens=java.base/java.lang=ALL-UNNAMED --add-opens=java.base/java.lang.invoke=ALL-UNNAMED --add-opens=java.prefs/java.util.prefs=ALL-UNNAMED --add-opens=java.base/java.nio.charset=ALL-UNNAMED --add-opens=java.base/java.net=ALL-UNNAMED --add-opens=java.base/java.util.concurrent.atomic=ALL-UNNAMED -Xmx2048m -Dfile.encoding=windows-1252 -Duser.country=US -Duser.language=en -Duser.variant -javaagent:C:\Users\Muhammad Saad\.gradle\wrapper\dists\gradle-8.6-all\3mbtmo166bl6vumsh5k2lkq5h\gradle-8.6\lib\agents\gradle-instrumentation-agent-8.6.jar org.gradle.launcher.daemon.bootstrap.GradleDaemon 8.6

Host: Intel(R) Core(TM) i7-8550U CPU @ 1.80GHz, 8 cores, 11G,  Windows 11 , 64 bit Build 22621 (10.0.22621.3374)
Time: Wed May 22 18:49:08 2024 Pakistan Standard Time elapsed time: 19.585909 seconds (0d 0h 0m 19s)

---------------  T H R E A D  ---------------

Current thread (0x000001f43d30f660):  JavaThread "C2 CompilerThread1" daemon [_thread_in_native, id=1716, stack(0x00000095f6000000,0x00000095f6100000)]


Current CompileTask:
C2:  19586 5289       4       jdk.internal.loader.URLClassPath::getResource (74 bytes)

Stack: [0x00000095f6000000,0x00000095f6100000]
Native frames: (J=compiled Java code, j=interpreted, Vv=VM code, C=native code)
V  [jvm.dll+0x67f829]
V  [jvm.dll+0x83750a]
V  [jvm.dll+0x838fce]
V  [jvm.dll+0x839633]
V  [jvm.dll+0x247cbf]
V  [jvm.dll+0xac524]
V  [jvm.dll+0xacb6c]
V  [jvm.dll+0x11f157]
V  [jvm.dll+0x60ba12]
V  [jvm.dll+0x60fe4f]
V  [jvm.dll+0x21a278]
V  [jvm.dll+0x219821]
V  [jvm.dll+0x1a5176]
V  [jvm.dll+0x22957e]
V  [jvm.dll+0x22774c]
V  [jvm.dll+0x7ec5d7]
V  [jvm.dll+0x7e69da]
V  [jvm.dll+0x67e715]
C  [ucrtbase.dll+0x29333]
C  [KERNEL32.DLL+0x1257d]
C  [ntdll.dll+0x5aa48]


---------------  P R O C E S S  ---------------

Threads class SMR info:
_java_thread_list=0x000001f4416caf70, length=42, elements={
0x000001f47f398140, 0x000001f41d8ab860, 0x000001f41d8ac5f0, 0x000001f41d8c0d20,
0x000001f41d8c2700, 0x000001f41d8c4fe0, 0x000001f41d8c58b0, 0x000001f41d8c6560,
0x000001f41d8cef30, 0x000001f41d8d1c40, 0x000001f41db13fd0, 0x000001f41dc25510,
0x000001f43f6459f0, 0x000001f43de086b0, 0x000001f43f0d6000, 0x000001f43fae0890,
0x000001f43e4e9bc0, 0x000001f43e19bfe0, 0x000001f43e19e350, 0x000001f43e19bad0,
0x000001f43e19ca00, 0x000001f43e19c4f0, 0x000001f43e19d420, 0x000001f43e19b5c0,
0x000001f43e19d930, 0x000001f43e19de40, 0x000001f43e19b0b0, 0x000001f43e19e860,
0x000001f43d843800, 0x000001f43d842de0, 0x000001f43d840f80, 0x000001f43d8428d0,
0x000001f43d8432f0, 0x000001f43d840a70, 0x000001f43d841eb0, 0x000001f43d8423c0,
0x000001f43f345ae0, 0x000001f43f347940, 0x000001f43f347e50, 0x000001f43f349290,
0x000001f43d30f660, 0x000001f43dd7ccd0
}

Java Threads: ( => current thread )
  0x000001f47f398140 JavaThread "main" [_thread_blocked, id=14200, stack(0x00000095f2e00000,0x00000095f2f00000)]
  0x000001f41d8ab860 JavaThread "Reference Handler" daemon [_thread_blocked, id=5480, stack(0x00000095f3500000,0x00000095f3600000)]
  0x000001f41d8ac5f0 JavaThread "Finalizer" daemon [_thread_blocked, id=1760, stack(0x00000095f3600000,0x00000095f3700000)]
  0x000001f41d8c0d20 JavaThread "Signal Dispatcher" daemon [_thread_blocked, id=11448, stack(0x00000095f3700000,0x00000095f3800000)]
  0x000001f41d8c2700 JavaThread "Attach Listener" daemon [_thread_blocked, id=2524, stack(0x00000095f3800000,0x00000095f3900000)]
  0x000001f41d8c4fe0 JavaThread "Service Thread" daemon [_thread_blocked, id=2480, stack(0x00000095f3900000,0x00000095f3a00000)]
  0x000001f41d8c58b0 JavaThread "Monitor Deflation Thread" daemon [_thread_blocked, id=4260, stack(0x00000095f3a00000,0x00000095f3b00000)]
  0x000001f41d8c6560 JavaThread "C2 CompilerThread0" daemon [_thread_in_native, id=20564, stack(0x00000095f3b00000,0x00000095f3c00000)]
  0x000001f41d8cef30 JavaThread "C1 CompilerThread0" daemon [_thread_in_native, id=7892, stack(0x00000095f3c00000,0x00000095f3d00000)]
  0x000001f41d8d1c40 JavaThread "Sweeper thread" daemon [_thread_blocked, id=17468, stack(0x00000095f3d00000,0x00000095f3e00000)]
  0x000001f41db13fd0 JavaThread "Common-Cleaner" daemon [_thread_blocked, id=1400, stack(0x00000095f3e00000,0x00000095f3f00000)]
  0x000001f41dc25510 JavaThread "Notification Thread" daemon [_thread_blocked, id=6648, stack(0x00000095f3f00000,0x00000095f4000000)]
  0x000001f43f6459f0 JavaThread "Daemon health stats" [_thread_blocked, id=22564, stack(0x00000095f4700000,0x00000095f4800000)]
  0x000001f43de086b0 JavaThread "Incoming local TCP Connector on port 62668" [_thread_in_native, id=1176, stack(0x00000095f4200000,0x00000095f4300000)]
  0x000001f43f0d6000 JavaThread "Daemon periodic checks" [_thread_blocked, id=14020, stack(0x00000095f4600000,0x00000095f4700000)]
  0x000001f43fae0890 JavaThread "Daemon" [_thread_blocked, id=10328, stack(0x00000095f4900000,0x00000095f4a00000)]
  0x000001f43e4e9bc0 JavaThread "Handler for socket connection from /127.0.0.1:62668 to /127.0.0.1:62669" [_thread_in_native, id=15924, stack(0x00000095f4a00000,0x00000095f4b00000)]
  0x000001f43e19bfe0 JavaThread "Cancel handler" [_thread_blocked, id=5504, stack(0x00000095f4b00000,0x00000095f4c00000)]
  0x000001f43e19e350 JavaThread "Daemon worker" [_thread_in_native, id=20948, stack(0x00000095f4c00000,0x00000095f4d00000)]
  0x000001f43e19bad0 JavaThread "Asynchronous log dispatcher for DefaultDaemonConnection: socket connection from /127.0.0.1:62668 to /127.0.0.1:62669" [_thread_blocked, id=5704, stack(0x00000095f4d00000,0x00000095f4e00000)]
  0x000001f43e19ca00 JavaThread "Stdin handler" [_thread_blocked, id=13820, stack(0x00000095f4e00000,0x00000095f4f00000)]
  0x000001f43e19c4f0 JavaThread "Daemon client event forwarder" [_thread_blocked, id=11636, stack(0x00000095f4f00000,0x00000095f5000000)]
  0x000001f43e19d420 JavaThread "Cache worker for journal cache (C:\Users\Muhammad Saad\.gradle\caches\journal-1)" [_thread_blocked, id=19956, stack(0x00000095f5000000,0x00000095f5100000)]
  0x000001f43e19b5c0 JavaThread "File lock request listener" [_thread_in_native, id=12876, stack(0x00000095f5100000,0x00000095f5200000)]
  0x000001f43e19d930 JavaThread "Cache worker for file hash cache (C:\Users\Muhammad Saad\.gradle\caches\8.6\fileHashes)" [_thread_blocked, id=2284, stack(0x00000095f4800000,0x00000095f4900000)]
  0x000001f43e19de40 JavaThread "File watcher server" daemon [_thread_in_native, id=13204, stack(0x00000095f5700000,0x00000095f5800000)]
  0x000001f43e19b0b0 JavaThread "File watcher consumer" daemon [_thread_blocked, id=6200, stack(0x00000095f5800000,0x00000095f5900000)]
  0x000001f43e19e860 JavaThread "Cache worker for checksums cache (M:\React Practice\School Management\SchoolManagement\android\.gradle\8.6\checksums)" [_thread_blocked, id=19520, stack(0x00000095f5900000,0x00000095f5a00000)]
  0x000001f43d843800 JavaThread "Cache worker for file hash cache (M:\React Practice\School Management\SchoolManagement\android\.gradle\8.6\fileHashes)" [_thread_blocked, id=18036, stack(0x00000095f5600000,0x00000095f5700000)]
  0x000001f43d842de0 Thread [stack: 0x00000095f5c00000,0x00000095f5d00000] [id=15512]
  0x000001f43d840f80 JavaThread "Cache worker for file content cache (C:\Users\Muhammad Saad\.gradle\caches\8.6\fileContent)" [_thread_blocked, id=14600, stack(0x00000095f5200000,0x00000095f5300000)]
  0x000001f43d8428d0 JavaThread "jar transforms" [_thread_blocked, id=22464, stack(0x00000095f5f00000,0x00000095f6000000)]
  0x000001f43d8432f0 JavaThread "jar transforms Thread 2" [_thread_blocked, id=5500, stack(0x00000095f5e00000,0x00000095f5f00000)]
  0x000001f43d840a70 JavaThread "jar transforms Thread 3" [_thread_blocked, id=1800, stack(0x00000095f5d00000,0x00000095f5e00000)]
  0x000001f43d841eb0 JavaThread "jar transforms Thread 4" [_thread_blocked, id=16912, stack(0x00000095f6100000,0x00000095f6200000)]
  0x000001f43d8423c0 JavaThread "Exec process" [_thread_blocked, id=3160, stack(0x00000095f6300000,0x00000095f6400000)]
  0x000001f43f345ae0 JavaThread "Exec process Thread 2" [_thread_blocked, id=6528, stack(0x00000095f6400000,0x00000095f6500000)]
  0x000001f43f347940 JavaThread "Exec process Thread 3" [_thread_blocked, id=15888, stack(0x00000095f6500000,0x00000095f6600000)]
  0x000001f43f347e50 JavaThread "jar transforms Thread 5" [_thread_blocked, id=17332, stack(0x00000095f6600000,0x00000095f6700000)]
  0x000001f43f349290 JavaThread "jar transforms Thread 6" [_thread_blocked, id=10276, stack(0x00000095f6700000,0x00000095f6800000)]
=>0x000001f43d30f660 JavaThread "C2 CompilerThread1" daemon [_thread_in_native, id=1716, stack(0x00000095f6000000,0x00000095f6100000)]
  0x000001f43dd7ccd0 JavaThread "C2 CompilerThread2" daemon [_thread_in_native, id=4868, stack(0x00000095f6200000,0x00000095f6300000)]

Other Threads:
  0x000001f41d8a1d80 VMThread "VM Thread" [stack: 0x00000095f3400000,0x00000095f3500000] [id=20660]
  0x000001f41dc259f0 WatcherThread [stack: 0x00000095f4000000,0x00000095f4100000] [id=17316]
  0x000001f47f3f2a30 GCTaskThread "GC Thread#0" [stack: 0x00000095f2f00000,0x00000095f3000000] [id=18308]
  0x000001f43e0f9cc0 GCTaskThread "GC Thread#1" [stack: 0x00000095f4300000,0x00000095f4400000] [id=23008]
  0x000001f43dc5eef0 GCTaskThread "GC Thread#2" [stack: 0x00000095f4400000,0x00000095f4500000] [id=15368]
  0x000001f43e29beb0 GCTaskThread "GC Thread#3" [stack: 0x00000095f4500000,0x00000095f4600000] [id=3308]
  0x000001f43d374630 GCTaskThread "GC Thread#4" [stack: 0x00000095f4100000,0x00000095f4200000] [id=6688]
  0x000001f43f601510 GCTaskThread "GC Thread#5" [stack: 0x00000095f5300000,0x00000095f5400000] [id=16000]
  0x000001f43d2146d0 GCTaskThread "GC Thread#6" [stack: 0x00000095f5400000,0x00000095f5500000] [id=20432]
  0x000001f43f412420 GCTaskThread "GC Thread#7" [stack: 0x00000095f5500000,0x00000095f5600000] [id=16196]
  0x000001f47f4048a0 ConcurrentGCThread "G1 Main Marker" [stack: 0x00000095f3000000,0x00000095f3100000] [id=1700]
  0x000001f47f4051d0 ConcurrentGCThread "G1 Conc#0" [stack: 0x00000095f3100000,0x00000095f3200000] [id=19452]
  0x000001f43fdb53e0 ConcurrentGCThread "G1 Conc#1" [stack: 0x00000095f5a00000,0x00000095f5b00000] [id=1708]
  0x000001f47f43ea70 ConcurrentGCThread "G1 Refine#0" [stack: 0x00000095f3200000,0x00000095f3300000] [id=14852]
  0x000001f41d7625b0 ConcurrentGCThread "G1 Service" [stack: 0x00000095f3300000,0x00000095f3400000] [id=14800]

Threads with active compile tasks:
C2 CompilerThread0    19648 5290  s!   4       jdk.internal.loader.URLClassPath::getLoader (194 bytes)
C2 CompilerThread1    19648 5289       4       jdk.internal.loader.URLClassPath::getResource (74 bytes)
C2 CompilerThread2    19648 5370       4       java.lang.invoke.MemberName::getMethodOrFieldType (72 bytes)

VM state: not at safepoint (normal execution)

VM Mutex/Monitor currently owned by a thread: None

OutOfMemory and StackOverflow Exception counts:
OutOfMemoryError java_heap_errors=1
LinkageErrors=108

Heap address: 0x0000000080000000, size: 2048 MB, Compressed Oops mode: 32-bit

CDS archive(s) mapped at: [0x000001f41e000000-0x000001f41ebb0000-0x000001f41ebb0000), size 12255232, SharedBaseAddress: 0x000001f41e000000, ArchiveRelocationMode: 1.
Compressed class space mapped at: 0x000001f41f000000-0x000001f439000000, reserved size: 436207616
Narrow klass base: 0x000001f41e000000, Narrow klass shift: 0, Narrow klass range: 0x100000000

GC Precious Log:
 CPUs: 8 total, 8 available
 Memory: 11969M
 Large Page Support: Disabled
 NUMA Support: Disabled
 Compressed Oops: Enabled (32-bit)
 Heap Region Size: 1M
 Heap Min Capacity: 8M
 Heap Initial Capacity: 188M
 Heap Max Capacity: 2G
 Pre-touch: Disabled
 Parallel Workers: 8
 Concurrent Workers: 2
 Concurrent Refinement Workers: 8
 Periodic GC: Disabled

Heap:
 garbage-first heap   total 81920K, used 47288K [0x0000000080000000, 0x0000000100000000)
  region size 1024K, 16 young (16384K), 4 survivors (4096K)
 Metaspace       used 44904K, committed 45376K, reserved 491520K
  class space    used 6300K, committed 6528K, reserved 425984K

Heap Regions: E=young(eden), S=young(survivor), O=old, HS=humongous(starts), HC=humongous(continues), CS=collection set, F=free, OA=open archive, CA=closed archive, TAMS=top-at-mark-start (previous, next)
|   0|0x0000000080000000, 0x0000000080100000, 0x0000000080100000|100%|HS|  |TAMS 0x0000000080100000, 0x0000000080000000| Complete 
|   1|0x0000000080100000, 0x0000000080200000, 0x0000000080200000|100%|HC|  |TAMS 0x0000000080200000, 0x0000000080100000| Complete 
|   2|0x0000000080200000, 0x0000000080300000, 0x0000000080300000|100%|HC|  |TAMS 0x0000000080300000, 0x0000000080200000| Complete 
|   3|0x0000000080300000, 0x0000000080400000, 0x0000000080400000|100%|HC|  |TAMS 0x0000000080400000, 0x0000000080300000| Complete 
|   4|0x0000000080400000, 0x0000000080500000, 0x0000000080500000|100%| O|  |TAMS 0x0000000080500000, 0x0000000080400000| Untracked 
|   5|0x0000000080500000, 0x0000000080600000, 0x0000000080600000|100%| O|  |TAMS 0x0000000080600000, 0x0000000080500000| Untracked 
|   6|0x0000000080600000, 0x0000000080700000, 0x0000000080700000|100%| O|  |TAMS 0x0000000080700000, 0x0000000080600000| Untracked 
|   7|0x0000000080700000, 0x0000000080800000, 0x0000000080800000|100%| O|  |TAMS 0x0000000080800000, 0x0000000080700000| Untracked 
|   8|0x0000000080800000, 0x0000000080900000, 0x0000000080900000|100%| O|  |TAMS 0x0000000080900000, 0x0000000080800000| Untracked 
|   9|0x0000000080900000, 0x0000000080a00000, 0x0000000080a00000|100%| O|  |TAMS 0x0000000080a00000, 0x0000000080900000| Untracked 
|  10|0x0000000080a00000, 0x0000000080b00000, 0x0000000080b00000|100%| O|  |TAMS 0x0000000080b00000, 0x0000000080a00000| Untracked 
|  11|0x0000000080b00000, 0x0000000080c00000, 0x0000000080c00000|100%| O|  |TAMS 0x0000000080c00000, 0x0000000080b00000| Untracked 
|  12|0x0000000080c00000, 0x0000000080d00000, 0x0000000080d00000|100%| O|  |TAMS 0x0000000080d00000, 0x0000000080c00000| Untracked 
|  13|0x0000000080d00000, 0x0000000080e00000, 0x0000000080e00000|100%| O|  |TAMS 0x0000000080e00000, 0x0000000080d00000| Untracked 
|  14|0x0000000080e00000, 0x0000000080f00000, 0x0000000080f00000|100%| O|  |TAMS 0x0000000080f00000, 0x0000000080e00000| Untracked 
|  15|0x0000000080f00000, 0x0000000081000000, 0x0000000081000000|100%| O|  |TAMS 0x0000000081000000, 0x0000000080f00000| Untracked 
|  16|0x0000000081000000, 0x0000000081100000, 0x0000000081100000|100%| O|  |TAMS 0x0000000081100000, 0x0000000081000000| Untracked 
|  17|0x0000000081100000, 0x0000000081200000, 0x0000000081200000|100%| O|  |TAMS 0x0000000081200000, 0x0000000081100000| Untracked 
|  18|0x0000000081200000, 0x0000000081300000, 0x0000000081300000|100%| O|  |TAMS 0x0000000081300000, 0x0000000081200000| Untracked 
|  19|0x0000000081300000, 0x0000000081400000, 0x0000000081400000|100%| O|  |TAMS 0x0000000081400000, 0x0000000081300000| Untracked 
|  20|0x0000000081400000, 0x00000000814b6e00, 0x0000000081500000| 71%| O|  |TAMS 0x00000000814b6e00, 0x0000000081400000| Untracked 
|  21|0x0000000081500000, 0x0000000081600000, 0x0000000081600000|100%| O|  |TAMS 0x0000000081600000, 0x0000000081500000| Untracked 
|  22|0x0000000081600000, 0x0000000081700000, 0x0000000081700000|100%| O|  |TAMS 0x0000000081700000, 0x0000000081600000| Untracked 
|  23|0x0000000081700000, 0x0000000081800000, 0x0000000081800000|100%| O|  |TAMS 0x0000000081800000, 0x0000000081700000| Untracked 
|  24|0x0000000081800000, 0x0000000081900000, 0x0000000081900000|100%| O|  |TAMS 0x0000000081900000, 0x0000000081800000| Untracked 
|  25|0x0000000081900000, 0x0000000081a00000, 0x0000000081a00000|100%| O|  |TAMS 0x00000000819c3e00, 0x0000000081900000| Untracked 
|  26|0x0000000081a00000, 0x0000000081b00000, 0x0000000081b00000|100%| O|  |TAMS 0x0000000081a00000, 0x0000000081a00000| Untracked 
|  27|0x0000000081b00000, 0x0000000081c00000, 0x0000000081c00000|100%| O|  |TAMS 0x0000000081b00000, 0x0000000081b00000| Untracked 
|  28|0x0000000081c00000, 0x0000000081d00000, 0x0000000081d00000|100%| O|  |TAMS 0x0000000081c00000, 0x0000000081c00000| Untracked 
|  29|0x0000000081d00000, 0x0000000081e00000, 0x0000000081e00000|100%| O|  |TAMS 0x0000000081d00000, 0x0000000081d00000| Untracked 
|  30|0x0000000081e00000, 0x0000000081f00000, 0x0000000081f00000|100%| O|  |TAMS 0x0000000081e00000, 0x0000000081e00000| Untracked 
|  31|0x0000000081f00000, 0x0000000082000000, 0x0000000082000000|100%| O|  |TAMS 0x0000000081f00000, 0x0000000081f00000| Untracked 
|  32|0x0000000082000000, 0x000000008205de00, 0x0000000082100000| 36%| O|  |TAMS 0x0000000082000000, 0x0000000082000000| Untracked 
|  33|0x0000000082100000, 0x0000000082100000, 0x0000000082200000|  0%| F|  |TAMS 0x0000000082100000, 0x0000000082100000| Untracked 
|  34|0x0000000082200000, 0x0000000082200000, 0x0000000082300000|  0%| F|  |TAMS 0x0000000082200000, 0x0000000082200000| Untracked 
|  35|0x0000000082300000, 0x0000000082300000, 0x0000000082400000|  0%| F|  |TAMS 0x0000000082300000, 0x0000000082300000| Untracked 
|  36|0x0000000082400000, 0x0000000082400000, 0x0000000082500000|  0%| F|  |TAMS 0x0000000082400000, 0x0000000082400000| Untracked 
|  37|0x0000000082500000, 0x0000000082500000, 0x0000000082600000|  0%| F|  |TAMS 0x0000000082500000, 0x0000000082500000| Untracked 
|  38|0x0000000082600000, 0x0000000082600000, 0x0000000082700000|  0%| F|  |TAMS 0x0000000082600000, 0x0000000082600000| Untracked 
|  39|0x0000000082700000, 0x0000000082700000, 0x0000000082800000|  0%| F|  |TAMS 0x0000000082700000, 0x0000000082700000| Untracked 
|  40|0x0000000082800000, 0x0000000082800000, 0x0000000082900000|  0%| F|  |TAMS 0x0000000082800000, 0x0000000082800000| Untracked 
|  41|0x0000000082900000, 0x0000000082900000, 0x0000000082a00000|  0%| F|  |TAMS 0x0000000082900000, 0x0000000082900000| Untracked 
|  42|0x0000000082a00000, 0x0000000082a00000, 0x0000000082b00000|  0%| F|  |TAMS 0x0000000082a00000, 0x0000000082a00000| Untracked 
|  43|0x0000000082b00000, 0x0000000082b197c8, 0x0000000082c00000|  9%| S|CS|TAMS 0x0000000082b00000, 0x0000000082b00000| Complete 
|  44|0x0000000082c00000, 0x0000000082d00000, 0x0000000082d00000|100%| S|CS|TAMS 0x0000000082c00000, 0x0000000082c00000| Complete 
|  45|0x0000000082d00000, 0x0000000082e00000, 0x0000000082e00000|100%| S|CS|TAMS 0x0000000082d00000, 0x0000000082d00000| Complete 
|  46|0x0000000082e00000, 0x0000000082e00000, 0x0000000082f00000|  0%| F|  |TAMS 0x0000000082e00000, 0x0000000082e00000| Untracked 
|  47|0x0000000082f00000, 0x0000000082f00000, 0x0000000083000000|  0%| F|  |TAMS 0x0000000082f00000, 0x0000000082f00000| Untracked 
|  48|0x0000000083000000, 0x0000000083000000, 0x0000000083100000|  0%| F|  |TAMS 0x0000000083000000, 0x0000000083000000| Untracked 
|  49|0x0000000083100000, 0x0000000083100000, 0x0000000083200000|  0%| F|  |TAMS 0x0000000083100000, 0x0000000083100000| Untracked 
|  50|0x0000000083200000, 0x0000000083200000, 0x0000000083300000|  0%| F|  |TAMS 0x0000000083200000, 0x0000000083200000| Untracked 
|  51|0x0000000083300000, 0x0000000083400000, 0x0000000083400000|100%| S|CS|TAMS 0x0000000083300000, 0x0000000083300000| Complete 
|  52|0x0000000083400000, 0x0000000083400000, 0x0000000083500000|  0%| F|  |TAMS 0x0000000083400000, 0x0000000083400000| Untracked 
|  53|0x0000000083500000, 0x0000000083500000, 0x0000000083600000|  0%| F|  |TAMS 0x0000000083500000, 0x0000000083500000| Untracked 
|  54|0x0000000083600000, 0x0000000083600000, 0x0000000083700000|  0%| F|  |TAMS 0x0000000083600000, 0x0000000083600000| Untracked 
|  55|0x0000000083700000, 0x0000000083700000, 0x0000000083800000|  0%| F|  |TAMS 0x0000000083700000, 0x0000000083700000| Untracked 
|  56|0x0000000083800000, 0x0000000083800000, 0x0000000083900000|  0%| F|  |TAMS 0x0000000083800000, 0x0000000083800000| Untracked 
|  57|0x0000000083900000, 0x0000000083900000, 0x0000000083a00000|  0%| F|  |TAMS 0x0000000083900000, 0x0000000083900000| Untracked 
|  58|0x0000000083a00000, 0x0000000083a00000, 0x0000000083b00000|  0%| F|  |TAMS 0x0000000083a00000, 0x0000000083a00000| Untracked 
|  59|0x0000000083b00000, 0x0000000083b00000, 0x0000000083c00000|  0%| F|  |TAMS 0x0000000083b00000, 0x0000000083b00000| Untracked 
|  60|0x0000000083c00000, 0x0000000083c00000, 0x0000000083d00000|  0%| F|  |TAMS 0x0000000083c00000, 0x0000000083c00000| Untracked 
|  61|0x0000000083d00000, 0x0000000083d00000, 0x0000000083e00000|  0%| F|  |TAMS 0x0000000083d00000, 0x0000000083d00000| Untracked 
|  62|0x0000000083e00000, 0x0000000083e00000, 0x0000000083f00000|  0%| F|  |TAMS 0x0000000083e00000, 0x0000000083e00000| Untracked 
|  63|0x0000000083f00000, 0x0000000083f00000, 0x0000000084000000|  0%| F|  |TAMS 0x0000000083f00000, 0x0000000083f00000| Untracked 
|  64|0x0000000084000000, 0x0000000084000000, 0x0000000084100000|  0%| F|  |TAMS 0x0000000084000000, 0x0000000084000000| Untracked 
|  65|0x0000000084100000, 0x0000000084100000, 0x0000000084200000|  0%| F|  |TAMS 0x0000000084100000, 0x0000000084100000| Untracked 
|  66|0x0000000084200000, 0x0000000084200000, 0x0000000084300000|  0%| F|  |TAMS 0x0000000084200000, 0x0000000084200000| Untracked 
|  67|0x0000000084300000, 0x0000000084300000, 0x0000000084400000|  0%| F|  |TAMS 0x0000000084300000, 0x0000000084300000| Untracked 
|  68|0x0000000084400000, 0x0000000084500000, 0x0000000084500000|100%| E|  |TAMS 0x0000000084400000, 0x0000000084400000| Complete 
|  69|0x0000000084500000, 0x0000000084600000, 0x0000000084600000|100%| E|CS|TAMS 0x0000000084500000, 0x0000000084500000| Complete 
|  70|0x0000000084600000, 0x0000000084700000, 0x0000000084700000|100%| E|CS|TAMS 0x0000000084600000, 0x0000000084600000| Complete 
|  71|0x0000000084700000, 0x0000000084800000, 0x0000000084800000|100%| E|CS|TAMS 0x0000000084700000, 0x0000000084700000| Complete 
|  72|0x0000000084800000, 0x0000000084900000, 0x0000000084900000|100%| E|CS|TAMS 0x0000000084800000, 0x0000000084800000| Complete 
|  73|0x0000000084900000, 0x0000000084a00000, 0x0000000084a00000|100%| E|CS|TAMS 0x0000000084900000, 0x0000000084900000| Complete 
|  74|0x0000000084a00000, 0x0000000084b00000, 0x0000000084b00000|100%| E|CS|TAMS 0x0000000084a00000, 0x0000000084a00000| Complete 
|  75|0x0000000084b00000, 0x0000000084c00000, 0x0000000084c00000|100%| E|CS|TAMS 0x0000000084b00000, 0x0000000084b00000| Complete 
|  76|0x0000000084c00000, 0x0000000084d00000, 0x0000000084d00000|100%| E|CS|TAMS 0x0000000084c00000, 0x0000000084c00000| Complete 
| 159|0x0000000089f00000, 0x000000008a000000, 0x000000008a000000|100%| E|CS|TAMS 0x0000000089f00000, 0x0000000089f00000| Complete 
| 160|0x000000008a000000, 0x000000008a100000, 0x000000008a100000|100%| E|CS|TAMS 0x000000008a000000, 0x000000008a000000| Complete 
| 187|0x000000008bb00000, 0x000000008bc00000, 0x000000008bc00000|100%| E|CS|TAMS 0x000000008bb00000, 0x000000008bb00000| Complete 

Card table byte_map: [0x000001f47fb70000,0x000001f47ff70000] _byte_map_base: 0x000001f47f770000

Marking Bits (Prev, Next): (CMBitMap*) 0x000001f47f3f2f60, (CMBitMap*) 0x000001f47f3f2fa0
 Prev Bits: [0x000001f416e60000, 0x000001f418e60000)
 Next Bits: [0x000001f418e60000, 0x000001f41ae60000)

Polling page: 0x000001f47eb40000

Metaspace:

Usage:
  Non-class:     37.71 MB used.
      Class:      6.15 MB used.
       Both:     43.87 MB used.

Virtual space:
  Non-class space:       64.00 MB reserved,      37.94 MB ( 59%) committed,  1 nodes.
      Class space:      416.00 MB reserved,       6.38 MB (  2%) committed,  1 nodes.
             Both:      480.00 MB reserved,      44.31 MB (  9%) committed. 

Chunk freelists:
   Non-Class:  9.64 MB
       Class:  9.64 MB
        Both:  19.28 MB

MaxMetaspaceSize: 512.00 MB
CompressedClassSpaceSize: 416.00 MB
Initial GC threshold: 21.00 MB
Current GC threshold: 59.00 MB
CDS: on
MetaspaceReclaimPolicy: balanced
 - commit_granule_bytes: 65536.
 - commit_granule_words: 8192.
 - virtual_space_node_default_size: 8388608.
 - enlarge_chunks_in_place: 1.
 - new_chunks_are_fully_committed: 0.
 - uncommit_free_chunks: 1.
 - use_allocation_guard: 0.
 - handle_deallocations: 1.


Internal statistics:

num_allocs_failed_limit: 6.
num_arena_births: 534.
num_arena_deaths: 0.
num_vsnodes_births: 2.
num_vsnodes_deaths: 0.
num_space_committed: 709.
num_space_uncommitted: 0.
num_chunks_returned_to_freelist: 6.
num_chunks_taken_from_freelist: 2246.
num_chunk_merges: 6.
num_chunk_splits: 1507.
num_chunks_enlarged: 1074.
num_inconsistent_stats: 0.

CodeHeap 'non-profiled nmethods': size=120000Kb used=2612Kb max_used=2857Kb free=117387Kb
 bounds [0x000001f40f530000, 0x000001f40f800000, 0x000001f416a60000]
CodeHeap 'profiled nmethods': size=120000Kb used=9236Kb max_used=9324Kb free=110763Kb
 bounds [0x000001f407a60000, 0x000001f4083b0000, 0x000001f40ef90000]
CodeHeap 'non-nmethods': size=5760Kb used=2315Kb max_used=2424Kb free=3445Kb
 bounds [0x000001f40ef90000, 0x000001f40f200000, 0x000001f40f530000]
 total_blobs=5488 nmethods=4654 adapters=745
 compilation: enabled
              stopped_count=0, restarted_count=0
 full_count=0

Compilation events (20 events):
Event: 19.543 Thread 0x000001f41d8cef30 5330       1       java.lang.StackTraceElement::getFileName (5 bytes)
Event: 19.544 Thread 0x000001f41d8cef30 nmethod 5330 0x000001f40f5ddc90 code [0x000001f40f5dde20, 0x000001f40f5ddef8]
Event: 19.547 Thread 0x000001f41d8cef30 5331       1       java.util.logging.Logger::getName (5 bytes)
Event: 19.547 Thread 0x000001f41d8cef30 nmethod 5331 0x000001f40f5dd990 code [0x000001f40f5ddb20, 0x000001f40f5ddbf8]
Event: 19.547 Thread 0x000001f41d8cef30 5332       3       java.util.regex.Pattern$Branch::match (66 bytes)
Event: 19.548 Thread 0x000001f41d8cef30 nmethod 5332 0x000001f407a8af10 code [0x000001f407a8b0e0, 0x000001f407a8b5b8]
Event: 19.550 Thread 0x000001f41d8cef30 5333       3       java.lang.StackTraceElement::<init> (10 bytes)
Event: 19.550 Thread 0x000001f41d8cef30 nmethod 5333 0x000001f407a8ab10 code [0x000001f407a8aca0, 0x000001f407a8ae18]
Event: 19.550 Thread 0x000001f41d8cef30 5334  s!   3       java.lang.StackTraceElement::computeFormat (71 bytes)
Event: 19.551 Thread 0x000001f41d8cef30 nmethod 5334 0x000001f407a89d90 code [0x000001f407a89fa0, 0x000001f407a8a858]
Event: 19.551 Thread 0x000001f41d8cef30 5336       3       org.codehaus.groovy.runtime.StackTraceUtils::isApplicationClass (84 bytes)
Event: 19.552 Thread 0x000001f41d8cef30 nmethod 5336 0x000001f407a88e10 code [0x000001f407a89060, 0x000001f407a89a58]
Event: 19.552 Thread 0x000001f41d8cef30 5335       3       java.lang.StackTraceElement::isHashedInJavaBase (31 bytes)
Event: 19.553 Thread 0x000001f41d8cef30 nmethod 5335 0x000001f407a88590 code [0x000001f407a88780, 0x000001f407a88c98]
Event: 19.562 Thread 0x000001f41d8cef30 5338       3       org.gradle.internal.event.BroadcastDispatch$SingletonDispatch::dispatch (9 bytes)
Event: 19.562 Thread 0x000001f41d8cef30 nmethod 5338 0x000001f407bd6c10 code [0x000001f407bd6dc0, 0x000001f407bd70e8]
Event: 19.562 Thread 0x000001f41d8cef30 5339       3       org.gradle.internal.event.BroadcastDispatch$SingletonDispatch::dispatch (10 bytes)
Event: 19.563 Thread 0x000001f41d8cef30 nmethod 5339 0x000001f407a88190 code [0x000001f407a88320, 0x000001f407a884e8]
Event: 19.574 Thread 0x000001f41d8c6560 nmethod 5286 0x000001f40f5d8710 code [0x000001f40f5d89c0, 0x000001f40f5db8d0]
Event: 19.575 Thread 0x000001f41d8c6560 5290  s!   4       jdk.internal.loader.URLClassPath::getLoader (194 bytes)

GC Heap History (20 events):
Event: 1.556 GC heap before
{Heap before GC invocations=0 (full 0):
 garbage-first heap   total 192512K, used 26624K [0x0000000080000000, 0x0000000100000000)
  region size 1024K, 23 young (23552K), 0 survivors (0K)
 Metaspace       used 2978K, committed 3136K, reserved 491520K
  class space    used 378K, committed 448K, reserved 425984K
}
Event: 1.565 GC heap after
{Heap after GC invocations=1 (full 0):
 garbage-first heap   total 192512K, used 10565K [0x0000000080000000, 0x0000000100000000)
  region size 1024K, 3 young (3072K), 3 survivors (3072K)
 Metaspace       used 2978K, committed 3136K, reserved 491520K
  class space    used 378K, committed 448K, reserved 425984K
}
Event: 2.779 GC heap before
{Heap before GC invocations=1 (full 0):
 garbage-first heap   total 192512K, used 36165K [0x0000000080000000, 0x0000000100000000)
  region size 1024K, 28 young (28672K), 3 survivors (3072K)
 Metaspace       used 4008K, committed 4160K, reserved 491520K
  class space    used 489K, committed 576K, reserved 425984K
}
Event: 2.786 GC heap after
{Heap after GC invocations=2 (full 0):
 garbage-first heap   total 192512K, used 11410K [0x0000000080000000, 0x0000000100000000)
  region size 1024K, 1 young (1024K), 1 survivors (1024K)
 Metaspace       used 4008K, committed 4160K, reserved 491520K
  class space    used 489K, committed 576K, reserved 425984K
}
Event: 7.295 GC heap before
{Heap before GC invocations=2 (full 0):
 garbage-first heap   total 192512K, used 110738K [0x0000000080000000, 0x0000000100000000)
  region size 1024K, 98 young (100352K), 1 survivors (1024K)
 Metaspace       used 17900K, committed 18176K, reserved 491520K
  class space    used 2595K, committed 2752K, reserved 425984K
}
Event: 7.311 GC heap after
{Heap after GC invocations=3 (full 0):
 garbage-first heap   total 192512K, used 21283K [0x0000000080000000, 0x0000000100000000)
  region size 1024K, 11 young (11264K), 11 survivors (11264K)
 Metaspace       used 17900K, committed 18176K, reserved 491520K
  class space    used 2595K, committed 2752K, reserved 425984K
}
Event: 8.357 GC heap before
{Heap before GC invocations=3 (full 0):
 garbage-first heap   total 192512K, used 47907K [0x0000000080000000, 0x0000000100000000)
  region size 1024K, 38 young (38912K), 11 survivors (11264K)
 Metaspace       used 21262K, committed 21504K, reserved 491520K
  class space    used 3129K, committed 3264K, reserved 425984K
}
Event: 8.370 GC heap after
{Heap after GC invocations=4 (full 0):
 garbage-first heap   total 192512K, used 23086K [0x0000000080000000, 0x0000000100000000)
  region size 1024K, 2 young (2048K), 2 survivors (2048K)
 Metaspace       used 21262K, committed 21504K, reserved 491520K
  class space    used 3129K, committed 3264K, reserved 425984K
}
Event: 10.470 GC heap before
{Heap before GC invocations=5 (full 0):
 garbage-first heap   total 81920K, used 69166K [0x0000000080000000, 0x0000000100000000)
  region size 1024K, 48 young (49152K), 2 survivors (2048K)
 Metaspace       used 29399K, committed 29760K, reserved 491520K
  class space    used 4181K, committed 4352K, reserved 425984K
}
Event: 10.478 GC heap after
{Heap after GC invocations=6 (full 0):
 garbage-first heap   total 81920K, used 26572K [0x0000000080000000, 0x0000000100000000)
  region size 1024K, 6 young (6144K), 6 survivors (6144K)
 Metaspace       used 29399K, committed 29760K, reserved 491520K
  class space    used 4181K, committed 4352K, reserved 425984K
}
Event: 11.516 GC heap before
{Heap before GC invocations=6 (full 0):
 garbage-first heap   total 81920K, used 60364K [0x0000000080000000, 0x0000000100000000)
  region size 1024K, 40 young (40960K), 6 survivors (6144K)
 Metaspace       used 32784K, committed 33152K, reserved 491520K
  class space    used 4673K, committed 4864K, reserved 425984K
}
Event: 11.527 GC heap after
{Heap after GC invocations=7 (full 0):
 garbage-first heap   total 81920K, used 29635K [0x0000000080000000, 0x0000000100000000)
  region size 1024K, 4 young (4096K), 4 survivors (4096K)
 Metaspace       used 32784K, committed 33152K, reserved 491520K
  class space    used 4673K, committed 4864K, reserved 425984K
}
Event: 12.909 GC heap before
{Heap before GC invocations=7 (full 0):
 garbage-first heap   total 81920K, used 55235K [0x0000000080000000, 0x0000000100000000)
  region size 1024K, 31 young (31744K), 4 survivors (4096K)
 Metaspace       used 35785K, committed 36096K, reserved 491520K
  class space    used 5079K, committed 5248K, reserved 425984K
}
Event: 12.917 GC heap after
{Heap after GC invocations=8 (full 0):
 garbage-first heap   total 81920K, used 30744K [0x0000000080000000, 0x0000000100000000)
  region size 1024K, 3 young (3072K), 3 survivors (3072K)
 Metaspace       used 35785K, committed 36096K, reserved 491520K
  class space    used 5079K, committed 5248K, reserved 425984K
}
Event: 14.304 GC heap before
{Heap before GC invocations=9 (full 0):
 garbage-first heap   total 81920K, used 66584K [0x0000000080000000, 0x0000000100000000)
  region size 1024K, 34 young (34816K), 3 survivors (3072K)
 Metaspace       used 39565K, committed 40000K, reserved 491520K
  class space    used 5464K, committed 5696K, reserved 425984K
}
Event: 14.310 GC heap after
{Heap after GC invocations=10 (full 0):
 garbage-first heap   total 81920K, used 32913K [0x0000000080000000, 0x0000000100000000)
  region size 1024K, 5 young (5120K), 5 survivors (5120K)
 Metaspace       used 39565K, committed 40000K, reserved 491520K
  class space    used 5464K, committed 5696K, reserved 425984K
}
Event: 18.370 GC heap before
{Heap before GC invocations=10 (full 0):
 garbage-first heap   total 81920K, used 61585K [0x0000000080000000, 0x0000000100000000)
  region size 1024K, 34 young (34816K), 5 survivors (5120K)
 Metaspace       used 41684K, committed 42176K, reserved 491520K
  class space    used 5780K, committed 6016K, reserved 425984K
}
Event: 18.380 GC heap after
{Heap after GC invocations=11 (full 0):
 garbage-first heap   total 81920K, used 35176K [0x0000000080000000, 0x0000000100000000)
  region size 1024K, 5 young (5120K), 5 survivors (5120K)
 Metaspace       used 41684K, committed 42176K, reserved 491520K
  class space    used 5780K, committed 6016K, reserved 425984K
}
Event: 19.150 GC heap before
{Heap before GC invocations=11 (full 0):
 garbage-first heap   total 81920K, used 63848K [0x0000000080000000, 0x0000000100000000)
  region size 1024K, 33 young (33792K), 5 survivors (5120K)
 Metaspace       used 43515K, committed 43968K, reserved 491520K
  class space    used 6053K, committed 6272K, reserved 425984K
}
Event: 19.158 GC heap after
{Heap after GC invocations=12 (full 0):
 garbage-first heap   total 81920K, used 36024K [0x0000000080000000, 0x0000000100000000)
  region size 1024K, 4 young (4096K), 4 survivors (4096K)
 Metaspace       used 43515K, committed 43968K, reserved 491520K
  class space    used 6053K, committed 6272K, reserved 425984K
}

Dll operation events (15 events):
Event: 0.018 Loaded shared library C:\Program Files\Microsoft\jdk-17.0.10.7-hotspot\bin\java.dll
Event: 0.056 Loaded shared library C:\Program Files\Microsoft\jdk-17.0.10.7-hotspot\bin\jsvml.dll
Event: 0.156 Loaded shared library C:\Program Files\Microsoft\jdk-17.0.10.7-hotspot\bin\zip.dll
Event: 0.164 Loaded shared library C:\Program Files\Microsoft\jdk-17.0.10.7-hotspot\bin\instrument.dll
Event: 0.173 Loaded shared library C:\Program Files\Microsoft\jdk-17.0.10.7-hotspot\bin\net.dll
Event: 0.176 Loaded shared library C:\Program Files\Microsoft\jdk-17.0.10.7-hotspot\bin\nio.dll
Event: 0.183 Loaded shared library C:\Program Files\Microsoft\jdk-17.0.10.7-hotspot\bin\zip.dll
Event: 0.761 Loaded shared library C:\Program Files\Microsoft\jdk-17.0.10.7-hotspot\bin\jimage.dll
Event: 0.927 Loaded shared library C:\Program Files\Microsoft\jdk-17.0.10.7-hotspot\bin\verify.dll
Event: 1.341 Loaded shared library C:\Users\Muhammad Saad\.gradle\native\c067742578af261105cb4f569cf0c3c89f3d7b1fecec35dd04571415982c5e48\windows-amd64\native-platform.dll
Event: 1.361 Loaded shared library C:\Users\Muhammad Saad\.gradle\native\38dada09dfb8b06ba9b0570ebf7e218e3eb74d4ef43ca46872605cf95ebc2f47\windows-amd64\native-platform-file-events.dll
Event: 3.868 Loaded shared library C:\Program Files\Microsoft\jdk-17.0.10.7-hotspot\bin\management.dll
Event: 3.873 Loaded shared library C:\Program Files\Microsoft\jdk-17.0.10.7-hotspot\bin\management_ext.dll
Event: 4.343 Loaded shared library C:\Program Files\Microsoft\jdk-17.0.10.7-hotspot\bin\extnet.dll
Event: 4.858 Loaded shared library C:\Program Files\Microsoft\jdk-17.0.10.7-hotspot\bin\sunmscapi.dll

Deoptimization events (20 events):
Event: 19.495 Thread 0x000001f43e19e350 Uncommon trap: trap_request=0xffffff45 fr.pc=0x000001f40f59abd0 relative=0x0000000000000150
Event: 19.495 Thread 0x000001f43e19e350 Uncommon trap: reason=unstable_if action=reinterpret pc=0x000001f40f59abd0 method=java.net.URI.match(CJJ)Z @ 45 c2
Event: 19.495 Thread 0x000001f43e19e350 DEOPT PACKING pc=0x000001f40f59abd0 sp=0x00000095f4cf72f0
Event: 19.496 Thread 0x000001f43e19e350 DEOPT UNPACKING pc=0x000001f40efe69a3 sp=0x00000095f4cf7228 mode 2
Event: 19.500 Thread 0x000001f43e19e350 Uncommon trap: trap_request=0xffffff45 fr.pc=0x000001f40f556f34 relative=0x00000000000000b4
Event: 19.500 Thread 0x000001f43e19e350 Uncommon trap: reason=unstable_if action=reinterpret pc=0x000001f40f556f34 method=java.net.URI.match(CJJ)Z @ 45 c2
Event: 19.500 Thread 0x000001f43e19e350 DEOPT PACKING pc=0x000001f40f556f34 sp=0x00000095f4cf7230
Event: 19.500 Thread 0x000001f43e19e350 DEOPT UNPACKING pc=0x000001f40efe69a3 sp=0x00000095f4cf71b8 mode 2
Event: 19.519 Thread 0x000001f43e19e350 Uncommon trap: trap_request=0xffffffde fr.pc=0x000001f40f65af14 relative=0x0000000000000454
Event: 19.519 Thread 0x000001f43e19e350 Uncommon trap: reason=class_check action=maybe_recompile pc=0x000001f40f65af14 method=java.util.Collections$SetFromMap.remove(Ljava/lang/Object;)Z @ 5 c2
Event: 19.519 Thread 0x000001f43e19e350 DEOPT PACKING pc=0x000001f40f65af14 sp=0x00000095f4cf7c80
Event: 19.519 Thread 0x000001f43e19e350 DEOPT UNPACKING pc=0x000001f40efe69a3 sp=0x00000095f4cf7c68 mode 2
Event: 19.547 Thread 0x000001f43e19e350 Uncommon trap: trap_request=0xffffff45 fr.pc=0x000001f40f5d5714 relative=0x0000000000000914
Event: 19.547 Thread 0x000001f43e19e350 Uncommon trap: reason=unstable_if action=reinterpret pc=0x000001f40f5d5714 method=java.util.regex.Matcher.search(I)Z @ 76 c2
Event: 19.547 Thread 0x000001f43e19e350 DEOPT PACKING pc=0x000001f40f5d5714 sp=0x00000095f4cfb210
Event: 19.547 Thread 0x000001f43e19e350 DEOPT UNPACKING pc=0x000001f40efe69a3 sp=0x00000095f4cfb190 mode 2
Event: 19.547 Thread 0x000001f43e19e350 Uncommon trap: trap_request=0xffffff45 fr.pc=0x000001f40f6b14f8 relative=0x0000000000000818
Event: 19.547 Thread 0x000001f43e19e350 Uncommon trap: reason=unstable_if action=reinterpret pc=0x000001f40f6b14f8 method=java.util.regex.Matcher.search(I)Z @ 76 c2
Event: 19.547 Thread 0x000001f43e19e350 DEOPT PACKING pc=0x000001f40f6b14f8 sp=0x00000095f4cfb190
Event: 19.547 Thread 0x000001f43e19e350 DEOPT UNPACKING pc=0x000001f40efe69a3 sp=0x00000095f4cfb180 mode 2

Classes unloaded (0 events):
No events

Classes redefined (0 events):
No events

Internal exceptions (20 events):
Event: 18.304 Thread 0x000001f43e19e350 Exception <a 'java/lang/NoSuchMethodError'{0x0000000083417268}: 'java.lang.Object java.lang.invoke.Invokers$Holder.invoker(java.lang.Object, java.lang.Object, java.lang.Object, java.lang.Object)'> (0x0000000083417268) 
thrown [s\src\hotspot\share\interpreter\linkResolver.cpp, line 759]
Event: 18.322 Thread 0x000001f43e19e350 Exception <a 'java/lang/NoSuchMethodError'{0x00000000834881c0}: 'java.lang.Object java.lang.invoke.Invokers$Holder.invoker(java.lang.Object, java.lang.Object, java.lang.Object, java.lang.Object, java.lang.Object)'> (0x00000000834881c0) 
thrown [s\src\hotspot\share\interpreter\linkResolver.cpp, line 759]
Event: 18.329 Thread 0x000001f43e19e350 Exception <a 'java/lang/NoSuchMethodError'{0x00000000834a5e90}: 'java.lang.Object java.lang.invoke.DirectMethodHandle$Holder.invokeSpecial(java.lang.Object, java.lang.Object, java.lang.Object, java.lang.Object, java.lang.Object, java.lang.Object, java.lang.Object, java.lang.Object, java.lang.Object, java.lang.Object, java.lang.Object, java.lang.Object, java.lang.Object, java.lang.Object, java.lang.Object, java.lang.Object, java.lang.Object, java.lang.Object, java.lang.Object, java.lang.Object, java.lang.Ob
Event: 18.329 Thread 0x000001f43e19e350 Exception <a 'java/lang/NoSuchMethodError'{0x00000000834abe10}: 'java.lang.Object java.lang.invoke.DelegatingMethodHandle$Holder.reinvoke_L(java.lang.Object, java.lang.Object, java.lang.Object, java.lang.Object, java.lang.Object, java.lang.Object, java.lang.Object, java.lang.Object, java.lang.Object, java.lang.Object, java.lang.Object, java.lang.Object, java.lang.Object, java.lang.Object, java.lang.Object, java.lang.Object, java.lang.Object, java.lang.Object, java.lang.Object, java.lang.Object, java.lang.O
Event: 18.331 Thread 0x000001f43e19e350 Exception <a 'java/lang/NoSuchMethodError'{0x00000000834b7c70}: 'java.lang.Object java.lang.invoke.Invokers$Holder.invoker(java.lang.Object, java.lang.Object, java.lang.Object, java.lang.Object, java.lang.Object, java.lang.Object, java.lang.Object, java.lang.Object, java.lang.Object, java.lang.Object, java.lang.Object, java.lang.Object, java.lang.Object, java.lang.Object, java.lang.Object, java.lang.Object, java.lang.Object, java.lang.Object, java.lang.Object, java.lang.Object, java.lang.Object, java.lang.
Event: 18.332 Thread 0x000001f43e19e350 Exception <a 'java/lang/NoSuchMethodError'{0x00000000834beb20}: 'java.lang.Object java.lang.invoke.DelegatingMethodHandle$Holder.delegate(java.lang.Object, java.lang.Object, java.lang.Object, java.lang.Object, java.lang.Object, java.lang.Object, java.lang.Object, java.lang.Object, java.lang.Object, java.lang.Object, java.lang.Object, java.lang.Object, java.lang.Object, java.lang.Object, java.lang.Object, java.lang.Object, java.lang.Object, java.lang.Object, java.lang.Object, java.lang.Object, java.lang.Obj
Event: 18.347 Thread 0x000001f43e19e350 Exception <a 'java/lang/NoSuchMethodError'{0x0000000083338f00}: 'java.lang.Object java.lang.invoke.DirectMethodHandle$Holder.invokeStatic(java.lang.Object, java.lang.Object, java.lang.Object, java.lang.Object, java.lang.Object, java.lang.Object, java.lang.Object, java.lang.Object, java.lang.Object, java.lang.Object, java.lang.Object, java.lang.Object, java.lang.Object, java.lang.Object, java.lang.Object, java.lang.Object, java.lang.Object)'> (0x0000000083338f00) 
thrown [s\src\hotspot\share\interpreter\lin
Event: 18.352 Thread 0x000001f43e19e350 Exception <a 'java/lang/NoSuchMethodError'{0x0000000083362270}: 'java.lang.Object java.lang.invoke.DirectMethodHandle$Holder.invokeStatic(java.lang.Object, java.lang.Object, java.lang.Object, java.lang.Object, java.lang.Object, java.lang.Object, java.lang.Object, java.lang.Object, java.lang.Object, java.lang.Object, java.lang.Object, java.lang.Object, java.lang.Object, java.lang.Object, java.lang.Object, java.lang.Object, java.lang.Object, java.lang.Object)'> (0x0000000083362270) 
thrown [s\src\hotspot\sha
Event: 18.357 Thread 0x000001f43e19e350 Exception <a 'java/lang/NoSuchMethodError'{0x000000008338cb18}: 'java.lang.Object java.lang.invoke.DirectMethodHandle$Holder.invokeStatic(java.lang.Object, java.lang.Object, java.lang.Object, java.lang.Object, java.lang.Object, java.lang.Object, java.lang.Object, java.lang.Object, java.lang.Object, java.lang.Object, java.lang.Object, java.lang.Object, java.lang.Object, java.lang.Object, java.lang.Object, java.lang.Object, java.lang.Object, java.lang.Object, java.lang.Object)'> (0x000000008338cb18) 
thrown 
Event: 18.361 Thread 0x000001f43e19e350 Exception <a 'java/lang/NoSuchMethodError'{0x00000000833b7e00}: 'java.lang.Object java.lang.invoke.DirectMethodHandle$Holder.invokeStatic(java.lang.Object, java.lang.Object, java.lang.Object, java.lang.Object, java.lang.Object, java.lang.Object, java.lang.Object, java.lang.Object, java.lang.Object, java.lang.Object, java.lang.Object, java.lang.Object, java.lang.Object, java.lang.Object, java.lang.Object, java.lang.Object, java.lang.Object, java.lang.Object, java.lang.Object, java.lang.Object)'> (0x00000000
Event: 18.366 Thread 0x000001f43e19e350 Exception <a 'java/lang/NoSuchMethodError'{0x00000000833e41e0}: 'java.lang.Object java.lang.invoke.DirectMethodHandle$Holder.invokeStatic(java.lang.Object, java.lang.Object, java.lang.Object, java.lang.Object, java.lang.Object, java.lang.Object, java.lang.Object, java.lang.Object, java.lang.Object, java.lang.Object, java.lang.Object, java.lang.Object, java.lang.Object, java.lang.Object, java.lang.Object, java.lang.Object, java.lang.Object, java.lang.Object, java.lang.Object, java.lang.Object, java.lang.Obj
Event: 18.382 Thread 0x000001f43e19e350 Exception <a 'java/lang/NoSuchMethodError'{0x000000008bb120c8}: 'java.lang.Object java.lang.invoke.DirectMethodHandle$Holder.invokeStatic(java.lang.Object, java.lang.Object, java.lang.Object, java.lang.Object, java.lang.Object, java.lang.Object, java.lang.Object, java.lang.Object, java.lang.Object, java.lang.Object, java.lang.Object, java.lang.Object, java.lang.Object, java.lang.Object, java.lang.Object, java.lang.Object, java.lang.Object, java.lang.Object, java.lang.Object, java.lang.Object, java.lang.Obj
Event: 18.387 Thread 0x000001f43e19e350 Exception <a 'java/lang/NoSuchMethodError'{0x000000008bb400b8}: 'java.lang.Object java.lang.invoke.DirectMethodHandle$Holder.invokeStatic(java.lang.Object, java.lang.Object, java.lang.Object, java.lang.Object, java.lang.Object, java.lang.Object, java.lang.Object, java.lang.Object, java.lang.Object, java.lang.Object, java.lang.Object, java.lang.Object, java.lang.Object, java.lang.Object, java.lang.Object, java.lang.Object, java.lang.Object, java.lang.Object, java.lang.Object, java.lang.Object, java.lang.Obj
Event: 18.392 Thread 0x000001f43e19e350 Exception <a 'java/lang/NoSuchMethodError'{0x000000008bb6fc38}: 'java.lang.Object java.lang.invoke.DirectMethodHandle$Holder.invokeStatic(java.lang.Object, java.lang.Object, java.lang.Object, java.lang.Object, java.lang.Object, java.lang.Object, java.lang.Object, java.lang.Object, java.lang.Object, java.lang.Object, java.lang.Object, java.lang.Object, java.lang.Object, java.lang.Object, java.lang.Object, java.lang.Object, java.lang.Object, java.lang.Object, java.lang.Object, java.lang.Object, java.lang.Obj
Event: 18.399 Thread 0x000001f43e19e350 Exception <a 'java/lang/NoSuchMethodError'{0x000000008bba7488}: 'java.lang.Object java.lang.invoke.DirectMethodHandle$Holder.invokeStatic(java.lang.Object, java.lang.Object, java.lang.Object, java.lang.Object, java.lang.Object, java.lang.Object, java.lang.Object, java.lang.Object, java.lang.Object, java.lang.Object, java.lang.Object, java.lang.Object, java.lang.Object, java.lang.Object, java.lang.Object, java.lang.Object, java.lang.Object, java.lang.Object, java.lang.Object, java.lang.Object, java.lang.Obj
Event: 18.705 Thread 0x000001f43e19e350 Exception <a 'java/lang/IncompatibleClassChangeError'{0x0000000083fb80d8}: Found class java.lang.Object, but interface was expected> (0x0000000083fb80d8) 
thrown [s\src\hotspot\share\interpreter\linkResolver.cpp, line 826]
Event: 18.814 Thread 0x000001f43e19e350 Exception <a 'java/lang/NoSuchMethodError'{0x0000000083d71fb0}: 'java.lang.Object java.lang.invoke.DirectMethodHandle$Holder.invokeVirtual(java.lang.Object, java.lang.Object, int)'> (0x0000000083d71fb0) 
thrown [s\src\hotspot\share\interpreter\linkResolver.cpp, line 759]
Event: 18.988 Thread 0x000001f43e19e350 Exception <a 'java/lang/NoSuchMethodError'{0x00000000839ac7b8}: 'int java.lang.invoke.DirectMethodHandle$Holder.invokeInterface(java.lang.Object, java.lang.Object, java.lang.Object, java.lang.Object)'> (0x00000000839ac7b8) 
thrown [s\src\hotspot\share\interpreter\linkResolver.cpp, line 759]
Event: 19.519 Thread 0x000001f43e19e350 Exception <a 'java/lang/OutOfMemoryError'{0x00000000846cae80}> (0x00000000846cae80) 
thrown [s\src\hotspot\share\prims\jni.cpp, line 535]
Event: 19.563 Thread 0x000001f43e19e350 Exception <a 'java/lang/NoSuchMethodError'{0x00000000845459c8}: 'java.lang.Object java.lang.invoke.DirectMethodHandle$Holder.newInvokeSpecial(java.lang.Object, int, java.lang.Object)'> (0x00000000845459c8) 
thrown [s\src\hotspot\share\interpreter\linkResolver.cpp, line 759]

VM Operations (20 events):
Event: 15.407 Executing VM operation: Cleanup
Event: 15.407 Executing VM operation: Cleanup done
Event: 16.413 Executing VM operation: Cleanup
Event: 16.413 Executing VM operation: Cleanup done
Event: 18.370 Executing VM operation: G1CollectForAllocation
Event: 18.381 Executing VM operation: G1CollectForAllocation done
Event: 18.709 Executing VM operation: HandshakeAllThreads
Event: 18.709 Executing VM operation: HandshakeAllThreads done
Event: 18.954 Executing VM operation: HandshakeAllThreads
Event: 18.954 Executing VM operation: HandshakeAllThreads done
Event: 18.983 Executing VM operation: HandshakeAllThreads
Event: 18.984 Executing VM operation: HandshakeAllThreads done
Event: 19.121 Executing VM operation: HandshakeAllThreads
Event: 19.121 Executing VM operation: HandshakeAllThreads done
Event: 19.150 Executing VM operation: G1CollectForAllocation
Event: 19.158 Executing VM operation: G1CollectForAllocation done
Event: 19.533 Executing VM operation: HandshakeAllThreads
Event: 19.533 Executing VM operation: HandshakeAllThreads done
Event: 19.581 Executing VM operation: HandshakeAllThreads
Event: 19.581 Executing VM operation: HandshakeAllThreads done

Events (20 events):
Event: 18.853 loading class jdk/internal/loader/URLClassPath$FileLoader done
Event: 18.855 loading class jdk/internal/loader/URLClassPath$FileLoader$1
Event: 18.855 loading class jdk/internal/loader/URLClassPath$FileLoader$1 done
Event: 19.027 Thread 0x000001f43d30f660 Thread exited: 0x000001f43d30f660
Event: 19.267 loading class java/util/concurrent/atomic/AtomicReferenceFieldUpdater
Event: 19.267 loading class java/util/concurrent/atomic/AtomicReferenceFieldUpdater done
Event: 19.267 loading class java/util/concurrent/atomic/AtomicReferenceFieldUpdater$AtomicReferenceFieldUpdaterImpl
Event: 19.268 loading class java/util/concurrent/atomic/AtomicReferenceFieldUpdater$AtomicReferenceFieldUpdaterImpl done
Event: 19.269 loading class java/util/concurrent/atomic/AtomicReferenceFieldUpdater$AtomicReferenceFieldUpdaterImpl$1
Event: 19.269 loading class java/util/concurrent/atomic/AtomicReferenceFieldUpdater$AtomicReferenceFieldUpdaterImpl$1 done
Event: 19.302 Thread 0x000001f43d30ebc0 Thread exited: 0x000001f43d30ebc0
Event: 19.338 Thread 0x000001f43d30f660 Thread added: 0x000001f43d30f660
Event: 19.511 loading class java/io/DeleteOnExitHook
Event: 19.511 loading class java/io/DeleteOnExitHook done
Event: 19.511 loading class java/io/DeleteOnExitHook$1
Event: 19.511 loading class java/io/DeleteOnExitHook$1 done
Event: 19.520 loading class java/lang/StackTraceElement$HashedModules
Event: 19.524 loading class java/lang/StackTraceElement$HashedModules done
Event: 19.548 loading class java/util/logging/LogRecord
Event: 19.549 loading class java/util/logging/LogRecord done


Dynamic libraries:
0x00007ff640a80000 - 0x00007ff640a8e000 	C:\Program Files\Microsoft\jdk-17.0.10.7-hotspot\bin\java.exe
0x00007ffeacbb0000 - 0x00007ffeacdc6000 	C:\WINDOWS\SYSTEM32\ntdll.dll
0x00007ffeaa940000 - 0x00007ffeaaa04000 	C:\WINDOWS\System32\KERNEL32.DLL
0x00007ffeaa020000 - 0x00007ffeaa3c7000 	C:\WINDOWS\System32\KERNELBASE.dll
0x00007ffea9f00000 - 0x00007ffeaa011000 	C:\WINDOWS\System32\ucrtbase.dll
0x00007ffe9a9d0000 - 0x00007ffe9a9e7000 	C:\Program Files\Microsoft\jdk-17.0.10.7-hotspot\bin\jli.dll
0x00007ffe9a8b0000 - 0x00007ffe9a8cb000 	C:\Program Files\Microsoft\jdk-17.0.10.7-hotspot\bin\VCRUNTIME140.dll
0x00007ffeaac70000 - 0x00007ffeaae1e000 	C:\WINDOWS\System32\USER32.dll
0x00007ffeaa3d0000 - 0x00007ffeaa3f6000 	C:\WINDOWS\System32\win32u.dll
0x00007ffeaaac0000 - 0x00007ffeaaae9000 	C:\WINDOWS\System32\GDI32.dll
0x00007ffeaa400000 - 0x00007ffeaa519000 	C:\WINDOWS\System32\gdi32full.dll
0x00007ffeaa520000 - 0x00007ffeaa5ba000 	C:\WINDOWS\System32\msvcp_win.dll
0x00007ffe95bc0000 - 0x00007ffe95e53000 	C:\WINDOWS\WinSxS\amd64_microsoft.windows.common-controls_6595b64144ccf1df_6.0.22621.3235_none_270f74e173860f98\COMCTL32.dll
0x00007ffeaaa10000 - 0x00007ffeaaab7000 	C:\WINDOWS\System32\msvcrt.dll
0x00007ffeab6c0000 - 0x00007ffeab6f1000 	C:\WINDOWS\System32\IMM32.DLL
0x00007ffea4e00000 - 0x00007ffea4e0c000 	C:\Program Files\Microsoft\jdk-17.0.10.7-hotspot\bin\vcruntime140_1.dll
0x00007ffe8aa80000 - 0x00007ffe8ab0d000 	C:\Program Files\Microsoft\jdk-17.0.10.7-hotspot\bin\msvcp140.dll
0x00007ffe55c80000 - 0x00007ffe568e5000 	C:\Program Files\Microsoft\jdk-17.0.10.7-hotspot\bin\server\jvm.dll
0x00007ffeaabb0000 - 0x00007ffeaac62000 	C:\WINDOWS\System32\ADVAPI32.dll
0x00007ffeaaaf0000 - 0x00007ffeaab98000 	C:\WINDOWS\System32\sechost.dll
0x00007ffea9ed0000 - 0x00007ffea9ef8000 	C:\WINDOWS\System32\bcrypt.dll
0x00007ffeabdc0000 - 0x00007ffeabed5000 	C:\WINDOWS\System32\RPCRT4.dll
0x00007ffea9da0000 - 0x00007ffea9ded000 	C:\WINDOWS\SYSTEM32\POWRPROF.dll
0x00007ffe95610000 - 0x00007ffe95619000 	C:\WINDOWS\SYSTEM32\WSOCK32.dll
0x00007ffea3dc0000 - 0x00007ffea3df4000 	C:\WINDOWS\SYSTEM32\WINMM.dll
0x00007ffeaaea0000 - 0x00007ffeaaf11000 	C:\WINDOWS\System32\WS2_32.dll
0x00007ffe9e820000 - 0x00007ffe9e82a000 	C:\WINDOWS\SYSTEM32\VERSION.dll
0x00007ffea9cd0000 - 0x00007ffea9ce3000 	C:\WINDOWS\SYSTEM32\UMPDC.dll
0x00007ffea8f10000 - 0x00007ffea8f28000 	C:\WINDOWS\SYSTEM32\kernel.appcore.dll
0x00007ffea4960000 - 0x00007ffea496a000 	C:\Program Files\Microsoft\jdk-17.0.10.7-hotspot\bin\jimage.dll
0x00007ffe984c0000 - 0x00007ffe986f3000 	C:\WINDOWS\SYSTEM32\DBGHELP.DLL
0x00007ffeab230000 - 0x00007ffeab5b8000 	C:\WINDOWS\System32\combase.dll
0x00007ffeab140000 - 0x00007ffeab217000 	C:\WINDOWS\System32\OLEAUT32.dll
0x00007ffe944a0000 - 0x00007ffe944d2000 	C:\WINDOWS\SYSTEM32\dbgcore.DLL
0x00007ffeaa7f0000 - 0x00007ffeaa869000 	C:\WINDOWS\System32\bcryptPrimitives.dll
0x00007ffe991b0000 - 0x00007ffe991be000 	C:\Program Files\Microsoft\jdk-17.0.10.7-hotspot\bin\instrument.dll
0x00007ffe8e560000 - 0x00007ffe8e585000 	C:\Program Files\Microsoft\jdk-17.0.10.7-hotspot\bin\java.dll
0x00007ffe775f0000 - 0x00007ffe776c7000 	C:\Program Files\Microsoft\jdk-17.0.10.7-hotspot\bin\jsvml.dll
0x00007ffeac310000 - 0x00007ffeacb6c000 	C:\WINDOWS\System32\SHELL32.dll
0x00007ffea7e20000 - 0x00007ffea8719000 	C:\WINDOWS\SYSTEM32\windows.storage.dll
0x00007ffea7ce0000 - 0x00007ffea7e1e000 	C:\WINDOWS\SYSTEM32\wintypes.dll
0x00007ffeabf10000 - 0x00007ffeac003000 	C:\WINDOWS\System32\SHCORE.dll
0x00007ffeaa8e0000 - 0x00007ffeaa93e000 	C:\WINDOWS\System32\shlwapi.dll
0x00007ffea9e00000 - 0x00007ffea9e21000 	C:\WINDOWS\SYSTEM32\profapi.dll
0x00007ffe96110000 - 0x00007ffe96128000 	C:\Program Files\Microsoft\jdk-17.0.10.7-hotspot\bin\zip.dll
0x00007ffe97be0000 - 0x00007ffe97bf9000 	C:\Program Files\Microsoft\jdk-17.0.10.7-hotspot\bin\net.dll
0x00007ffea3aa0000 - 0x00007ffea3bd6000 	C:\WINDOWS\SYSTEM32\WINHTTP.dll
0x00007ffea9380000 - 0x00007ffea93e9000 	C:\WINDOWS\system32\mswsock.dll
0x00007ffe96270000 - 0x00007ffe96286000 	C:\Program Files\Microsoft\jdk-17.0.10.7-hotspot\bin\nio.dll
0x00007ffea4840000 - 0x00007ffea4850000 	C:\Program Files\Microsoft\jdk-17.0.10.7-hotspot\bin\verify.dll
0x00007ffe8bdc0000 - 0x00007ffe8bde7000 	C:\Users\Muhammad Saad\.gradle\native\c067742578af261105cb4f569cf0c3c89f3d7b1fecec35dd04571415982c5e48\windows-amd64\native-platform.dll
0x00007ffe73d00000 - 0x00007ffe73e44000 	C:\Users\Muhammad Saad\.gradle\native\38dada09dfb8b06ba9b0570ebf7e218e3eb74d4ef43ca46872605cf95ebc2f47\windows-amd64\native-platform-file-events.dll
0x00007ffea1bc0000 - 0x00007ffea1bc9000 	C:\Program Files\Microsoft\jdk-17.0.10.7-hotspot\bin\management.dll
0x00007ffe9eca0000 - 0x00007ffe9ecab000 	C:\Program Files\Microsoft\jdk-17.0.10.7-hotspot\bin\management_ext.dll
0x00007ffeaaba0000 - 0x00007ffeaaba8000 	C:\WINDOWS\System32\PSAPI.DLL
0x00007ffea95e0000 - 0x00007ffea95fb000 	C:\WINDOWS\SYSTEM32\CRYPTSP.dll
0x00007ffea8e70000 - 0x00007ffea8ea5000 	C:\WINDOWS\system32\rsaenh.dll
0x00007ffea9480000 - 0x00007ffea94a8000 	C:\WINDOWS\SYSTEM32\USERENV.dll
0x00007ffea9600000 - 0x00007ffea960c000 	C:\WINDOWS\SYSTEM32\CRYPTBASE.dll
0x00007ffea89c0000 - 0x00007ffea89ed000 	C:\WINDOWS\SYSTEM32\IPHLPAPI.DLL
0x00007ffeab220000 - 0x00007ffeab229000 	C:\WINDOWS\System32\NSI.dll
0x00007ffea3da0000 - 0x00007ffea3db9000 	C:\WINDOWS\SYSTEM32\dhcpcsvc6.DLL
0x00007ffea3d20000 - 0x00007ffea3d3f000 	C:\WINDOWS\SYSTEM32\dhcpcsvc.DLL
0x00007ffea89f0000 - 0x00007ffea8ae9000 	C:\WINDOWS\SYSTEM32\DNSAPI.dll
0x00007ffe9a630000 - 0x00007ffe9a639000 	C:\Program Files\Microsoft\jdk-17.0.10.7-hotspot\bin\extnet.dll
0x00007ffe989b0000 - 0x00007ffe989be000 	C:\Program Files\Microsoft\jdk-17.0.10.7-hotspot\bin\sunmscapi.dll
0x00007ffeaa5c0000 - 0x00007ffeaa727000 	C:\WINDOWS\System32\CRYPT32.dll
0x00007ffea97a0000 - 0x00007ffea97ce000 	C:\WINDOWS\SYSTEM32\ncrypt.dll
0x00007ffea9760000 - 0x00007ffea9797000 	C:\WINDOWS\SYSTEM32\NTASN1.dll
0x00007ffe98730000 - 0x00007ffe98738000 	C:\WINDOWS\system32\wshunix.dll

dbghelp: loaded successfully - version: 4.0.5 - missing functions: none
symbol engine: initialized successfully - sym options: 0x614 - pdb path: .;C:\Program Files\Microsoft\jdk-17.0.10.7-hotspot\bin;C:\WINDOWS\SYSTEM32;C:\WINDOWS\WinSxS\amd64_microsoft.windows.common-controls_6595b64144ccf1df_6.0.22621.3235_none_270f74e173860f98;C:\Program Files\Microsoft\jdk-17.0.10.7-hotspot\bin\server;C:\Users\Muhammad Saad\.gradle\native\c067742578af261105cb4f569cf0c3c89f3d7b1fecec35dd04571415982c5e48\windows-amd64;C:\Users\Muhammad Saad\.gradle\native\38dada09dfb8b06ba9b0570ebf7e218e3eb74d4ef43ca46872605cf95ebc2f47\windows-amd64

VM Arguments:
jvm_args: -XX:MaxMetaspaceSize=512m --add-opens=java.base/java.util=ALL-UNNAMED --add-opens=java.base/java.lang=ALL-UNNAMED --add-opens=java.base/java.lang.invoke=ALL-UNNAMED --add-opens=java.prefs/java.util.prefs=ALL-UNNAMED --add-opens=java.base/java.nio.charset=ALL-UNNAMED --add-opens=java.base/java.net=ALL-UNNAMED --add-opens=java.base/java.util.concurrent.atomic=ALL-UNNAMED -Xmx2048m -Dfile.encoding=windows-1252 -Duser.country=US -Duser.language=en -Duser.variant -javaagent:C:\Users\Muhammad Saad\.gradle\wrapper\dists\gradle-8.6-all\3mbtmo166bl6vumsh5k2lkq5h\gradle-8.6\lib\agents\gradle-instrumentation-agent-8.6.jar 
java_command: org.gradle.launcher.daemon.bootstrap.GradleDaemon 8.6
java_class_path (initial): C:\Users\Muhammad Saad\.gradle\wrapper\dists\gradle-8.6-all\3mbtmo166bl6vumsh5k2lkq5h\gradle-8.6\lib\gradle-launcher-8.6.jar
Launcher Type: SUN_STANDARD

[Global flags]
     intx CICompilerCount                          = 4                                         {product} {ergonomic}
   size_t CompressedClassSpaceSize                 = 436207616                                 {product} {ergonomic}
     uint ConcGCThreads                            = 2                                         {product} {ergonomic}
     uint G1ConcRefinementThreads                  = 8                                         {product} {ergonomic}
   size_t G1HeapRegionSize                         = 1048576                                   {product} {ergonomic}
    uintx GCDrainStackTargetSize                   = 64                                        {product} {ergonomic}
   size_t InitialHeapSize                          = 197132288                                 {product} {ergonomic}
   size_t MarkStackSize                            = 4194304                                   {product} {ergonomic}
   size_t MaxHeapSize                              = 2147483648                                {product} {command line}
   size_t MaxMetaspaceSize                         = 536870912                                 {product} {command line}
   size_t MaxNewSize                               = 1287651328                                {product} {ergonomic}
   size_t MinHeapDeltaBytes                        = 1048576                                   {product} {ergonomic}
   size_t MinHeapSize                              = 8388608                                   {product} {ergonomic}
    uintx NonNMethodCodeHeapSize                   = 5839372                                {pd product} {ergonomic}
    uintx NonProfiledCodeHeapSize                  = 122909434                              {pd product} {ergonomic}
    uintx ProfiledCodeHeapSize                     = 122909434                              {pd product} {ergonomic}
    uintx ReservedCodeCacheSize                    = 251658240                              {pd product} {ergonomic}
     bool SegmentedCodeCache                       = true                                      {product} {ergonomic}
   size_t SoftMaxHeapSize                          = 2147483648                             {manageable} {ergonomic}
     bool UseCompressedClassPointers               = true                           {product lp64_product} {ergonomic}
     bool UseCompressedOops                        = true                           {product lp64_product} {ergonomic}
     bool UseG1GC                                  = true                                      {product} {ergonomic}
     bool UseLargePagesIndividualAllocation        = false                                  {pd product} {ergonomic}

Logging:
Log output configuration:
 #0: stdout all=warning uptime,level,tags
 #1: stderr all=off uptime,level,tags

Environment Variables:
JAVA_HOME=C:\Program Files\Microsoft\jdk-17.0.10.7-hotspot\
CLASSPATH=M:\React Practice\School Management\SchoolManagement\android\\gradle\wrapper\gradle-wrapper.jar
PATH=M:\React Practice\School Management\SchoolManagement\node_modules\.bin;M:\React Practice\School Management\node_modules\.bin;M:\React Practice\node_modules\.bin;M:\node_modules\.bin;C:\Program Files\nodejs\node_modules\npm\node_modules\@npmcli\run-script\lib\node-gyp-bin;C:\Users\Muhammad Saad\bin;C:\Program Files\Git\mingw64\bin;C:\Program Files\Git\usr\local\bin;C:\Program Files\Git\usr\bin;C:\Program Files\Git\usr\bin;C:\Program Files\Git\mingw64\bin;C:\Program Files\Git\usr\bin;C:\Users\Muhammad Saad\bin;C:\Program Files\Microsoft\jdk-17.0.10.7-hotspot\bin;C:\Program Files\Common Files\Oracle\Java\javapath;C:\WINDOWS\system32;C:\WINDOWS;C:\WINDOWS\System32\Wbem;C:\WINDOWS\System32\WindowsPowerShell\v1.0;C:\WINDOWS\System32\OpenSSH;C:\Program Files\MongoDB\Server\6.0\bin;C:\Program Files\Java\jdk-20\bin;C:\Program Files\Common Files\Oracle\Java\javapath;C:\Program Files\Git\cmd;C:\Users\Muhammad Saad\AppData\Local\Packages\PythonSoftwareFoundation.Python.3.11_qbz5n2kfra8p0\LocalCache\local-packages\Python311\Scripts;C:\xampp\php;C:\ProgramData\ComposerSetup\bin;C:\ProgramData\chocolatey\bin;C:\Users\Muhammad Saad\AppData\Local\Android\Sdk\platform-tools;C:\Program Files\nodejs;C:\Program Files\MySQL\MySQL Shell 8.0\bin;C:\Users\Muhammad Saad\AppData\Local\Microsoft\WindowsApps;C:\Users\Muhammad Saad\AppData\Local\Programs\Microsoft VS Code\bin;C:\Program Files\apache-maven-3.9.2\bin;C:\Program Files\heroku\bin;C:\Users\Muhammad Saad\AppData\Roaming\Composer\vendor\bin;C:\Users\Muhammad Saad\AppData\Roaming\npm;C:\Program Files\Git\usr\bin\vendor_perl;C:\Program Files\Git\usr\bin\core_perl
USERNAME=Muhammad Saad
SHELL=C:\Program Files\Git\usr\bin\bash.exe
DISPLAY=needs-to-be-defined
LANG=en_US.UTF-8
TERM=xterm-256color
TMPDIR=C:\Users\MUHAMM~1\AppData\Local\Temp
OS=Windows_NT
PROCESSOR_IDENTIFIER=Intel64 Family 6 Model 142 Stepping 10, GenuineIntel
TMP=C:\Users\MUHAMM~1\AppData\Local\Temp
TEMP=C:\Users\MUHAMM~1\AppData\Local\Temp



Periodic native trim disabled


---------------  S Y S T E M  ---------------

OS:
 Windows 11 , 64 bit Build 22621 (10.0.22621.3374)
OS uptime: 13 days 18:21 hours
Hyper-V role detected

CPU: total 8 (initial active 8) (4 cores per cpu, 2 threads per core) family 6 model 142 stepping 10 microcode 0xe0, cx8, cmov, fxsr, ht, mmx, 3dnowpref, sse, sse2, sse3, ssse3, sse4.1, sse4.2, popcnt, lzcnt, tsc, tscinvbit, avx, avx2, aes, erms, clmul, bmi1, bmi2, adx, fma, vzeroupper, clflush, clflushopt, hv
Processor Information for processor 0
  Max Mhz: 2001, Current Mhz: 2001, Mhz Limit: 2001
Processor Information for processor 1
  Max Mhz: 2001, Current Mhz: 2001, Mhz Limit: 2001
Processor Information for processor 2
  Max Mhz: 2001, Current Mhz: 1500, Mhz Limit: 2001
Processor Information for processor 3
  Max Mhz: 2001, Current Mhz: 1500, Mhz Limit: 2001
Processor Information for processor 4
  Max Mhz: 2001, Current Mhz: 2001, Mhz Limit: 2001
Processor Information for processor 5
  Max Mhz: 2001, Current Mhz: 2001, Mhz Limit: 2001
Processor Information for processor 6
  Max Mhz: 2001, Current Mhz: 1500, Mhz Limit: 2001
Processor Information for processor 7
  Max Mhz: 2001, Current Mhz: 1500, Mhz Limit: 2001

Memory: 4k page, system-wide physical 11969M (2000M free)
TotalPageFile size 15911M (AvailPageFile size 127M)
current process WorkingSet (physical memory assigned to process): 247M, peak: 255M
current process commit charge ("private bytes"): 285M, peak: 360M

vm_info: OpenJDK 64-Bit Server VM (17.0.10+7-LTS) for windows-amd64 JRE (17.0.10+7-LTS), built on Jan 10 2024 19:47:12 by "MicrosoftCorporation" with MS VC++ 16.10 / 16.11 (VS2019)

END.
